SF:/home/runner/work/SGuard/SGuard/guard/src/Callbacks/SGuardCallback.cs
FN:26,SGuard.SGuardCallback SGuard.SGuardCallbacks::OnSuccess(System.Action)
FNDA:15,SGuard.SGuardCallback SGuard.SGuardCallbacks::OnSuccess(System.Action)
DA:27,15
FN:32,SGuard.SGuardCallback SGuard.SGuardCallbacks::OnFailure(System.Action)
FNDA:16,SGuard.SGuardCallback SGuard.SGuardCallbacks::OnFailure(System.Action)
DA:33,16
LF:2
LH:2
BRF:0
BRH:0
FNF:2
FNH:2
end_of_record
SF:/home/runner/work/SGuard/SGuard/guard/src/Common/ExceptionActivator.cs
FN:33,TException SGuard.ExceptionActivator::Create(System.Object[])
FNDA:23,TException SGuard.ExceptionActivator::Create(System.Object[])
DA:34,23
DA:35,23
DA:37,2
DA:39,2
DA:40,2
DA:42,20
BRDA:34,12,0,6
BRDA:34,12,1,23
BRDA:34,36,0,0
BRDA:34,36,1,20
LF:6
LH:6
BRF:4
BRH:3
FNF:1
FNH:1
end_of_record
SF:/home/runner/work/SGuard/SGuard/guard/src/Common/Throw.cs
FN:34,System.Void SGuard.Throw::BetweenException(TValue,TMin,TMax)
FNDA:10,System.Void SGuard.Throw::BetweenException(TValue,TMin,TMax)
DA:35,10
FN:46,System.Void SGuard.Throw::NullOrEmptyException(T)
FNDA:8,System.Void SGuard.Throw::NullOrEmptyException(T)
DA:47,8
FN:62,System.Void SGuard.Throw::GreaterThanException(TLeft,TRight)
FNDA:5,System.Void SGuard.Throw::GreaterThanException(TLeft,TRight)
DA:63,5
FN:79,System.Void SGuard.Throw::GreaterThanOrEqualException(TLeft,TRight)
FNDA:4,System.Void SGuard.Throw::GreaterThanOrEqualException(TLeft,TRight)
DA:80,4
FN:96,System.Void SGuard.Throw::LessThanException(TLeft,TRight)
FNDA:8,System.Void SGuard.Throw::LessThanException(TLeft,TRight)
DA:97,8
FN:113,System.Void SGuard.Throw::LessThanOrEqualException(TLeft,TRight)
FNDA:4,System.Void SGuard.Throw::LessThanOrEqualException(TLeft,TRight)
DA:114,4
FN:127,System.Void SGuard.Throw::That(TException)
FNDA:42,System.Void SGuard.Throw::That(TException)
DA:128,42
LF:7
LH:7
BRF:0
BRH:0
FNF:7
FNH:7
end_of_record
SF:/home/runner/work/SGuard/SGuard/guard/src/Guards/All/Is.All.cs
FN:19,System.Boolean SGuard.Is::All(System.Collections.Generic.IEnumerable`1<T>,System.Func`2<T,System.Boolean>,SGuard.SGuardCallback)
FNDA:8,System.Boolean SGuard.Is::All(System.Collections.Generic.IEnumerable`1<T>,System.Func`2<T,System.Boolean>,SGuard.SGuardCallback)
DA:20,8
DA:21,7
DA:23,6
DA:25,6
DA:27,6
LF:5
LH:5
BRF:0
BRH:0
FNF:1
FNH:1
end_of_record
SF:/home/runner/work/SGuard/SGuard/guard/src/Guards/Any/Is.Any.cs
FN:23,System.Boolean SGuard.Is::Any(System.Collections.Generic.IEnumerable`1<T>,System.Func`2<T,System.Boolean>,SGuard.SGuardCallback)
FNDA:55,System.Boolean SGuard.Is::Any(System.Collections.Generic.IEnumerable`1<T>,System.Func`2<T,System.Boolean>,SGuard.SGuardCallback)
DA:24,55
DA:25,53
DA:27,52
DA:29,52
DA:31,52
LF:5
LH:5
BRF:0
BRH:0
FNF:1
FNH:1
end_of_record
SF:/home/runner/work/SGuard/SGuard/guard/src/Guards/Between/Is.Between.cs
FN:32,System.Boolean SGuard.Is::Between(TValue,TMin,TMax,SGuard.SGuardCallback)
FNDA:100059,System.Boolean SGuard.Is::Between(TValue,TMin,TMax,SGuard.SGuardCallback)
DA:33,100059
DA:34,100059
DA:35,100059
DA:37,100059
DA:39,100059
DA:41,100059
BRDA:37,63,0,100043
BRDA:37,63,1,16
FN:55,System.Boolean SGuard.Is::Between(System.String,System.String,System.String,System.StringComparison,SGuard.SGuardCallback)
FNDA:11,System.Boolean SGuard.Is::Between(System.String,System.String,System.String,System.StringComparison,SGuard.SGuardCallback)
DA:56,11
DA:57,11
DA:58,11
DA:60,11
DA:62,11
DA:64,11
BRDA:60,42,0,7
BRDA:60,42,1,4
LF:12
LH:12
BRF:4
BRH:4
FNF:2
FNH:2
end_of_record
SF:/home/runner/work/SGuard/SGuard/guard/src/Guards/GreaterThan/Is.GreaterThan.cs
FN:26,System.Boolean SGuard.Is::GreaterThan(TLeft,TRight,SGuard.SGuardCallback)
FNDA:22,System.Boolean SGuard.Is::GreaterThan(TLeft,TRight,SGuard.SGuardCallback)
DA:27,22
DA:28,22
DA:30,22
DA:32,22
DA:34,22
FN:47,System.Boolean SGuard.Is::GreaterThan(System.String,System.String,System.StringComparison,SGuard.SGuardCallback)
FNDA:11,System.Boolean SGuard.Is::GreaterThan(System.String,System.String,System.StringComparison,SGuard.SGuardCallback)
DA:48,11
DA:49,10
DA:51,9
DA:53,9
DA:55,9
FN:77,System.Boolean SGuard.Is::GreaterThanOrEqual(TLeft,TRight,SGuard.SGuardCallback)
FNDA:20,System.Boolean SGuard.Is::GreaterThanOrEqual(TLeft,TRight,SGuard.SGuardCallback)
DA:78,20
DA:79,20
DA:81,20
DA:83,20
DA:85,20
FN:98,System.Boolean SGuard.Is::GreaterThanOrEqual(System.String,System.String,System.StringComparison,SGuard.SGuardCallback)
FNDA:7,System.Boolean SGuard.Is::GreaterThanOrEqual(System.String,System.String,System.StringComparison,SGuard.SGuardCallback)
DA:99,7
DA:100,6
DA:102,5
DA:104,5
DA:106,5
LF:20
LH:20
BRF:0
BRH:0
FNF:4
FNH:4
end_of_record
SF:/home/runner/work/SGuard/SGuard/guard/src/Guards/LessThan/Is.LessThan.cs
FN:23,System.Boolean SGuard.Is::LessThan(TLeft,TRight,SGuard.SGuardCallback)
FNDA:67,System.Boolean SGuard.Is::LessThan(TLeft,TRight,SGuard.SGuardCallback)
DA:24,67
DA:25,67
DA:27,67
DA:29,67
DA:31,67
FN:44,System.Boolean SGuard.Is::LessThan(System.String,System.String,System.StringComparison,SGuard.SGuardCallback)
FNDA:26,System.Boolean SGuard.Is::LessThan(System.String,System.String,System.StringComparison,SGuard.SGuardCallback)
DA:45,26
DA:46,24
DA:48,22
DA:50,22
DA:52,22
FN:75,System.Boolean SGuard.Is::LessThanOrEqual(TLeft,TRight,SGuard.SGuardCallback)
FNDA:57,System.Boolean SGuard.Is::LessThanOrEqual(TLeft,TRight,SGuard.SGuardCallback)
DA:76,57
DA:77,57
DA:79,57
DA:81,57
DA:83,57
FN:96,System.Boolean SGuard.Is::LessThanOrEqual(System.String,System.String,System.StringComparison,SGuard.SGuardCallback)
FNDA:22,System.Boolean SGuard.Is::LessThanOrEqual(System.String,System.String,System.StringComparison,SGuard.SGuardCallback)
DA:97,22
DA:98,21
DA:100,20
DA:102,20
DA:104,20
LF:20
LH:20
BRF:0
BRH:0
FNF:4
FNH:4
end_of_record
SF:/home/runner/work/SGuard/SGuard/guard/src/Guards/NullOrEmpty/Is.NullOrEmpty.cs
FN:24,System.Boolean SGuard.Is::NullOrEmpty(T,SGuard.SGuardCallback)
FNDA:107,System.Boolean SGuard.Is::NullOrEmpty(T,SGuard.SGuardCallback)
DA:25,107
DA:27,107
DA:29,107
FN:43,System.Boolean SGuard.Is::NullOrEmpty(T,System.Linq.Expressions.Expression`1<System.Func`2<T,System.Object>>,SGuard.SGuardCallback)
FNDA:50,System.Boolean SGuard.Is::NullOrEmpty(T,System.Linq.Expressions.Expression`1<System.Func`2<T,System.Object>>,SGuard.SGuardCallback)
DA:44,50
DA:46,48
DA:48,2
DA:49,2
DA:52,46
DA:54,46
DA:56,46
DA:58,46
BRDA:46,17,0,2
BRDA:46,17,1,46
BRDA:54,45,0,0
BRDA:54,45,1,46
FN:70,System.Boolean SGuard.Is::InternalIsNullOrEmpty(T)
FNDA:138,System.Boolean SGuard.Is::InternalIsNullOrEmpty(T)
DA:71,138
BRDA:71,6,0,121
BRDA:71,14,0,102
BRDA:71,6,1,36
BRDA:71,14,1,36
FN:11,System.Void SGuard.Is::.cctor()
FNDA:1,System.Void SGuard.Is::.cctor()
DA:12,1
LF:13
LH:13
BRF:8
BRH:7
FNF:4
FNH:4
end_of_record
SF:/home/runner/work/SGuard/SGuard/guard/src/Guards/All/ThrowIf.All.cs
FN:16,System.Void SGuard.ThrowIf::Any(System.Collections.Generic.IEnumerable`1<T>,System.Func`2<T,System.Boolean>,SGuard.SGuardCallback)
FNDA:16,System.Void SGuard.ThrowIf::Any(System.Collections.Generic.IEnumerable`1<T>,System.Func`2<T,System.Boolean>,SGuard.SGuardCallback)
DA:17,16
DA:18,6
FN:33,System.Void SGuard.ThrowIf::Any(System.Collections.Generic.IEnumerable`1<T>,System.Func`2<T,System.Boolean>,TException,SGuard.SGuardCallback)
FNDA:20,System.Void SGuard.ThrowIf::Any(System.Collections.Generic.IEnumerable`1<T>,System.Func`2<T,System.Boolean>,TException,SGuard.SGuardCallback)
DA:34,20
DA:35,19
DA:36,18
DA:38,17
DA:39,7
LF:7
LH:7
BRF:0
BRH:0
FNF:2
FNH:2
end_of_record
SF:/home/runner/work/SGuard/SGuard/guard/src/Guards/Any/ThrowIf.Any.cs
FN:23,System.Void SGuard.ThrowIf::All(System.Collections.Generic.IEnumerable`1<T>,System.Func`2<T,System.Boolean>,SGuard.SGuardCallback)
FNDA:0,System.Void SGuard.ThrowIf::All(System.Collections.Generic.IEnumerable`1<T>,System.Func`2<T,System.Boolean>,SGuard.SGuardCallback)
DA:24,0
DA:25,0
FN:42,System.Void SGuard.ThrowIf::All(System.Collections.Generic.IEnumerable`1<T>,System.Func`2<T,System.Boolean>,TException,SGuard.SGuardCallback)
FNDA:0,System.Void SGuard.ThrowIf::All(System.Collections.Generic.IEnumerable`1<T>,System.Func`2<T,System.Boolean>,TException,SGuard.SGuardCallback)
DA:43,0
DA:44,0
DA:45,0
DA:47,0
DA:48,0
LF:7
LH:0
BRF:0
BRH:0
FNF:2
FNH:0
end_of_record
SF:/home/runner/work/SGuard/SGuard/guard/src/Guards/Between/ThrowIf.Between.cs
FN:25,System.Void SGuard.ThrowIf::Between(TValue,TMin,TMax,SGuard.SGuardCallback)
FNDA:10,System.Void SGuard.ThrowIf::Between(TValue,TMin,TMax,SGuard.SGuardCallback)
DA:26,10
DA:27,10
DA:28,10
DA:30,10
DA:31,4
DA:113,2
DA:114,2
DA:115,2
DA:117,2
DA:118,1
BRDA:117,63,0,1
BRDA:117,63,1,2
FN:50,System.Void SGuard.ThrowIf::Between(TValue,TMin,TMax,TException,SGuard.SGuardCallback)
FNDA:4,System.Void SGuard.ThrowIf::Between(TValue,TMin,TMax,TException,SGuard.SGuardCallback)
DA:51,4
DA:52,4
DA:53,4
DA:54,4
DA:56,2
DA:57,1
FN:68,System.Void SGuard.ThrowIf::Between(System.String,System.String,System.String,System.StringComparison,SGuard.SGuardCallback)
FNDA:8,System.Void SGuard.ThrowIf::Between(System.String,System.String,System.String,System.StringComparison,SGuard.SGuardCallback)
DA:69,8
DA:70,7
DA:71,6
DA:73,5
DA:74,2
DA:160,2
DA:161,2
DA:162,2
DA:164,2
DA:165,1
BRDA:164,49,0,1
BRDA:164,49,1,2
FN:87,System.Void SGuard.ThrowIf::Between(System.String,System.String,System.String,System.StringComparison,TException,SGuard.SGuardCallback)
FNDA:3,System.Void SGuard.ThrowIf::Between(System.String,System.String,System.String,System.StringComparison,TException,SGuard.SGuardCallback)
DA:88,3
DA:89,3
DA:90,3
DA:91,3
DA:93,2
DA:94,1
FN:137,System.Void SGuard.ThrowIf::Between(TValue,TMin,TMax,System.Object[],SGuard.SGuardCallback)
FNDA:2,System.Void SGuard.ThrowIf::Between(TValue,TMin,TMax,System.Object[],SGuard.SGuardCallback)
DA:138,2
DA:139,2
DA:140,2
DA:142,2
DA:143,1
FN:181,System.Void SGuard.ThrowIf::Between(System.String,System.String,System.String,System.StringComparison,System.Object[],SGuard.SGuardCallback)
FNDA:2,System.Void SGuard.ThrowIf::Between(System.String,System.String,System.String,System.StringComparison,System.Object[],SGuard.SGuardCallback)
DA:182,2
DA:183,2
DA:184,2
DA:186,2
DA:187,1
LF:42
LH:42
BRF:4
BRH:4
FNF:6
FNH:6
end_of_record
SF:/home/runner/work/SGuard/SGuard/guard/src/Guards/GreaterThan/ThrowIf.GreaterThan.cs
FN:21,System.Void SGuard.ThrowIf::GreaterThan(TLeft,TRight,SGuard.SGuardCallback)
FNDA:6,System.Void SGuard.ThrowIf::GreaterThan(TLeft,TRight,SGuard.SGuardCallback)
DA:22,6
DA:23,6
DA:25,6
DA:26,2
DA:41,2
DA:42,2
DA:44,2
DA:45,1
BRDA:44,46,0,1
BRDA:44,46,1,2
FN:61,System.Void SGuard.ThrowIf::GreaterThan(TLeft,TRight,System.Object[],SGuard.SGuardCallback)
FNDA:2,System.Void SGuard.ThrowIf::GreaterThan(TLeft,TRight,System.Object[],SGuard.SGuardCallback)
DA:62,2
DA:63,2
DA:65,2
DA:66,1
FN:83,System.Void SGuard.ThrowIf::GreaterThan(TLeft,TRight,TException,SGuard.SGuardCallback)
FNDA:3,System.Void SGuard.ThrowIf::GreaterThan(TLeft,TRight,TException,SGuard.SGuardCallback)
DA:84,3
DA:85,3
DA:86,3
DA:88,2
DA:89,1
FN:103,System.Void SGuard.ThrowIf::GreaterThanOrEqual(TLeft,TRight,SGuard.SGuardCallback)
FNDA:6,System.Void SGuard.ThrowIf::GreaterThanOrEqual(TLeft,TRight,SGuard.SGuardCallback)
DA:104,6
DA:105,6
DA:107,6
DA:108,3
DA:146,2
DA:147,2
DA:149,2
DA:150,1
BRDA:149,46,0,1
BRDA:149,46,1,2
FN:124,System.Void SGuard.ThrowIf::GreaterThanOrEqual(TLeft,TRight,TException,SGuard.SGuardCallback)
FNDA:2,System.Void SGuard.ThrowIf::GreaterThanOrEqual(TLeft,TRight,TException,SGuard.SGuardCallback)
DA:125,2
DA:126,2
DA:127,2
DA:129,2
DA:130,1
FN:166,System.Void SGuard.ThrowIf::GreaterThanOrEqual(TLeft,TRight,System.Object[],SGuard.SGuardCallback)
FNDA:2,System.Void SGuard.ThrowIf::GreaterThanOrEqual(TLeft,TRight,System.Object[],SGuard.SGuardCallback)
DA:167,2
DA:168,2
DA:170,2
DA:171,1
LF:34
LH:34
BRF:4
BRH:4
FNF:6
FNH:6
end_of_record
SF:/home/runner/work/SGuard/SGuard/guard/src/Guards/LessThan/ThrowIf.LessThan.cs
FN:22,System.Void SGuard.ThrowIf::LessThan(TLeft,TRight,SGuard.SGuardCallback)
FNDA:12,System.Void SGuard.ThrowIf::LessThan(TLeft,TRight,SGuard.SGuardCallback)
DA:23,12
DA:24,12
DA:26,12
DA:27,5
FN:45,System.Void SGuard.ThrowIf::LessThan(TLeft,TRight,TException,SGuard.SGuardCallback)
FNDA:2,System.Void SGuard.ThrowIf::LessThan(TLeft,TRight,TException,SGuard.SGuardCallback)
DA:46,2
DA:47,2
DA:48,2
DA:50,2
DA:51,1
FN:71,System.Void SGuard.ThrowIf::LessThanOrEqual(TLeft,TRight,SGuard.SGuardCallback)
FNDA:7,System.Void SGuard.ThrowIf::LessThanOrEqual(TLeft,TRight,SGuard.SGuardCallback)
DA:72,7
DA:73,7
DA:75,7
DA:76,4
DA:122,2
DA:123,2
DA:125,2
DA:126,1
BRDA:125,46,0,1
BRDA:125,46,1,2
FN:94,System.Void SGuard.ThrowIf::LessThanOrEqual(TLeft,TRight,TException,SGuard.SGuardCallback)
FNDA:2,System.Void SGuard.ThrowIf::LessThanOrEqual(TLeft,TRight,TException,SGuard.SGuardCallback)
DA:95,2
DA:96,2
DA:97,2
DA:99,2
DA:100,1
FN:149,System.Void SGuard.ThrowIf::LessThanOrEqual(TLeft,TRight,System.Object[],SGuard.SGuardCallback)
FNDA:2,System.Void SGuard.ThrowIf::LessThanOrEqual(TLeft,TRight,System.Object[],SGuard.SGuardCallback)
DA:150,2
DA:151,2
DA:153,2
DA:154,1
LF:26
LH:26
BRF:2
BRH:2
FNF:5
FNH:5
end_of_record
SF:/home/runner/work/SGuard/SGuard/guard/src/Guards/NullOrEmpty/ThrowIf.NullOrEmpty.cs
FN:36,System.Void SGuard.ThrowIf::NullOrEmpty(T,SGuard.SGuardCallback)
FNDA:13,System.Void SGuard.ThrowIf::NullOrEmpty(T,SGuard.SGuardCallback)
DA:37,13
DA:38,13
DA:39,6
BRDA:37,24,0,10
BRDA:37,24,1,3
FN:53,System.Void SGuard.ThrowIf::NullOrEmpty(T,TException,SGuard.SGuardCallback)
FNDA:4,System.Void SGuard.ThrowIf::NullOrEmpty(T,TException,SGuard.SGuardCallback)
DA:54,4
DA:56,3
DA:58,3
DA:59,1
BRDA:56,40,0,2
BRDA:56,40,1,1
FN:73,System.Void SGuard.ThrowIf::NullOrEmpty(T,System.Object[],SGuard.SGuardCallback)
FNDA:2,System.Void SGuard.ThrowIf::NullOrEmpty(T,System.Object[],SGuard.SGuardCallback)
DA:74,2
DA:76,2
DA:77,1
BRDA:74,19,0,1
BRDA:74,19,1,1
FN:89,System.Void SGuard.ThrowIf::NullOrEmpty(TValue,System.Linq.Expressions.Expression`1<System.Func`2<TValue,System.Object>>,SGuard.SGuardCallback)
FNDA:4,System.Void SGuard.ThrowIf::NullOrEmpty(TValue,System.Linq.Expressions.Expression`1<System.Func`2<TValue,System.Object>>,SGuard.SGuardCallback)
DA:90,4
DA:91,2
DA:128,9
DA:130,7
DA:132,7
DA:133,2
BRDA:130,17,0,6
BRDA:130,17,1,1
BRDA:132,35,0,2
BRDA:132,35,1,7
FN:107,System.Void SGuard.ThrowIf::NullOrEmpty(TValue,System.Linq.Expressions.Expression`1<System.Func`2<TValue,System.Object>>,TException,SGuard.SGuardCallback)
FNDA:8,System.Void SGuard.ThrowIf::NullOrEmpty(TValue,System.Linq.Expressions.Expression`1<System.Func`2<TValue,System.Object>>,TException,SGuard.SGuardCallback)
DA:108,8
DA:109,7
DA:111,6
DA:113,6
DA:114,3
BRDA:111,51,0,6
BRDA:111,51,1,0
FN:147,System.Void SGuard.ThrowIf::NullOrEmpty(TValue,System.Linq.Expressions.Expression`1<System.Func`2<TValue,System.Object>>,System.Object[],SGuard.SGuardCallback)
FNDA:7,System.Void SGuard.ThrowIf::NullOrEmpty(TValue,System.Linq.Expressions.Expression`1<System.Func`2<TValue,System.Object>>,System.Object[],SGuard.SGuardCallback)
DA:148,7
DA:150,7
DA:152,7
DA:153,2
BRDA:150,30,0,6
BRDA:150,30,1,1
FN:164,System.Boolean SGuard.ThrowIf::CheckNullOrEmpty(TValue,System.Linq.Expressions.Expression`1<System.Func`2<TValue,System.Object>>)
FNDA:18,System.Boolean SGuard.ThrowIf::CheckNullOrEmpty(TValue,System.Linq.Expressions.Expression`1<System.Func`2<TValue,System.Object>>)
DA:165,18
DA:167,0
DA:170,18
DA:172,18
BRDA:165,18,0,0
BRDA:165,18,1,18
BRDA:170,43,0,2
BRDA:170,43,1,18
FN:13,System.Void SGuard.ThrowIf::.cctor()
FNDA:1,System.Void SGuard.ThrowIf::.cctor()
DA:14,1
DA:24,1
LF:31
LH:30
BRF:18
BRH:16
FNF:8
FNH:8
end_of_record
SF:/home/runner/work/SGuard/SGuard/guard/src/Internal/SGuard.cs
FN:23,System.Void SGuard.SGuard::Guard(System.Boolean,System.Action,SGuard.SGuardCallback)
FNDA:133,System.Void SGuard.SGuard::Guard(System.Boolean,System.Action,SGuard.SGuardCallback)
DA:24,133
DA:26,75
DA:28,58
DA:31,133
DA:32,133
DA:33,58
BRDA:24,1,0,75
BRDA:24,1,1,58
FN:40,System.Void SGuard.SGuard::InvokeCallbackSafely(System.Boolean,SGuard.SGuardCallback)
FNDA:100505,System.Void SGuard.SGuard::InvokeCallbackSafely(System.Boolean,SGuard.SGuardCallback)
DA:41,100505
FN:54,System.Void SGuard.SGuard::InvokeCallbackSafely(System.Boolean,SGuard.SGuardCallback,SGuard.GuardOutcome,SGuard.GuardOutcome)
FNDA:100638,System.Void SGuard.SGuard::InvokeCallbackSafely(System.Boolean,SGuard.SGuardCallback,SGuard.GuardOutcome,SGuard.GuardOutcome)
DA:55,100638
DA:56,100613
DA:57,25
DA:60,25
DA:61,100638
BRDA:55,1,0,177
BRDA:55,5,0,80
BRDA:55,5,1,97
BRDA:55,1,1,100613
LF:12
LH:12
BRF:6
BRH:6
FNF:3
FNH:3
end_of_record
SF:/home/runner/work/SGuard/SGuard/guard/src/Internal/Visitor/NullOrEmptyVisitor.cs
FN:21,System.Linq.Expressions.Expression SGuard.NullOrEmptyVisitor::VisitMember(System.Linq.Expressions.MemberExpression)
FNDA:64,System.Linq.Expressions.Expression SGuard.NullOrEmptyVisitor::VisitMember(System.Linq.Expressions.MemberExpression)
DA:22,64
DA:25,64
DA:27,280
DA:29,76
DA:32,64
DA:35,64
DA:37,64
BRDA:27,64,1,76
BRDA:27,64,0,64
FN:72,System.Linq.Expressions.Expression SGuard.NullOrEmptyVisitor::BuildNullOrEmptyCheckExpression(System.Linq.Expressions.Expression,System.Type)
FNDA:64,System.Linq.Expressions.Expression SGuard.NullOrEmptyVisitor::BuildNullOrEmptyCheckExpression(System.Linq.Expressions.Expression,System.Type)
DA:73,64
DA:74,64
DA:78,64
DA:80,24
DA:81,24
DA:83,40
DA:85,9
DA:86,9
DA:88,31
DA:90,11
DA:91,11
DA:92,11
DA:94,20
DA:96,4
DA:97,4
DA:98,4
DA:100,16
DA:102,0
DA:103,0
DA:104,0
DA:106,16
DA:108,0
DA:109,0
DA:110,0
DA:112,16
DA:114,4
DA:116,4
DA:118,2
DA:119,2
DA:123,2
DA:124,2
DA:126,2
DA:127,2
DA:129,2
DA:130,2
DA:131,2
DA:132,2
DA:135,12
DA:137,2
DA:139,10
DA:141,0
DA:143,10
DA:145,0
DA:147,10
DA:149,0
DA:151,10
DA:153,0
DA:155,10
DA:157,0
DA:159,10
DA:161,0
DA:163,10
DA:165,0
DA:167,10
DA:169,0
DA:171,10
DA:173,0
DA:175,10
DA:177,2
DA:179,8
DA:181,0
DA:183,8
DA:185,6
DA:189,2
DA:192,62
DA:194,62
BRDA:78,56,0,24
BRDA:78,56,1,40
BRDA:83,115,0,9
BRDA:83,115,1,31
BRDA:88,174,0,11
BRDA:88,174,1,20
BRDA:94,261,0,4
BRDA:94,261,1,16
BRDA:100,330,0,0
BRDA:100,330,1,16
BRDA:106,417,0,0
BRDA:106,417,1,16
BRDA:112,486,0,4
BRDA:112,507,0,4
BRDA:116,527,0,2
BRDA:116,551,0,2
BRDA:116,560,0,2
BRDA:116,527,1,2
BRDA:116,551,1,2
BRDA:116,560,1,2
BRDA:112,486,1,12
BRDA:112,507,1,12
BRDA:135,780,0,2
BRDA:135,780,1,10
BRDA:139,821,0,0
BRDA:139,821,1,10
BRDA:143,863,0,0
BRDA:143,863,1,10
BRDA:147,904,0,0
BRDA:147,904,1,10
BRDA:151,945,0,0
BRDA:151,945,1,10
BRDA:155,986,0,0
BRDA:155,986,1,10
BRDA:159,1027,0,0
BRDA:159,1027,1,10
BRDA:163,1068,0,0
BRDA:163,1068,1,10
BRDA:167,1110,0,0
BRDA:167,1110,1,10
BRDA:171,1155,0,0
BRDA:171,1155,1,10
BRDA:175,1204,0,2
BRDA:175,1204,1,8
BRDA:179,1246,0,0
BRDA:179,1246,1,8
BRDA:183,1269,0,8
BRDA:183,1277,0,6
BRDA:183,1285,0,6
BRDA:183,1303,0,6
BRDA:183,1269,1,2
BRDA:183,1277,1,2
BRDA:183,1285,1,2
BRDA:183,1303,1,2
FN:218,System.Linq.Expressions.Expression SGuard.NullOrEmptyVisitor::VisitUnary(System.Linq.Expressions.UnaryExpression)
FNDA:10,System.Linq.Expressions.Expression SGuard.NullOrEmptyVisitor::VisitUnary(System.Linq.Expressions.UnaryExpression)
DA:219,10
DA:221,10
DA:223,10
DA:226,0
DA:228,0
BRDA:219,8,0,10
BRDA:219,31,0,10
BRDA:223,67,0,0
BRDA:223,67,1,10
BRDA:219,8,1,0
BRDA:219,31,1,0
LF:78
LH:60
BRF:62
BRH:47
FNF:3
FNH:3
end_of_record
SF:/home/runner/work/SGuard/SGuard/guard/src/Exceptions/AllException.cs
FN:15,System.Void SGuard.Exceptions.AllException::.ctor()
FNDA:0,System.Void SGuard.Exceptions.AllException::.ctor()
DA:16,0
FN:20,System.Void SGuard.Exceptions.AllException::.ctor(System.String)
FNDA:0,System.Void SGuard.Exceptions.AllException::.ctor(System.String)
DA:21,0
LF:2
LH:0
BRF:0
BRH:0
FNF:2
FNH:0
end_of_record
SF:/home/runner/work/SGuard/SGuard/guard/src/Exceptions/AnyException.cs
FN:11,System.Void SGuard.Exceptions.AnyException::.ctor()
FNDA:0,System.Void SGuard.Exceptions.AnyException::.ctor()
DA:12,0
FN:16,System.Void SGuard.Exceptions.AnyException::.ctor(System.String)
FNDA:32,System.Void SGuard.Exceptions.AnyException::.ctor(System.String)
DA:17,32
LF:2
LH:1
BRF:0
BRH:0
FNF:2
FNH:1
end_of_record
SF:/home/runner/work/SGuard/SGuard/guard/src/Exceptions/BetweenException.cs
FN:63,System.String SGuard.Exceptions.BetweenException::BuildMessage(System.Object,System.Object,System.Object,System.String,System.String,System.String)
FNDA:10,System.String SGuard.Exceptions.BetweenException::BuildMessage(System.Object,System.Object,System.Object,System.String,System.String,System.String)
DA:64,10
DA:65,10
FN:13,System.Void SGuard.Exceptions.BetweenException::.ctor()
FNDA:0,System.Void SGuard.Exceptions.BetweenException::.ctor()
DA:14,0
FN:19,System.Void SGuard.Exceptions.BetweenException::.ctor(System.String)
FNDA:0,System.Void SGuard.Exceptions.BetweenException::.ctor(System.String)
DA:20,0
FN:27,System.Void SGuard.Exceptions.BetweenException::.ctor(System.String,System.Exception)
FNDA:0,System.Void SGuard.Exceptions.BetweenException::.ctor(System.String,System.Exception)
DA:28,0
FN:39,System.Void SGuard.Exceptions.BetweenException::.ctor(System.Object,System.Object,System.Object,System.String,System.String,System.String)
FNDA:10,System.Void SGuard.Exceptions.BetweenException::.ctor(System.Object,System.Object,System.Object,System.String,System.String,System.String)
DA:40,10
DA:42,10
DA:43,10
DA:44,10
DA:45,10
DA:46,10
DA:47,10
DA:48,10
LF:13
LH:10
BRF:0
BRH:0
FNF:5
FNH:2
end_of_record
SF:/home/runner/work/SGuard/SGuard/guard/src/Exceptions/GreaterThanException.cs
FN:51,System.String SGuard.Exceptions.GreaterThanException::BuildMessage(System.Object,System.Object,System.String,System.String)
FNDA:5,System.String SGuard.Exceptions.GreaterThanException::BuildMessage(System.Object,System.Object,System.String,System.String)
DA:52,5
FN:13,System.Void SGuard.Exceptions.GreaterThanException::.ctor()
FNDA:0,System.Void SGuard.Exceptions.GreaterThanException::.ctor()
DA:14,0
FN:19,System.Void SGuard.Exceptions.GreaterThanException::.ctor(System.String)
FNDA:0,System.Void SGuard.Exceptions.GreaterThanException::.ctor(System.String)
DA:20,0
FN:26,System.Void SGuard.Exceptions.GreaterThanException::.ctor(System.String,System.Exception)
FNDA:0,System.Void SGuard.Exceptions.GreaterThanException::.ctor(System.String,System.Exception)
DA:27,0
FN:33,System.Void SGuard.Exceptions.GreaterThanException::.ctor(System.Object,System.Object,System.String,System.String)
FNDA:5,System.Void SGuard.Exceptions.GreaterThanException::.ctor(System.Object,System.Object,System.String,System.String)
DA:34,5
DA:36,5
DA:37,5
DA:38,5
DA:39,5
DA:40,5
LF:10
LH:7
BRF:0
BRH:0
FNF:5
FNH:2
end_of_record
SF:/home/runner/work/SGuard/SGuard/guard/src/Exceptions/GreaterThanOrEqualException.cs
FN:52,System.String SGuard.Exceptions.GreaterThanOrEqualException::BuildMessage(System.Object,System.Object,System.String,System.String)
FNDA:4,System.String SGuard.Exceptions.GreaterThanOrEqualException::BuildMessage(System.Object,System.Object,System.String,System.String)
DA:53,4
FN:14,System.Void SGuard.Exceptions.GreaterThanOrEqualException::.ctor()
FNDA:0,System.Void SGuard.Exceptions.GreaterThanOrEqualException::.ctor()
DA:15,0
FN:20,System.Void SGuard.Exceptions.GreaterThanOrEqualException::.ctor(System.String)
FNDA:0,System.Void SGuard.Exceptions.GreaterThanOrEqualException::.ctor(System.String)
DA:21,0
FN:27,System.Void SGuard.Exceptions.GreaterThanOrEqualException::.ctor(System.String,System.Exception)
FNDA:0,System.Void SGuard.Exceptions.GreaterThanOrEqualException::.ctor(System.String,System.Exception)
DA:28,0
FN:34,System.Void SGuard.Exceptions.GreaterThanOrEqualException::.ctor(System.Object,System.Object,System.String,System.String)
FNDA:4,System.Void SGuard.Exceptions.GreaterThanOrEqualException::.ctor(System.Object,System.Object,System.String,System.String)
DA:35,4
DA:37,4
DA:38,4
DA:39,4
DA:40,4
DA:41,4
LF:10
LH:7
BRF:0
BRH:0
FNF:5
FNH:2
end_of_record
SF:/home/runner/work/SGuard/SGuard/guard/src/Exceptions/LessThanException.cs
FN:53,System.String SGuard.Exceptions.LessThanException::BuildMessage(System.Object,System.Object,System.String,System.String)
FNDA:8,System.String SGuard.Exceptions.LessThanException::BuildMessage(System.Object,System.Object,System.String,System.String)
DA:54,8
FN:13,System.Void SGuard.Exceptions.LessThanException::.ctor()
FNDA:0,System.Void SGuard.Exceptions.LessThanException::.ctor()
DA:14,0
FN:19,System.Void SGuard.Exceptions.LessThanException::.ctor(System.String)
FNDA:0,System.Void SGuard.Exceptions.LessThanException::.ctor(System.String)
DA:20,0
FN:26,System.Void SGuard.Exceptions.LessThanException::.ctor(System.String,System.Exception)
FNDA:0,System.Void SGuard.Exceptions.LessThanException::.ctor(System.String,System.Exception)
DA:27,0
FN:36,System.Void SGuard.Exceptions.LessThanException::.ctor(System.Object,System.Object,System.String,System.String)
FNDA:8,System.Void SGuard.Exceptions.LessThanException::.ctor(System.Object,System.Object,System.String,System.String)
DA:37,8
DA:39,8
DA:40,8
DA:41,8
DA:42,8
DA:43,8
LF:10
LH:7
BRF:0
BRH:0
FNF:5
FNH:2
end_of_record
SF:/home/runner/work/SGuard/SGuard/guard/src/Exceptions/LessThanOrEqualException.cs
FN:53,System.String SGuard.Exceptions.LessThanOrEqualException::BuildMessage(System.Object,System.Object,System.String,System.String)
FNDA:4,System.String SGuard.Exceptions.LessThanOrEqualException::BuildMessage(System.Object,System.Object,System.String,System.String)
DA:54,4
FN:13,System.Void SGuard.Exceptions.LessThanOrEqualException::.ctor()
FNDA:0,System.Void SGuard.Exceptions.LessThanOrEqualException::.ctor()
DA:14,0
FN:19,System.Void SGuard.Exceptions.LessThanOrEqualException::.ctor(System.String)
FNDA:0,System.Void SGuard.Exceptions.LessThanOrEqualException::.ctor(System.String)
DA:20,0
FN:26,System.Void SGuard.Exceptions.LessThanOrEqualException::.ctor(System.String,System.Exception)
FNDA:0,System.Void SGuard.Exceptions.LessThanOrEqualException::.ctor(System.String,System.Exception)
DA:27,0
FN:36,System.Void SGuard.Exceptions.LessThanOrEqualException::.ctor(System.Object,System.Object,System.String,System.String)
FNDA:4,System.Void SGuard.Exceptions.LessThanOrEqualException::.ctor(System.Object,System.Object,System.String,System.String)
DA:37,4
DA:39,4
DA:40,4
DA:41,4
DA:42,4
DA:43,4
LF:10
LH:7
BRF:0
BRH:0
FNF:5
FNH:2
end_of_record
SF:/home/runner/work/SGuard/SGuard/guard/src/Exceptions/NullOrEmptyException.cs
FN:46,System.String SGuard.Exceptions.NullOrEmptyException::BuildMessage(System.Object,System.String)
FNDA:8,System.String SGuard.Exceptions.NullOrEmptyException::BuildMessage(System.Object,System.String)
DA:47,8
FN:13,System.Void SGuard.Exceptions.NullOrEmptyException::.ctor()
FNDA:8,System.Void SGuard.Exceptions.NullOrEmptyException::.ctor()
DA:14,8
FN:19,System.Void SGuard.Exceptions.NullOrEmptyException::.ctor(System.String)
FNDA:0,System.Void SGuard.Exceptions.NullOrEmptyException::.ctor(System.String)
DA:20,0
FN:26,System.Void SGuard.Exceptions.NullOrEmptyException::.ctor(System.String,System.Exception)
FNDA:0,System.Void SGuard.Exceptions.NullOrEmptyException::.ctor(System.String,System.Exception)
DA:27,0
FN:31,System.Void SGuard.Exceptions.NullOrEmptyException::.ctor(System.Object,System.String)
FNDA:8,System.Void SGuard.Exceptions.NullOrEmptyException::.ctor(System.Object,System.String)
DA:32,8
DA:34,8
DA:35,8
DA:36,8
LF:8
LH:6
BRF:0
BRH:0
FNF:5
FNH:3
end_of_record