SF:/Users/selcuk/RiderProjects/sguard/src/Callbacks/SGuardCallback.cs
FN:26,SGuard.SGuardCallback SGuard.SGuardCallbacks::OnSuccess(System.Action)
FNDA:0,SGuard.SGuardCallback SGuard.SGuardCallbacks::OnSuccess(System.Action)
DA:27,0
FN:32,SGuard.SGuardCallback SGuard.SGuardCallbacks::OnFailure(System.Action)
FNDA:0,SGuard.SGuardCallback SGuard.SGuardCallbacks::OnFailure(System.Action)
DA:33,0
LF:2
LH:0
BRF:0
BRH:0
FNF:2
FNH:0
end_of_record
SF:/Users/selcuk/RiderProjects/sguard/src/Guards/All/Is.All.cs
FN:18,System.Boolean SGuard.Is::All(System.Collections.Generic.IEnumerable`1<T>,System.Func`2<T,System.Boolean>,SGuard.SGuardCallback)
FNDA:8,System.Boolean SGuard.Is::All(System.Collections.Generic.IEnumerable`1<T>,System.Func`2<T,System.Boolean>,SGuard.SGuardCallback)
DA:19,8
DA:20,8
DA:21,7
DA:23,6
DA:25,6
DA:27,6
DA:28,6
LF:7
LH:7
BRF:0
BRH:0
FNF:1
FNH:1
end_of_record
SF:/Users/selcuk/RiderProjects/sguard/src/Guards/Any/Is.Any.cs
FN:22,System.Boolean SGuard.Is::Any(System.Collections.Generic.IEnumerable`1<T>,System.Func`2<T,System.Boolean>,SGuard.SGuardCallback)
FNDA:55,System.Boolean SGuard.Is::Any(System.Collections.Generic.IEnumerable`1<T>,System.Func`2<T,System.Boolean>,SGuard.SGuardCallback)
DA:23,55
DA:24,55
DA:25,53
DA:27,52
DA:29,52
DA:31,52
DA:32,52
LF:7
LH:7
BRF:0
BRH:0
FNF:1
FNH:1
end_of_record
SF:/Users/selcuk/RiderProjects/sguard/src/Guards/Between/Is.Between.cs
FN:31,System.Boolean SGuard.Is::Between(TValue,TMin,TMax,SGuard.SGuardCallback)
FNDA:100047,System.Boolean SGuard.Is::Between(TValue,TMin,TMax,SGuard.SGuardCallback)
DA:32,100047
DA:33,100047
DA:34,100047
DA:35,100047
DA:37,100047
DA:39,100047
DA:41,100047
DA:42,100047
BRDA:37,67,0,100036
BRDA:37,67,1,11
FN:54,System.Boolean SGuard.Is::Between(System.String,System.String,System.String,System.StringComparison,SGuard.SGuardCallback)
FNDA:11,System.Boolean SGuard.Is::Between(System.String,System.String,System.String,System.StringComparison,SGuard.SGuardCallback)
DA:55,11
DA:56,11
DA:57,11
DA:58,11
DA:60,11
DA:62,11
DA:64,11
DA:65,11
BRDA:60,46,0,7
BRDA:60,46,1,4
LF:16
LH:16
BRF:4
BRH:4
FNF:2
FNH:2
end_of_record
SF:/Users/selcuk/RiderProjects/sguard/src/Guards/GreaterThan/Is.GreaterThan.cs
FN:25,System.Boolean SGuard.Is::GreaterThan(TLeft,TRight,SGuard.SGuardCallback)
FNDA:22,System.Boolean SGuard.Is::GreaterThan(TLeft,TRight,SGuard.SGuardCallback)
DA:26,22
DA:27,22
DA:28,22
DA:30,22
DA:32,22
DA:34,22
DA:35,22
FN:46,System.Boolean SGuard.Is::GreaterThan(System.String,System.String,System.StringComparison,SGuard.SGuardCallback)
FNDA:11,System.Boolean SGuard.Is::GreaterThan(System.String,System.String,System.StringComparison,SGuard.SGuardCallback)
DA:47,11
DA:48,11
DA:49,10
DA:51,9
DA:53,9
DA:55,9
DA:56,9
FN:76,System.Boolean SGuard.Is::GreaterThanOrEqual(TLeft,TRight,SGuard.SGuardCallback)
FNDA:20,System.Boolean SGuard.Is::GreaterThanOrEqual(TLeft,TRight,SGuard.SGuardCallback)
DA:77,20
DA:78,20
DA:79,20
DA:81,20
DA:83,20
DA:85,20
DA:86,20
FN:97,System.Boolean SGuard.Is::GreaterThanOrEqual(System.String,System.String,System.StringComparison,SGuard.SGuardCallback)
FNDA:7,System.Boolean SGuard.Is::GreaterThanOrEqual(System.String,System.String,System.StringComparison,SGuard.SGuardCallback)
DA:98,7
DA:99,7
DA:100,6
DA:102,5
DA:104,5
DA:106,5
DA:107,5
LF:28
LH:28
BRF:0
BRH:0
FNF:4
FNH:4
end_of_record
SF:/Users/selcuk/RiderProjects/sguard/src/Guards/LessThan/Is.LessThan.cs
FN:22,System.Boolean SGuard.Is::LessThan(TLeft,TRight,SGuard.SGuardCallback)
FNDA:56,System.Boolean SGuard.Is::LessThan(TLeft,TRight,SGuard.SGuardCallback)
DA:23,56
DA:24,56
DA:25,56
DA:27,56
DA:29,56
DA:31,56
DA:32,56
FN:43,System.Boolean SGuard.Is::LessThan(System.String,System.String,System.StringComparison,SGuard.SGuardCallback)
FNDA:24,System.Boolean SGuard.Is::LessThan(System.String,System.String,System.StringComparison,SGuard.SGuardCallback)
DA:44,24
DA:45,24
DA:46,23
DA:48,22
DA:50,22
DA:52,22
DA:53,22
FN:74,System.Boolean SGuard.Is::LessThanOrEqual(TLeft,TRight,SGuard.SGuardCallback)
FNDA:52,System.Boolean SGuard.Is::LessThanOrEqual(TLeft,TRight,SGuard.SGuardCallback)
DA:75,52
DA:76,52
DA:77,52
DA:79,52
DA:81,52
DA:83,52
DA:84,52
FN:95,System.Boolean SGuard.Is::LessThanOrEqual(System.String,System.String,System.StringComparison,SGuard.SGuardCallback)
FNDA:22,System.Boolean SGuard.Is::LessThanOrEqual(System.String,System.String,System.StringComparison,SGuard.SGuardCallback)
DA:96,22
DA:97,22
DA:98,21
DA:100,20
DA:102,20
DA:104,20
DA:105,20
LF:28
LH:28
BRF:0
BRH:0
FNF:4
FNH:4
end_of_record
SF:/Users/selcuk/RiderProjects/sguard/src/Guards/NullOrEmpty/Is.NullOrEmpty.cs
FN:24,System.Boolean SGuard.Is::NullOrEmpty(T,SGuard.SGuardCallback)
FNDA:102,System.Boolean SGuard.Is::NullOrEmpty(T,SGuard.SGuardCallback)
DA:25,102
DA:26,102
DA:28,102
DA:30,102
DA:31,102
FN:43,System.Boolean SGuard.Is::NullOrEmpty(T,System.Linq.Expressions.Expression`1<System.Func`2<T,System.Object>>,SGuard.SGuardCallback)
FNDA:50,System.Boolean SGuard.Is::NullOrEmpty(T,System.Linq.Expressions.Expression`1<System.Func`2<T,System.Object>>,SGuard.SGuardCallback)
DA:44,50
DA:45,50
DA:47,48
DA:48,2
DA:49,2
DA:50,2
DA:53,46
DA:55,46
DA:57,46
DA:59,46
DA:60,48
BRDA:47,24,0,2
BRDA:47,24,1,46
BRDA:55,57,0,0
BRDA:55,57,1,46
FN:70,System.Boolean SGuard.Is::InternalIsNullOrEmpty(T)
FNDA:130,System.Boolean SGuard.Is::InternalIsNullOrEmpty(T)
DA:71,130
DA:72,130
DA:207,130
BRDA:72,7,0,114
BRDA:72,15,0,95
BRDA:72,7,1,35
BRDA:72,15,1,35
FN:12,System.Void SGuard.Is::.cctor()
FNDA:1,System.Void SGuard.Is::.cctor()
DA:13,1
LF:20
LH:20
BRF:8
BRH:7
FNF:4
FNH:4
end_of_record
SF:/Users/selcuk/RiderProjects/sguard/src/Guards/All/ThrowIf.All.cs
FN:15,System.Void SGuard.ThrowIf::Any(System.Collections.Generic.IEnumerable`1<T>,System.Func`2<T,System.Boolean>,SGuard.SGuardCallback)
FNDA:16,System.Void SGuard.ThrowIf::Any(System.Collections.Generic.IEnumerable`1<T>,System.Func`2<T,System.Boolean>,SGuard.SGuardCallback)
DA:16,16
DA:17,16
DA:18,6
FN:32,System.Void SGuard.ThrowIf::Any(System.Collections.Generic.IEnumerable`1<T>,System.Func`2<T,System.Boolean>,TException,SGuard.SGuardCallback)
FNDA:20,System.Void SGuard.ThrowIf::Any(System.Collections.Generic.IEnumerable`1<T>,System.Func`2<T,System.Boolean>,TException,SGuard.SGuardCallback)
DA:33,20
DA:34,20
DA:35,19
DA:36,18
DA:38,17
DA:39,7
LF:9
LH:9
BRF:0
BRH:0
FNF:2
FNH:2
end_of_record
SF:/Users/selcuk/RiderProjects/sguard/src/Guards/Any/ThrowIf.Any.cs
FN:22,System.Void SGuard.ThrowIf::All(System.Collections.Generic.IEnumerable`1<T>,System.Func`2<T,System.Boolean>,SGuard.SGuardCallback)
FNDA:0,System.Void SGuard.ThrowIf::All(System.Collections.Generic.IEnumerable`1<T>,System.Func`2<T,System.Boolean>,SGuard.SGuardCallback)
DA:23,0
DA:24,0
DA:25,0
FN:41,System.Void SGuard.ThrowIf::All(System.Collections.Generic.IEnumerable`1<T>,System.Func`2<T,System.Boolean>,TException,SGuard.SGuardCallback)
FNDA:0,System.Void SGuard.ThrowIf::All(System.Collections.Generic.IEnumerable`1<T>,System.Func`2<T,System.Boolean>,TException,SGuard.SGuardCallback)
DA:42,0
DA:43,0
DA:44,0
DA:45,0
DA:47,0
DA:48,0
LF:9
LH:0
BRF:0
BRH:0
FNF:2
FNH:0
end_of_record
SF:/Users/selcuk/RiderProjects/sguard/src/Guards/Between/ThrowIf.Between.cs
FN:24,System.Void SGuard.ThrowIf::Between(TValue,TMin,TMax,SGuard.SGuardCallback)
FNDA:5,System.Void SGuard.ThrowIf::Between(TValue,TMin,TMax,SGuard.SGuardCallback)
DA:25,5
DA:26,5
DA:27,5
DA:28,5
DA:30,5
DA:31,2
DA:112,2
DA:113,2
DA:114,2
DA:115,2
DA:117,2
DA:118,1
BRDA:117,67,0,1
BRDA:117,67,1,2
FN:49,System.Void SGuard.ThrowIf::Between(TValue,TMin,TMax,TException,SGuard.SGuardCallback)
FNDA:3,System.Void SGuard.ThrowIf::Between(TValue,TMin,TMax,TException,SGuard.SGuardCallback)
DA:50,3
DA:51,3
DA:52,3
DA:53,3
DA:54,3
DA:56,2
DA:57,1
FN:67,System.Void SGuard.ThrowIf::Between(System.String,System.String,System.String,System.StringComparison,SGuard.SGuardCallback)
FNDA:8,System.Void SGuard.ThrowIf::Between(System.String,System.String,System.String,System.StringComparison,SGuard.SGuardCallback)
DA:68,8
DA:69,8
DA:70,7
DA:71,6
DA:73,5
DA:74,2
DA:159,2
DA:160,2
DA:161,2
DA:162,2
DA:164,2
DA:165,1
BRDA:164,53,0,1
BRDA:164,53,1,2
FN:86,System.Void SGuard.ThrowIf::Between(System.String,System.String,System.String,System.StringComparison,TException,SGuard.SGuardCallback)
FNDA:3,System.Void SGuard.ThrowIf::Between(System.String,System.String,System.String,System.StringComparison,TException,SGuard.SGuardCallback)
DA:87,3
DA:88,3
DA:89,3
DA:90,3
DA:91,3
DA:93,2
DA:94,1
FN:136,System.Void SGuard.ThrowIf::Between(TValue,TMin,TMax,System.Object[],SGuard.SGuardCallback)
FNDA:2,System.Void SGuard.ThrowIf::Between(TValue,TMin,TMax,System.Object[],SGuard.SGuardCallback)
DA:137,2
DA:138,2
DA:139,2
DA:140,2
DA:142,2
DA:143,1
FN:180,System.Void SGuard.ThrowIf::Between(System.String,System.String,System.String,System.StringComparison,System.Object[],SGuard.SGuardCallback)
FNDA:2,System.Void SGuard.ThrowIf::Between(System.String,System.String,System.String,System.StringComparison,System.Object[],SGuard.SGuardCallback)
DA:181,2
DA:182,2
DA:183,2
DA:184,2
DA:186,2
DA:187,1
LF:50
LH:50
BRF:4
BRH:4
FNF:6
FNH:6
end_of_record
SF:/Users/selcuk/RiderProjects/sguard/src/Guards/GreaterThan/ThrowIf.GreaterThan.cs
FN:20,System.Void SGuard.ThrowIf::GreaterThan(TLeft,TRight,SGuard.SGuardCallback)
FNDA:6,System.Void SGuard.ThrowIf::GreaterThan(TLeft,TRight,SGuard.SGuardCallback)
DA:21,6
DA:22,6
DA:23,6
DA:25,6
DA:26,2
DA:40,2
DA:41,2
DA:42,2
DA:44,2
DA:45,1
BRDA:44,49,0,1
BRDA:44,49,1,2
FN:60,System.Void SGuard.ThrowIf::GreaterThan(TLeft,TRight,System.Object[],SGuard.SGuardCallback)
FNDA:2,System.Void SGuard.ThrowIf::GreaterThan(TLeft,TRight,System.Object[],SGuard.SGuardCallback)
DA:61,2
DA:62,2
DA:63,2
DA:65,2
DA:66,1
FN:82,System.Void SGuard.ThrowIf::GreaterThan(TLeft,TRight,TException,SGuard.SGuardCallback)
FNDA:3,System.Void SGuard.ThrowIf::GreaterThan(TLeft,TRight,TException,SGuard.SGuardCallback)
DA:83,3
DA:84,3
DA:85,3
DA:86,3
DA:88,2
DA:89,1
FN:102,System.Void SGuard.ThrowIf::GreaterThanOrEqual(TLeft,TRight,SGuard.SGuardCallback)
FNDA:6,System.Void SGuard.ThrowIf::GreaterThanOrEqual(TLeft,TRight,SGuard.SGuardCallback)
DA:103,6
DA:104,6
DA:105,6
DA:107,6
DA:108,3
DA:145,2
DA:146,2
DA:147,2
DA:149,2
DA:150,1
BRDA:149,49,0,1
BRDA:149,49,1,2
FN:123,System.Void SGuard.ThrowIf::GreaterThanOrEqual(TLeft,TRight,TException,SGuard.SGuardCallback)
FNDA:2,System.Void SGuard.ThrowIf::GreaterThanOrEqual(TLeft,TRight,TException,SGuard.SGuardCallback)
DA:124,2
DA:125,2
DA:126,2
DA:127,2
DA:129,2
DA:130,1
FN:165,System.Void SGuard.ThrowIf::GreaterThanOrEqual(TLeft,TRight,System.Object[],SGuard.SGuardCallback)
FNDA:2,System.Void SGuard.ThrowIf::GreaterThanOrEqual(TLeft,TRight,System.Object[],SGuard.SGuardCallback)
DA:166,2
DA:167,2
DA:168,2
DA:170,2
DA:171,1
LF:42
LH:42
BRF:4
BRH:4
FNF:6
FNH:6
end_of_record
SF:/Users/selcuk/RiderProjects/sguard/src/Guards/LessThan/ThrowIf.LessThan.cs
FN:21,System.Void SGuard.ThrowIf::LessThan(TLeft,TRight,SGuard.SGuardCallback)
FNDA:6,System.Void SGuard.ThrowIf::LessThan(TLeft,TRight,SGuard.SGuardCallback)
DA:22,6
DA:23,6
DA:24,6
DA:26,6
DA:27,2
FN:44,System.Void SGuard.ThrowIf::LessThan(TLeft,TRight,TException,SGuard.SGuardCallback)
FNDA:2,System.Void SGuard.ThrowIf::LessThan(TLeft,TRight,TException,SGuard.SGuardCallback)
DA:45,2
DA:46,2
DA:47,2
DA:48,2
DA:50,2
DA:51,1
FN:70,System.Void SGuard.ThrowIf::LessThanOrEqual(TLeft,TRight,SGuard.SGuardCallback)
FNDA:5,System.Void SGuard.ThrowIf::LessThanOrEqual(TLeft,TRight,SGuard.SGuardCallback)
DA:71,5
DA:72,5
DA:73,5
DA:75,5
DA:76,3
DA:121,2
DA:122,2
DA:123,2
DA:125,2
DA:126,1
BRDA:125,49,0,1
BRDA:125,49,1,2
FN:93,System.Void SGuard.ThrowIf::LessThanOrEqual(TLeft,TRight,TException,SGuard.SGuardCallback)
FNDA:2,System.Void SGuard.ThrowIf::LessThanOrEqual(TLeft,TRight,TException,SGuard.SGuardCallback)
DA:94,2
DA:95,2
DA:96,2
DA:97,2
DA:99,2
DA:100,1
FN:148,System.Void SGuard.ThrowIf::LessThanOrEqual(TLeft,TRight,System.Object[],SGuard.SGuardCallback)
FNDA:2,System.Void SGuard.ThrowIf::LessThanOrEqual(TLeft,TRight,System.Object[],SGuard.SGuardCallback)
DA:149,2
DA:150,2
DA:151,2
DA:153,2
DA:154,1
LF:32
LH:32
BRF:2
BRH:2
FNF:5
FNH:5
end_of_record
SF:/Users/selcuk/RiderProjects/sguard/src/Guards/NullOrEmpty/ThrowIf.NullOrEmpty.cs
FN:36,System.Void SGuard.ThrowIf::NullOrEmpty(T,SGuard.SGuardCallback)
FNDA:8,System.Void SGuard.ThrowIf::NullOrEmpty(T,SGuard.SGuardCallback)
DA:37,8
DA:38,8
DA:39,8
DA:40,4
BRDA:38,25,0,7
BRDA:38,25,1,1
FN:53,System.Void SGuard.ThrowIf::NullOrEmpty(T,TException,SGuard.SGuardCallback)
FNDA:4,System.Void SGuard.ThrowIf::NullOrEmpty(T,TException,SGuard.SGuardCallback)
DA:54,4
DA:55,4
DA:57,3
DA:59,3
DA:60,1
BRDA:57,42,0,2
BRDA:57,42,1,1
FN:73,System.Void SGuard.ThrowIf::NullOrEmpty(T,System.Object[],SGuard.SGuardCallback)
FNDA:2,System.Void SGuard.ThrowIf::NullOrEmpty(T,System.Object[],SGuard.SGuardCallback)
DA:74,2
DA:75,2
DA:77,2
DA:78,1
BRDA:75,20,0,1
BRDA:75,20,1,1
FN:89,System.Void SGuard.ThrowIf::NullOrEmpty(TValue,System.Linq.Expressions.Expression`1<System.Func`2<TValue,System.Object>>,SGuard.SGuardCallback)
FNDA:4,System.Void SGuard.ThrowIf::NullOrEmpty(TValue,System.Linq.Expressions.Expression`1<System.Func`2<TValue,System.Object>>,SGuard.SGuardCallback)
DA:90,4
DA:91,4
DA:92,2
DA:128,9
DA:129,9
DA:131,7
DA:133,7
DA:134,2
BRDA:131,19,0,6
BRDA:131,19,1,1
BRDA:133,39,0,2
BRDA:133,39,1,7
FN:107,System.Void SGuard.ThrowIf::NullOrEmpty(TValue,System.Linq.Expressions.Expression`1<System.Func`2<TValue,System.Object>>,TException,SGuard.SGuardCallback)
FNDA:8,System.Void SGuard.ThrowIf::NullOrEmpty(TValue,System.Linq.Expressions.Expression`1<System.Func`2<TValue,System.Object>>,TException,SGuard.SGuardCallback)
DA:108,8
DA:109,8
DA:110,7
DA:112,6
DA:114,6
DA:115,3
BRDA:112,54,0,6
BRDA:112,54,1,0
FN:147,System.Void SGuard.ThrowIf::NullOrEmpty(TValue,System.Linq.Expressions.Expression`1<System.Func`2<TValue,System.Object>>,System.Object[],SGuard.SGuardCallback)
FNDA:7,System.Void SGuard.ThrowIf::NullOrEmpty(TValue,System.Linq.Expressions.Expression`1<System.Func`2<TValue,System.Object>>,System.Object[],SGuard.SGuardCallback)
DA:148,7
DA:149,7
DA:151,7
DA:153,7
DA:154,2
BRDA:151,32,0,6
BRDA:151,32,1,1
FN:164,System.Boolean SGuard.ThrowIf::CheckNullOrEmpty(TValue,System.Linq.Expressions.Expression`1<System.Func`2<TValue,System.Object>>)
FNDA:18,System.Boolean SGuard.ThrowIf::CheckNullOrEmpty(TValue,System.Linq.Expressions.Expression`1<System.Func`2<TValue,System.Object>>)
DA:165,18
DA:166,18
DA:167,0
DA:168,0
DA:171,18
DA:173,18
DA:174,18
BRDA:166,27,0,0
BRDA:166,27,1,18
BRDA:171,53,0,2
BRDA:171,53,1,18
FN:14,System.Void SGuard.ThrowIf::.cctor()
FNDA:1,System.Void SGuard.ThrowIf::.cctor()
DA:15,1
DA:25,1
LF:41
LH:39
BRF:18
BRH:16
FNF:8
FNH:8
end_of_record
SF:/Users/selcuk/RiderProjects/sguard/src/Internal/ExceptionActivator.cs
FN:15,TException SGuard.ExceptionActivator::Create(System.Object[])
FNDA:23,TException SGuard.ExceptionActivator::Create(System.Object[])
DA:16,23
DA:18,23
DA:19,23
DA:20,23
DA:22,2
DA:23,2
DA:24,2
DA:25,2
DA:27,20
BRDA:19,14,0,6
BRDA:19,14,1,23
BRDA:19,38,0,0
BRDA:19,38,1,20
LF:9
LH:9
BRF:4
BRH:3
FNF:1
FNH:1
end_of_record
SF:/Users/selcuk/RiderProjects/sguard/src/Internal/SGuard.cs
FN:20,System.Void SGuard.SGuard::Guard(System.Boolean,System.Action,SGuard.SGuardCallback)
FNDA:115,System.Void SGuard.SGuard::Guard(System.Boolean,System.Action,SGuard.SGuardCallback)
DA:21,115
DA:23,115
DA:24,115
DA:25,65
DA:26,65
DA:27,0
DA:28,50
DA:30,115
DA:31,115
DA:32,115
DA:33,50
BRDA:24,5,0,65
BRDA:24,5,1,50
FN:40,System.Void SGuard.SGuard::InvokeCallbackSafely(System.Boolean,SGuard.SGuardCallback)
FNDA:100472,System.Void SGuard.SGuard::InvokeCallbackSafely(System.Boolean,SGuard.SGuardCallback)
DA:41,100472
FN:51,System.Void SGuard.SGuard::InvokeCallbackSafely(System.Boolean,SGuard.SGuardCallback,SGuard.GuardOutcome,SGuard.GuardOutcome)
FNDA:100587,System.Void SGuard.SGuard::InvokeCallbackSafely(System.Boolean,SGuard.SGuardCallback,SGuard.GuardOutcome,SGuard.GuardOutcome)
DA:52,100587
DA:54,100587
DA:55,100587
DA:56,100569
DA:57,18
DA:58,18
DA:60,18
DA:61,100587
BRDA:55,3,1,139
BRDA:55,9,0,62
BRDA:55,9,1,77
BRDA:55,3,0,100569
LF:20
LH:19
BRF:6
BRH:6
FNF:3
FNH:3
end_of_record
SF:/Users/selcuk/RiderProjects/sguard/src/Internal/Throw.cs
FN:24,System.Void SGuard.Throw::BetweenException(TValue,TMin,TMax)
FNDA:7,System.Void SGuard.Throw::BetweenException(TValue,TMin,TMax)
DA:25,7
DA:26,7
FN:37,System.Void SGuard.Throw::NullOrEmptyException(T)
FNDA:5,System.Void SGuard.Throw::NullOrEmptyException(T)
DA:38,5
DA:39,5
FN:53,System.Void SGuard.Throw::GreaterThanException(TLeft,TRight)
FNDA:5,System.Void SGuard.Throw::GreaterThanException(TLeft,TRight)
DA:54,5
DA:55,5
FN:70,System.Void SGuard.Throw::GreaterThanOrEqualException(TLeft,TRight)
FNDA:4,System.Void SGuard.Throw::GreaterThanOrEqualException(TLeft,TRight)
DA:71,4
DA:72,4
FN:87,System.Void SGuard.Throw::LessThanException(TLeft,TRight)
FNDA:5,System.Void SGuard.Throw::LessThanException(TLeft,TRight)
DA:88,5
DA:89,5
FN:104,System.Void SGuard.Throw::LessThanOrEqualException(TLeft,TRight)
FNDA:3,System.Void SGuard.Throw::LessThanOrEqualException(TLeft,TRight)
DA:105,3
DA:106,3
FN:118,System.Void SGuard.Throw::That(TException)
FNDA:42,System.Void SGuard.Throw::That(TException)
DA:119,42
DA:120,42
LF:14
LH:14
BRF:0
BRH:0
FNF:7
FNH:7
end_of_record
SF:/Users/selcuk/RiderProjects/sguard/src/Internal/Visitor/NullOrEmptyVisitor.cs
FN:16,System.Linq.Expressions.Expression SGuard.Visitor.NullOrEmptyVisitor::VisitMember(System.Linq.Expressions.MemberExpression)
FNDA:64,System.Linq.Expressions.Expression SGuard.Visitor.NullOrEmptyVisitor::VisitMember(System.Linq.Expressions.MemberExpression)
DA:17,64
DA:21,64
DA:24,64
DA:26,280
DA:27,76
DA:28,76
DA:29,76
DA:31,64
DA:34,64
DA:36,64
DA:61,64
BRDA:26,73,1,76
BRDA:26,73,0,64
FN:70,System.Linq.Expressions.Expression SGuard.Visitor.NullOrEmptyVisitor::BuildNullOrEmptyCheckExpression(System.Linq.Expressions.Expression,System.Type)
FNDA:64,System.Linq.Expressions.Expression SGuard.Visitor.NullOrEmptyVisitor::BuildNullOrEmptyCheckExpression(System.Linq.Expressions.Expression,System.Type)
DA:71,64
DA:72,64
DA:73,64
DA:77,64
DA:78,24
DA:79,24
DA:80,24
DA:81,24
DA:82,40
DA:83,9
DA:84,9
DA:85,9
DA:86,9
DA:87,31
DA:88,11
DA:89,11
DA:90,11
DA:91,11
DA:92,11
DA:93,20
DA:94,4
DA:95,4
DA:96,4
DA:97,4
DA:98,4
DA:99,16
DA:100,0
DA:101,0
DA:102,0
DA:103,0
DA:104,0
DA:105,16
DA:106,0
DA:107,0
DA:108,0
DA:109,0
DA:110,0
DA:111,16
DA:112,4
DA:113,4
DA:115,4
DA:116,2
DA:117,2
DA:118,2
DA:119,2
DA:121,2
DA:122,2
DA:123,2
DA:125,2
DA:126,2
DA:128,2
DA:129,2
DA:130,2
DA:131,2
DA:132,2
DA:133,4
DA:134,12
DA:135,2
DA:136,2
DA:137,2
DA:138,10
DA:139,0
DA:140,0
DA:141,0
DA:142,10
DA:143,0
DA:144,0
DA:145,0
DA:146,10
DA:147,0
DA:148,0
DA:149,0
DA:150,10
DA:151,0
DA:152,0
DA:153,0
DA:154,10
DA:155,0
DA:156,0
DA:157,0
DA:158,10
DA:159,0
DA:160,0
DA:161,0
DA:162,10
DA:163,0
DA:164,0
DA:165,0
DA:166,10
DA:167,0
DA:168,0
DA:169,0
DA:170,10
DA:171,0
DA:172,0
DA:173,0
DA:174,10
DA:175,2
DA:176,2
DA:177,2
DA:178,8
DA:179,0
DA:180,0
DA:181,0
DA:182,8
DA:183,6
DA:184,6
DA:185,6
DA:187,2
DA:188,2
DA:191,62
DA:193,62
DA:209,64
BRDA:77,61,0,24
BRDA:77,61,1,40
BRDA:82,130,0,9
BRDA:82,130,1,31
BRDA:87,197,0,11
BRDA:87,197,1,20
BRDA:93,294,0,4
BRDA:93,294,1,16
BRDA:99,373,0,0
BRDA:99,373,1,16
BRDA:105,470,0,0
BRDA:105,470,1,16
BRDA:111,545,0,4
BRDA:111,545,1,12
BRDA:111,570,0,4
BRDA:115,591,0,2
BRDA:115,615,0,2
BRDA:115,591,1,2
BRDA:115,615,1,2
BRDA:115,637,0,2
BRDA:115,637,1,2
BRDA:111,570,1,12
BRDA:134,878,0,2
BRDA:134,878,1,10
BRDA:138,925,0,0
BRDA:138,925,1,10
BRDA:142,973,0,0
BRDA:142,973,1,10
BRDA:146,1020,0,0
BRDA:146,1020,1,10
BRDA:150,1067,0,0
BRDA:150,1067,1,10
BRDA:154,1114,0,0
BRDA:154,1114,1,10
BRDA:158,1161,0,0
BRDA:158,1161,1,10
BRDA:162,1208,0,0
BRDA:162,1208,1,10
BRDA:166,1256,0,0
BRDA:166,1256,1,10
BRDA:170,1307,0,0
BRDA:170,1307,1,10
BRDA:174,1362,0,2
BRDA:174,1362,1,8
BRDA:178,1410,0,0
BRDA:178,1410,1,8
BRDA:182,1435,0,8
BRDA:182,1443,0,6
BRDA:182,1451,0,6
BRDA:182,1435,1,2
BRDA:182,1443,1,2
BRDA:182,1451,1,2
BRDA:182,1476,0,6
BRDA:182,1476,1,2
FN:216,System.Linq.Expressions.Expression SGuard.Visitor.NullOrEmptyVisitor::VisitUnary(System.Linq.Expressions.UnaryExpression)
FNDA:10,System.Linq.Expressions.Expression SGuard.Visitor.NullOrEmptyVisitor::VisitUnary(System.Linq.Expressions.UnaryExpression)
DA:217,10
DA:218,10
DA:219,10
DA:220,10
DA:222,10
DA:225,0
DA:227,0
DA:228,10
BRDA:218,9,0,10
BRDA:218,9,1,0
BRDA:218,37,0,10
BRDA:222,74,0,0
BRDA:222,74,1,10
BRDA:218,37,1,0
LF:132
LH:90
BRF:62
BRH:47
FNF:3
FNH:3
end_of_record
SF:/Users/selcuk/RiderProjects/sguard/src/Exceptions/AllException.cs
FN:15,System.Void SGuard.Exceptions.AllException::.ctor()
FNDA:0,System.Void SGuard.Exceptions.AllException::.ctor()
DA:16,0
FN:20,System.Void SGuard.Exceptions.AllException::.ctor(System.String)
FNDA:0,System.Void SGuard.Exceptions.AllException::.ctor(System.String)
DA:21,0
LF:2
LH:0
BRF:0
BRH:0
FNF:2
FNH:0
end_of_record
SF:/Users/selcuk/RiderProjects/sguard/src/Exceptions/AnyException.cs
FN:11,System.Void SGuard.Exceptions.AnyException::.ctor()
FNDA:0,System.Void SGuard.Exceptions.AnyException::.ctor()
DA:12,0
FN:16,System.Void SGuard.Exceptions.AnyException::.ctor(System.String)
FNDA:48,System.Void SGuard.Exceptions.AnyException::.ctor(System.String)
DA:17,48
LF:2
LH:1
BRF:0
BRH:0
FNF:2
FNH:1
end_of_record
SF:/Users/selcuk/RiderProjects/sguard/src/Exceptions/BetweenException.cs
FN:62,System.String SGuard.Exceptions.BetweenException::BuildMessage(System.Object,System.Object,System.Object,System.String,System.String,System.String)
FNDA:7,System.String SGuard.Exceptions.BetweenException::BuildMessage(System.Object,System.Object,System.Object,System.String,System.String,System.String)
DA:63,7
DA:64,7
DA:65,7
DA:66,7
FN:13,System.Void SGuard.Exceptions.BetweenException::.ctor()
FNDA:0,System.Void SGuard.Exceptions.BetweenException::.ctor()
DA:14,0
FN:19,System.Void SGuard.Exceptions.BetweenException::.ctor(System.String)
FNDA:0,System.Void SGuard.Exceptions.BetweenException::.ctor(System.String)
DA:20,0
FN:27,System.Void SGuard.Exceptions.BetweenException::.ctor(System.String,System.Exception)
FNDA:0,System.Void SGuard.Exceptions.BetweenException::.ctor(System.String,System.Exception)
DA:28,0
FN:39,System.Void SGuard.Exceptions.BetweenException::.ctor(System.Object,System.Object,System.Object,System.String,System.String,System.String)
FNDA:7,System.Void SGuard.Exceptions.BetweenException::.ctor(System.Object,System.Object,System.Object,System.String,System.String,System.String)
DA:40,7
DA:41,7
DA:42,7
DA:43,7
DA:44,7
DA:45,7
DA:46,7
DA:47,7
DA:48,7
LF:16
LH:13
BRF:0
BRH:0
FNF:5
FNH:2
end_of_record
SF:/Users/selcuk/RiderProjects/sguard/src/Exceptions/GreaterThanException.cs
FN:50,System.String SGuard.Exceptions.GreaterThanException::BuildMessage(System.Object,System.Object,System.String,System.String)
FNDA:5,System.String SGuard.Exceptions.GreaterThanException::BuildMessage(System.Object,System.Object,System.String,System.String)
DA:51,5
DA:52,5
DA:53,5
FN:13,System.Void SGuard.Exceptions.GreaterThanException::.ctor()
FNDA:0,System.Void SGuard.Exceptions.GreaterThanException::.ctor()
DA:14,0
FN:19,System.Void SGuard.Exceptions.GreaterThanException::.ctor(System.String)
FNDA:0,System.Void SGuard.Exceptions.GreaterThanException::.ctor(System.String)
DA:20,0
FN:26,System.Void SGuard.Exceptions.GreaterThanException::.ctor(System.String,System.Exception)
FNDA:0,System.Void SGuard.Exceptions.GreaterThanException::.ctor(System.String,System.Exception)
DA:27,0
FN:33,System.Void SGuard.Exceptions.GreaterThanException::.ctor(System.Object,System.Object,System.String,System.String)
FNDA:5,System.Void SGuard.Exceptions.GreaterThanException::.ctor(System.Object,System.Object,System.String,System.String)
DA:34,5
DA:35,5
DA:36,5
DA:37,5
DA:38,5
DA:39,5
DA:40,5
LF:13
LH:10
BRF:0
BRH:0
FNF:5
FNH:2
end_of_record
SF:/Users/selcuk/RiderProjects/sguard/src/Exceptions/GreaterThanOrEqualException.cs
FN:51,System.String SGuard.Exceptions.GreaterThanOrEqualException::BuildMessage(System.Object,System.Object,System.String,System.String)
FNDA:4,System.String SGuard.Exceptions.GreaterThanOrEqualException::BuildMessage(System.Object,System.Object,System.String,System.String)
DA:52,4
DA:53,4
DA:54,4
FN:14,System.Void SGuard.Exceptions.GreaterThanOrEqualException::.ctor()
FNDA:0,System.Void SGuard.Exceptions.GreaterThanOrEqualException::.ctor()
DA:15,0
FN:20,System.Void SGuard.Exceptions.GreaterThanOrEqualException::.ctor(System.String)
FNDA:0,System.Void SGuard.Exceptions.GreaterThanOrEqualException::.ctor(System.String)
DA:21,0
FN:27,System.Void SGuard.Exceptions.GreaterThanOrEqualException::.ctor(System.String,System.Exception)
FNDA:0,System.Void SGuard.Exceptions.GreaterThanOrEqualException::.ctor(System.String,System.Exception)
DA:28,0
FN:34,System.Void SGuard.Exceptions.GreaterThanOrEqualException::.ctor(System.Object,System.Object,System.String,System.String)
FNDA:4,System.Void SGuard.Exceptions.GreaterThanOrEqualException::.ctor(System.Object,System.Object,System.String,System.String)
DA:35,4
DA:36,4
DA:37,4
DA:38,4
DA:39,4
DA:40,4
DA:41,4
LF:13
LH:10
BRF:0
BRH:0
FNF:5
FNH:2
end_of_record
SF:/Users/selcuk/RiderProjects/sguard/src/Exceptions/LessThanException.cs
FN:53,System.String SGuard.Exceptions.LessThanException::BuildMessage(System.Object,System.Object,System.String,System.String)
FNDA:5,System.String SGuard.Exceptions.LessThanException::BuildMessage(System.Object,System.Object,System.String,System.String)
DA:54,5
FN:13,System.Void SGuard.Exceptions.LessThanException::.ctor()
FNDA:0,System.Void SGuard.Exceptions.LessThanException::.ctor()
DA:14,0
FN:19,System.Void SGuard.Exceptions.LessThanException::.ctor(System.String)
FNDA:0,System.Void SGuard.Exceptions.LessThanException::.ctor(System.String)
DA:20,0
FN:26,System.Void SGuard.Exceptions.LessThanException::.ctor(System.String,System.Exception)
FNDA:0,System.Void SGuard.Exceptions.LessThanException::.ctor(System.String,System.Exception)
DA:27,0
FN:36,System.Void SGuard.Exceptions.LessThanException::.ctor(System.Object,System.Object,System.String,System.String)
FNDA:5,System.Void SGuard.Exceptions.LessThanException::.ctor(System.Object,System.Object,System.String,System.String)
DA:37,5
DA:38,5
DA:39,5
DA:40,5
DA:41,5
DA:42,5
DA:43,5
LF:11
LH:8
BRF:0
BRH:0
FNF:5
FNH:2
end_of_record
SF:/Users/selcuk/RiderProjects/sguard/src/Exceptions/LessThanOrEqualException.cs
FN:53,System.String SGuard.Exceptions.LessThanOrEqualException::BuildMessage(System.Object,System.Object,System.String,System.String)
FNDA:3,System.String SGuard.Exceptions.LessThanOrEqualException::BuildMessage(System.Object,System.Object,System.String,System.String)
DA:54,3
FN:13,System.Void SGuard.Exceptions.LessThanOrEqualException::.ctor()
FNDA:0,System.Void SGuard.Exceptions.LessThanOrEqualException::.ctor()
DA:14,0
FN:19,System.Void SGuard.Exceptions.LessThanOrEqualException::.ctor(System.String)
FNDA:0,System.Void SGuard.Exceptions.LessThanOrEqualException::.ctor(System.String)
DA:20,0
FN:26,System.Void SGuard.Exceptions.LessThanOrEqualException::.ctor(System.String,System.Exception)
FNDA:0,System.Void SGuard.Exceptions.LessThanOrEqualException::.ctor(System.String,System.Exception)
DA:27,0
FN:36,System.Void SGuard.Exceptions.LessThanOrEqualException::.ctor(System.Object,System.Object,System.String,System.String)
FNDA:3,System.Void SGuard.Exceptions.LessThanOrEqualException::.ctor(System.Object,System.Object,System.String,System.String)
DA:37,3
DA:38,3
DA:39,3
DA:40,3
DA:41,3
DA:42,3
DA:43,3
LF:11
LH:8
BRF:0
BRH:0
FNF:5
FNH:2
end_of_record
SF:/Users/selcuk/RiderProjects/sguard/src/Exceptions/NullOrEmptyException.cs
FN:45,System.String SGuard.Exceptions.NullOrEmptyException::BuildMessage(System.Object,System.String)
FNDA:5,System.String SGuard.Exceptions.NullOrEmptyException::BuildMessage(System.Object,System.String)
DA:46,5
DA:47,5
DA:48,5
FN:13,System.Void SGuard.Exceptions.NullOrEmptyException::.ctor()
FNDA:12,System.Void SGuard.Exceptions.NullOrEmptyException::.ctor()
DA:14,12
FN:19,System.Void SGuard.Exceptions.NullOrEmptyException::.ctor(System.String)
FNDA:0,System.Void SGuard.Exceptions.NullOrEmptyException::.ctor(System.String)
DA:20,0
FN:26,System.Void SGuard.Exceptions.NullOrEmptyException::.ctor(System.String,System.Exception)
FNDA:0,System.Void SGuard.Exceptions.NullOrEmptyException::.ctor(System.String,System.Exception)
DA:27,0
FN:31,System.Void SGuard.Exceptions.NullOrEmptyException::.ctor(System.Object,System.String)
FNDA:5,System.Void SGuard.Exceptions.NullOrEmptyException::.ctor(System.Object,System.String)
DA:32,5
DA:33,5
DA:34,5
DA:35,5
DA:36,5
LF:11
LH:9
BRF:0
BRH:0
FNF:5
FNH:3
end_of_record