<?xml version="1.0" encoding="utf-8"?>
<TestRun id="495edbac-861b-47a6-83b2-9a04c6ba10af" name="@pkrvm7jw40e0xgp 2025-09-05 15:44:42" xmlns="http://microsoft.com/schemas/VisualStudio/TeamTest/2010">
  <Times creation="2025-09-05T15:44:42.6321712+00:00" queuing="2025-09-05T15:44:42.6321713+00:00" start="2025-09-05T15:44:40.5914854+00:00" finish="2025-09-05T15:44:43.1932688+00:00" />
  <TestSettings name="default" id="5b64c391-3ad0-4593-bded-939b7b6082fc">
    <Deployment runDeploymentRoot="_pkrvm7jw40e0xgp_2025-09-05_15_44_42" />
  </TestSettings>
  <Results>
    <UnitTestResult executionId="163b40f5-bbec-47d7-bafb-e45da670bc82" testId="13871bdd-5425-2ac7-f4db-37c498dcd50c" testName="SGuard.Tests.ThrowIfNullOrEmptyTests.NullOrEmpty_Selector_GenericNew_Valid_DoesNotThrow_AndReportsSuccess" computerName="pkrvm7jw40e0xgp" duration="00:00:00.0004808" startTime="2025-09-05T15:44:42.7443441+00:00" endTime="2025-09-05T15:44:42.7443442+00:00" testType="13cdc9d9-ddb5-4fa4-a97d-d965ccfc6d4b" outcome="Passed" testListId="8c84fa94-04c1-424b-9868-57a2d4851a1d" relativeResultsDirectory="163b40f5-bbec-47d7-bafb-e45da670bc82" />
    <UnitTestResult executionId="6283a582-37c0-4554-ad9b-7fdaa46eb8c8" testId="929f439c-e35c-f542-ae53-676d743c30bd" testName="SGuard.Tests.IsNullOrEmptyTests.NullOrEmpty_WithNonEmptyArrays_ReturnsFalse(array: [1])" computerName="pkrvm7jw40e0xgp" duration="00:00:00.0008856" startTime="2025-09-05T15:44:42.7826892+00:00" endTime="2025-09-05T15:44:42.7826893+00:00" testType="13cdc9d9-ddb5-4fa4-a97d-d965ccfc6d4b" outcome="Passed" testListId="8c84fa94-04c1-424b-9868-57a2d4851a1d" relativeResultsDirectory="6283a582-37c0-4554-ad9b-7fdaa46eb8c8" />
    <UnitTestResult executionId="3939db14-b6e7-4e9e-8eca-7a20d9392752" testId="6c692013-5213-e1c4-063b-c42583ba67e0" testName="SGuard.Tests.IsLessThanTests.LessThan_Generic_WorksWithCrossTypeComparable" computerName="pkrvm7jw40e0xgp" duration="00:00:00.0001786" startTime="2025-09-05T15:44:42.7870893+00:00" endTime="2025-09-05T15:44:42.7870893+00:00" testType="13cdc9d9-ddb5-4fa4-a97d-d965ccfc6d4b" outcome="Passed" testListId="8c84fa94-04c1-424b-9868-57a2d4851a1d" relativeResultsDirectory="3939db14-b6e7-4e9e-8eca-7a20d9392752" />
    <UnitTestResult executionId="a79866c3-7025-4c05-b27a-aede54fc3862" testId="c8a80f66-c4da-db4e-34f0-13b398836bc0" testName="SGuard.Tests.ThrowIfLessThanTests.LessThan_WhenLeftLessThanRight_ThrowsLessThanException_AndReportsFailure(left: -10, right: -9)" computerName="pkrvm7jw40e0xgp" duration="00:00:00.0000427" startTime="2025-09-05T15:44:42.6711466+00:00" endTime="2025-09-05T15:44:42.6711467+00:00" testType="13cdc9d9-ddb5-4fa4-a97d-d965ccfc6d4b" outcome="Passed" testListId="8c84fa94-04c1-424b-9868-57a2d4851a1d" relativeResultsDirectory="a79866c3-7025-4c05-b27a-aede54fc3862" />
    <UnitTestResult executionId="26038852-edff-438a-b01b-b28d84280b60" testId="84ab4cb2-728c-195a-0a23-0019609d8ccf" testName="SGuard.Tests.IsBetweenTests.Between_WithNegativeRange_WorksCorrectly" computerName="pkrvm7jw40e0xgp" duration="00:00:00.0000641" startTime="2025-09-05T15:44:42.7555045+00:00" endTime="2025-09-05T15:44:42.7555046+00:00" testType="13cdc9d9-ddb5-4fa4-a97d-d965ccfc6d4b" outcome="Passed" testListId="8c84fa94-04c1-424b-9868-57a2d4851a1d" relativeResultsDirectory="26038852-edff-438a-b01b-b28d84280b60" />
    <UnitTestResult executionId="bbf2bba3-6c77-443d-875f-8b1a71e3cfdb" testId="53db27b4-594f-2b27-8c72-90863c14c1b1" testName="SGuard.Tests.ThrowIfBetweenTests.Between_String_WhenOutside_DoesNotThrow_AndReportsSuccess(value: &quot;{&quot;, min: &quot;a&quot;, max: &quot;z&quot;, cmp: Ordinal)" computerName="pkrvm7jw40e0xgp" duration="00:00:00.0001234" startTime="2025-09-05T15:44:42.5904772+00:00" endTime="2025-09-05T15:44:42.5904772+00:00" testType="13cdc9d9-ddb5-4fa4-a97d-d965ccfc6d4b" outcome="Passed" testListId="8c84fa94-04c1-424b-9868-57a2d4851a1d" relativeResultsDirectory="bbf2bba3-6c77-443d-875f-8b1a71e3cfdb" />
    <UnitTestResult executionId="84c90b73-bc21-4fd1-9545-0cb7df71b475" testId="baba2659-0a7c-27bd-98f1-82814e58a96c" testName="SGuard.Tests.CallbacksTests.Between_NullExceptionInstance_ThrowsArgumentNullException_And_DoesNotCallCallback" computerName="pkrvm7jw40e0xgp" duration="00:00:00.0002056" startTime="2025-09-05T15:44:42.6000595+00:00" endTime="2025-09-05T15:44:42.6000596+00:00" testType="13cdc9d9-ddb5-4fa4-a97d-d965ccfc6d4b" outcome="Passed" testListId="8c84fa94-04c1-424b-9868-57a2d4851a1d" relativeResultsDirectory="84c90b73-bc21-4fd1-9545-0cb7df71b475" />
    <UnitTestResult executionId="b28e47bb-28e8-4296-b8ea-c192b2efb710" testId="60f61716-fec8-0782-6a00-f0605c628671" testName="SGuard.Tests.ThrowIfNullOrEmptyTests.NullOrEmpty_Value_NullOrEmpty_ThrowsNullOrEmptyException_AndReportsFailure(value: null)" computerName="pkrvm7jw40e0xgp" duration="00:00:00.0002518" startTime="2025-09-05T15:44:42.7184981+00:00" endTime="2025-09-05T15:44:42.7184982+00:00" testType="13cdc9d9-ddb5-4fa4-a97d-d965ccfc6d4b" outcome="Passed" testListId="8c84fa94-04c1-424b-9868-57a2d4851a1d" relativeResultsDirectory="b28e47bb-28e8-4296-b8ea-c192b2efb710" />
    <UnitTestResult executionId="931a3d31-7cb4-474d-88bb-ed6213ac4685" testId="daa06991-a234-f63b-21e2-9946e58e47a8" testName="SGuard.Tests.IsLessThanTests.LessThanOrEqual_String_WorksWithAllStringComparisonTypes(comparison: CurrentCultureIgnoreCase)" computerName="pkrvm7jw40e0xgp" duration="00:00:00.0000043" startTime="2025-09-05T15:44:42.7718026+00:00" endTime="2025-09-05T15:44:42.7718026+00:00" testType="13cdc9d9-ddb5-4fa4-a97d-d965ccfc6d4b" outcome="Passed" testListId="8c84fa94-04c1-424b-9868-57a2d4851a1d" relativeResultsDirectory="931a3d31-7cb4-474d-88bb-ed6213ac4685" />
    <UnitTestResult executionId="ab0fbac7-9434-4361-9dfb-01b3111b5569" testId="c5b20438-4c74-f44e-a1dc-0566731017d4" testName="SGuard.Tests.IsBetweenTests.Between_WithCallbackAndFalseResult_InvokesCallbackWithFailure" computerName="pkrvm7jw40e0xgp" duration="00:00:00.0001867" startTime="2025-09-05T15:44:42.7006242+00:00" endTime="2025-09-05T15:44:42.7006242+00:00" testType="13cdc9d9-ddb5-4fa4-a97d-d965ccfc6d4b" outcome="Passed" testListId="8c84fa94-04c1-424b-9868-57a2d4851a1d" relativeResultsDirectory="ab0fbac7-9434-4361-9dfb-01b3111b5569" />
    <UnitTestResult executionId="f2731b74-6d62-4506-8fca-0cdd70b9cbe0" testId="41b01410-af5c-6676-d1d7-a86f5ce5af70" testName="SGuard.Tests.IsLessThanTests.LessThanOrEqual_String_ThrowsArgumentNullException_WhenRightValueIsNull" computerName="pkrvm7jw40e0xgp" duration="00:00:00.0001715" startTime="2025-09-05T15:44:42.7963231+00:00" endTime="2025-09-05T15:44:42.7963232+00:00" testType="13cdc9d9-ddb5-4fa4-a97d-d965ccfc6d4b" outcome="Passed" testListId="8c84fa94-04c1-424b-9868-57a2d4851a1d" relativeResultsDirectory="f2731b74-6d62-4506-8fca-0cdd70b9cbe0" />
    <UnitTestResult executionId="eabedf54-1fcf-405c-9348-2ae2d0f76902" testId="28980000-bc1b-00e7-84f4-31c7b81fcfa2" testName="SGuard.Tests.IsAllTests.All_ThrowsArgumentNullException_WhenSourceIsNull" computerName="pkrvm7jw40e0xgp" duration="00:00:00.0002399" startTime="2025-09-05T15:44:42.6219464+00:00" endTime="2025-09-05T15:44:42.6219464+00:00" testType="13cdc9d9-ddb5-4fa4-a97d-d965ccfc6d4b" outcome="Passed" testListId="8c84fa94-04c1-424b-9868-57a2d4851a1d" relativeResultsDirectory="eabedf54-1fcf-405c-9348-2ae2d0f76902" />
    <UnitTestResult executionId="eb030373-84c6-4655-b3de-788f06e19115" testId="3f799c0b-0872-9719-c1e7-23dd11300c53" testName="SGuard.Tests.ThrowIfLessThanTests.LessThan_WhenLeftNotLessThanRight_DoesNotThrow_AndReportsSuccess(left: 10, right: 10)" computerName="pkrvm7jw40e0xgp" duration="00:00:00.0001289" startTime="2025-09-05T15:44:42.6716438+00:00" endTime="2025-09-05T15:44:42.6716439+00:00" testType="13cdc9d9-ddb5-4fa4-a97d-d965ccfc6d4b" outcome="Passed" testListId="8c84fa94-04c1-424b-9868-57a2d4851a1d" relativeResultsDirectory="eb030373-84c6-4655-b3de-788f06e19115" />
    <UnitTestResult executionId="3e4a48e2-07be-4ef3-bed3-1dba2fac3370" testId="48c0b993-69a0-15af-89f5-9d1bc2a80ec1" testName="SGuard.Tests.IsNullOrEmptyTests.NullOrEmpty_WithCollections_BehavesCorrectly" computerName="pkrvm7jw40e0xgp" duration="00:00:00.0004471" startTime="2025-09-05T15:44:42.7420298+00:00" endTime="2025-09-05T15:44:42.7420299+00:00" testType="13cdc9d9-ddb5-4fa4-a97d-d965ccfc6d4b" outcome="Passed" testListId="8c84fa94-04c1-424b-9868-57a2d4851a1d" relativeResultsDirectory="3e4a48e2-07be-4ef3-bed3-1dba2fac3370" />
    <UnitTestResult executionId="e09aac5a-3a9e-47d8-8a38-78342992d900" testId="4d7d1626-64bd-7d36-42bb-ad3ae5100a02" testName="SGuard.Tests.IsAnyTests.Any_WorksWithComplexObjects_ReturnsFalse" computerName="pkrvm7jw40e0xgp" duration="00:00:00.0003832" startTime="2025-09-05T15:44:42.7931240+00:00" endTime="2025-09-05T15:44:42.7931241+00:00" testType="13cdc9d9-ddb5-4fa4-a97d-d965ccfc6d4b" outcome="Passed" testListId="8c84fa94-04c1-424b-9868-57a2d4851a1d" relativeResultsDirectory="e09aac5a-3a9e-47d8-8a38-78342992d900" />
    <UnitTestResult executionId="834ac616-3dfd-4295-bd56-ba840cf76cdd" testId="722f4cf8-aa6a-f79f-6586-6e213eea12f4" testName="SGuard.Tests.IsBetweenTests.Between_WithIntegerOutOfRange_ReturnsFalse(value: 11, min: 1, max: 10)" computerName="pkrvm7jw40e0xgp" duration="00:00:00.0002099" startTime="2025-09-05T15:44:42.6305762+00:00" endTime="2025-09-05T15:44:42.6305763+00:00" testType="13cdc9d9-ddb5-4fa4-a97d-d965ccfc6d4b" outcome="Passed" testListId="8c84fa94-04c1-424b-9868-57a2d4851a1d" relativeResultsDirectory="834ac616-3dfd-4295-bd56-ba840cf76cdd" />
    <UnitTestResult executionId="0c487beb-8b03-45d1-94a3-de91b45a358a" testId="2c3e1138-0d0f-0a9d-563d-b6515e2b0d57" testName="SGuard.Tests.IsAnyTests.Any_ReturnsTrue_WhenAllElementsSatisfyPredicate" computerName="pkrvm7jw40e0xgp" duration="00:00:00.0001849" startTime="2025-09-05T15:44:42.8001539+00:00" endTime="2025-09-05T15:44:42.8001539+00:00" testType="13cdc9d9-ddb5-4fa4-a97d-d965ccfc6d4b" outcome="Passed" testListId="8c84fa94-04c1-424b-9868-57a2d4851a1d" relativeResultsDirectory="0c487beb-8b03-45d1-94a3-de91b45a358a" />
    <UnitTestResult executionId="9ba9a4da-3bd2-4ac4-85c5-63e5dbf08905" testId="43606f9e-7e68-59ab-d641-5b8fc250ec19" testName="SGuard.Tests.IsBetweenTests.Between_WithStringEqualToBoundaries_ReturnsTrue(value: &quot;echo&quot;, min: &quot;alpha&quot;, max: &quot;echo&quot;)" computerName="pkrvm7jw40e0xgp" duration="00:00:00.0000573" startTime="2025-09-05T15:44:42.6956557+00:00" endTime="2025-09-05T15:44:42.6956557+00:00" testType="13cdc9d9-ddb5-4fa4-a97d-d965ccfc6d4b" outcome="Passed" testListId="8c84fa94-04c1-424b-9868-57a2d4851a1d" relativeResultsDirectory="9ba9a4da-3bd2-4ac4-85c5-63e5dbf08905" />
    <UnitTestResult executionId="c9848a5a-30a4-4fc5-8456-f9216bc2f4ba" testId="02922149-743c-9bf2-e440-acc040585ec9" testName="SGuard.Tests.IsBetweenTests.Between_WithDoubleOutOfRange_ReturnsFalse(value: 0.90000000000000002, min: 1, max: 10)" computerName="pkrvm7jw40e0xgp" duration="00:00:00.0059438" startTime="2025-09-05T15:44:42.6899150+00:00" endTime="2025-09-05T15:44:42.6899151+00:00" testType="13cdc9d9-ddb5-4fa4-a97d-d965ccfc6d4b" outcome="Passed" testListId="8c84fa94-04c1-424b-9868-57a2d4851a1d" relativeResultsDirectory="c9848a5a-30a4-4fc5-8456-f9216bc2f4ba" />
    <UnitTestResult executionId="942c1ab2-0271-433f-9f1b-578d111ff1fa" testId="73719295-d258-3cc3-83d5-b46e86c62b69" testName="SGuard.Tests.CallbacksTests.NullOrEmpty_String_WhenNonEmpty_ResultFalse_And_OnFailureRuns" computerName="pkrvm7jw40e0xgp" duration="00:00:00.0122525" startTime="2025-09-05T15:44:42.4000638+00:00" endTime="2025-09-05T15:44:42.4000964+00:00" testType="13cdc9d9-ddb5-4fa4-a97d-d965ccfc6d4b" outcome="Passed" testListId="8c84fa94-04c1-424b-9868-57a2d4851a1d" relativeResultsDirectory="942c1ab2-0271-433f-9f1b-578d111ff1fa" />
    <UnitTestResult executionId="5349e449-12b3-4272-9fe8-bf8688c872fb" testId="db2035c4-1c2d-0c3b-f230-a37aa4d3104f" testName="SGuard.Tests.NullOrEmptyVisitorTests.Value_Null_ShortCircuit_Returns_True" computerName="pkrvm7jw40e0xgp" duration="00:00:00.0004864" startTime="2025-09-05T15:44:42.6653982+00:00" endTime="2025-09-05T15:44:42.6653983+00:00" testType="13cdc9d9-ddb5-4fa4-a97d-d965ccfc6d4b" outcome="Passed" testListId="8c84fa94-04c1-424b-9868-57a2d4851a1d" relativeResultsDirectory="5349e449-12b3-4272-9fe8-bf8688c872fb" />
    <UnitTestResult executionId="b33e8094-43f0-44d3-a745-cb82f6e50d06" testId="7866021f-0325-0f20-872d-ffec908b80c7" testName="SGuard.Tests.ThrowIfLessThanTests.LessThan_WhenLeftNotLessThanRight_DoesNotThrow_AndReportsSuccess(left: 2, right: 1)" computerName="pkrvm7jw40e0xgp" duration="00:00:00.0002709" startTime="2025-09-05T15:44:42.6735663+00:00" endTime="2025-09-05T15:44:42.6735663+00:00" testType="13cdc9d9-ddb5-4fa4-a97d-d965ccfc6d4b" outcome="Passed" testListId="8c84fa94-04c1-424b-9868-57a2d4851a1d" relativeResultsDirectory="b33e8094-43f0-44d3-a745-cb82f6e50d06" />
    <UnitTestResult executionId="ae7be4b5-8a7d-4c40-9629-2b38550443b0" testId="ec3e9199-202f-bc2a-9eb7-2118c16d659a" testName="SGuard.Tests.NullOrEmptyVisitorTests.String_Null_Empty_NonEmpty" computerName="pkrvm7jw40e0xgp" duration="00:00:00.0031265" startTime="2025-09-05T15:44:42.7453598+00:00" endTime="2025-09-05T15:44:42.7453599+00:00" testType="13cdc9d9-ddb5-4fa4-a97d-d965ccfc6d4b" outcome="Passed" testListId="8c84fa94-04c1-424b-9868-57a2d4851a1d" relativeResultsDirectory="ae7be4b5-8a7d-4c40-9629-2b38550443b0" />
    <UnitTestResult executionId="98a79136-522a-4559-b635-b5187a1f59a8" testId="9187878a-9409-b65f-327b-bf2d2f63764a" testName="SGuard.Tests.ThrowIfBetweenTests.Between_ValueInsideOrOnBounds_ThrowsBetweenException_AndReportsFailure(value: 1, min: 1, max: 10)" computerName="pkrvm7jw40e0xgp" duration="00:00:00.0009605" startTime="2025-09-05T15:44:42.5766302+00:00" endTime="2025-09-05T15:44:42.5766302+00:00" testType="13cdc9d9-ddb5-4fa4-a97d-d965ccfc6d4b" outcome="Passed" testListId="8c84fa94-04c1-424b-9868-57a2d4851a1d" relativeResultsDirectory="98a79136-522a-4559-b635-b5187a1f59a8" />
    <UnitTestResult executionId="c120d6fc-fd30-488e-8627-39fe686ffbaf" testId="67ec55cf-87bb-f2d0-eff0-474102018436" testName="SGuard.Tests.NullOrEmptyVisitorTests.Selector_Null_Throws_ArgumentNullException" computerName="pkrvm7jw40e0xgp" duration="00:00:00.0065214" startTime="2025-09-05T15:44:42.6771499+00:00" endTime="2025-09-05T15:44:42.6771500+00:00" testType="13cdc9d9-ddb5-4fa4-a97d-d965ccfc6d4b" outcome="Passed" testListId="8c84fa94-04c1-424b-9868-57a2d4851a1d" relativeResultsDirectory="c120d6fc-fd30-488e-8627-39fe686ffbaf" />
    <UnitTestResult executionId="0f2bf14b-52f2-44fc-a322-7e05778e916f" testId="6adb849b-c457-e4e7-69a9-75a5022b645f" testName="SGuard.Tests.ThrowIfNullOrEmptyTests.NullOrEmpty_Array_Empty_Throws_AndReportsFailure" computerName="pkrvm7jw40e0xgp" duration="00:00:00.0029916" startTime="2025-09-05T15:44:42.7574805+00:00" endTime="2025-09-05T15:44:42.7574806+00:00" testType="13cdc9d9-ddb5-4fa4-a97d-d965ccfc6d4b" outcome="Passed" testListId="8c84fa94-04c1-424b-9868-57a2d4851a1d" relativeResultsDirectory="0f2bf14b-52f2-44fc-a322-7e05778e916f" />
    <UnitTestResult executionId="3c67de6a-71e4-4315-8aeb-1648f2c7be9f" testId="da56fe60-3d37-3c46-b2a0-2c722c6d3d05" testName="SGuard.Tests.IsLessThanTests.LessThanOrEqual_String_InvokesCallback_WithCorrectResult" computerName="pkrvm7jw40e0xgp" duration="00:00:00.0002203" startTime="2025-09-05T15:44:42.7731508+00:00" endTime="2025-09-05T15:44:42.7731509+00:00" testType="13cdc9d9-ddb5-4fa4-a97d-d965ccfc6d4b" outcome="Passed" testListId="8c84fa94-04c1-424b-9868-57a2d4851a1d" relativeResultsDirectory="3c67de6a-71e4-4315-8aeb-1648f2c7be9f" />
    <UnitTestResult executionId="8e9e2f87-53bc-4805-bc2e-9acded1a6a01" testId="86e190d4-f9c4-2cbd-6dca-62d3d22dd7e3" testName="SGuard.Tests.IsBetweenTests.Between_WithDoubleEqualToBoundaries_ReturnsTrue(value: 10, min: 1, max: 10)" computerName="pkrvm7jw40e0xgp" duration="00:00:00.0002131" startTime="2025-09-05T15:44:42.7521634+00:00" endTime="2025-09-05T15:44:42.7521635+00:00" testType="13cdc9d9-ddb5-4fa4-a97d-d965ccfc6d4b" outcome="Passed" testListId="8c84fa94-04c1-424b-9868-57a2d4851a1d" relativeResultsDirectory="8e9e2f87-53bc-4805-bc2e-9acded1a6a01" />
    <UnitTestResult executionId="9e63fcc3-85c1-4ff4-911f-d3563f646a1d" testId="c019dcab-2cfa-3915-6688-ac1f24aadeee" testName="SGuard.Tests.CallbacksTests.LessThan_WhenLeftEqualOrGreater_ResultFalse_And_OnFailureRuns(left: 5, right: 2)" computerName="pkrvm7jw40e0xgp" duration="00:00:00.0002543" startTime="2025-09-05T15:44:42.4420520+00:00" endTime="2025-09-05T15:44:42.4420521+00:00" testType="13cdc9d9-ddb5-4fa4-a97d-d965ccfc6d4b" outcome="Passed" testListId="8c84fa94-04c1-424b-9868-57a2d4851a1d" relativeResultsDirectory="9e63fcc3-85c1-4ff4-911f-d3563f646a1d" />
    <UnitTestResult executionId="95499d09-17b1-41bd-85f9-7828d53f3c03" testId="d619a3a0-658a-b34f-7dfd-43e44e9ee327" testName="SGuard.Tests.IsAnyTests.Any_ReturnsTrue_WhenAtLeastOneElementSatisfiesPredicate" computerName="pkrvm7jw40e0xgp" duration="00:00:00.0001569" startTime="2025-09-05T15:44:42.7898493+00:00" endTime="2025-09-05T15:44:42.7898493+00:00" testType="13cdc9d9-ddb5-4fa4-a97d-d965ccfc6d4b" outcome="Passed" testListId="8c84fa94-04c1-424b-9868-57a2d4851a1d" relativeResultsDirectory="95499d09-17b1-41bd-85f9-7828d53f3c03" />
    <UnitTestResult executionId="56962302-2ad9-47b4-9e17-ce345ccdf2ad" testId="445d1041-2710-e5ea-c76f-beec05c6e2a6" testName="SGuard.Tests.ThrowIfAnyTests.Any_WorksWithNullElements" computerName="pkrvm7jw40e0xgp" duration="00:00:00.0034247" startTime="2025-09-05T15:44:42.6484272+00:00" endTime="2025-09-05T15:44:42.6484273+00:00" testType="13cdc9d9-ddb5-4fa4-a97d-d965ccfc6d4b" outcome="Passed" testListId="8c84fa94-04c1-424b-9868-57a2d4851a1d" relativeResultsDirectory="56962302-2ad9-47b4-9e17-ce345ccdf2ad" />
    <UnitTestResult executionId="797f793c-b425-473e-93a7-d32eb3d119cc" testId="e171237e-1154-d650-0a64-a4b93520de61" testName="SGuard.Tests.IsAnyTests.Any_WorksWithCustomEnumerable" computerName="pkrvm7jw40e0xgp" duration="00:00:00.0004041" startTime="2025-09-05T15:44:42.8004513+00:00" endTime="2025-09-05T15:44:42.8004514+00:00" testType="13cdc9d9-ddb5-4fa4-a97d-d965ccfc6d4b" outcome="Passed" testListId="8c84fa94-04c1-424b-9868-57a2d4851a1d" relativeResultsDirectory="797f793c-b425-473e-93a7-d32eb3d119cc" />
    <UnitTestResult executionId="7c454d92-7648-4b42-8613-6f62fc68e62d" testId="d58b354b-e605-c640-6f3f-4eace8d7909c" testName="SGuard.Tests.IsGreaterThanTests.GreaterThanOrEqual_String_Throws_OnNulls" computerName="pkrvm7jw40e0xgp" duration="00:00:00.0003257" startTime="2025-09-05T15:44:42.6889678+00:00" endTime="2025-09-05T15:44:42.6889679+00:00" testType="13cdc9d9-ddb5-4fa4-a97d-d965ccfc6d4b" outcome="Passed" testListId="8c84fa94-04c1-424b-9868-57a2d4851a1d" relativeResultsDirectory="7c454d92-7648-4b42-8613-6f62fc68e62d" />
    <UnitTestResult executionId="7d38b8d0-ccb8-42cd-b0eb-e4e15b37df6e" testId="fc55eb40-0571-0e51-89f7-de013fd25e32" testName="SGuard.Tests.IsAnyTests.Any_WorksWithNullElements" computerName="pkrvm7jw40e0xgp" duration="00:00:00.0001382" startTime="2025-09-05T15:44:42.7866856+00:00" endTime="2025-09-05T15:44:42.7866856+00:00" testType="13cdc9d9-ddb5-4fa4-a97d-d965ccfc6d4b" outcome="Passed" testListId="8c84fa94-04c1-424b-9868-57a2d4851a1d" relativeResultsDirectory="7d38b8d0-ccb8-42cd-b0eb-e4e15b37df6e" />
    <UnitTestResult executionId="7fb7a07c-0ba6-4245-817f-31ec8183bfa4" testId="2cfc6764-1cad-99bd-0b2b-95c856a94416" testName="SGuard.Tests.IsLessThanTests.LessThan_String_WorksWithAllStringComparisonTypes(comparison: Ordinal)" computerName="pkrvm7jw40e0xgp" duration="00:00:00.0000033" startTime="2025-09-05T15:44:42.7663213+00:00" endTime="2025-09-05T15:44:42.7663214+00:00" testType="13cdc9d9-ddb5-4fa4-a97d-d965ccfc6d4b" outcome="Passed" testListId="8c84fa94-04c1-424b-9868-57a2d4851a1d" relativeResultsDirectory="7fb7a07c-0ba6-4245-817f-31ec8183bfa4" />
    <UnitTestResult executionId="b8d6d304-b8b5-4b1c-a593-07b3068ae71c" testId="4e7c09ef-8a26-7a38-e6d2-8ca0a32fe15e" testName="SGuard.Tests.IsAnyTests.Any_WorksWithHashSet" computerName="pkrvm7jw40e0xgp" duration="00:00:00.0006867" startTime="2025-09-05T15:44:42.8033149+00:00" endTime="2025-09-05T15:44:42.8033151+00:00" testType="13cdc9d9-ddb5-4fa4-a97d-d965ccfc6d4b" outcome="Passed" testListId="8c84fa94-04c1-424b-9868-57a2d4851a1d" relativeResultsDirectory="b8d6d304-b8b5-4b1c-a593-07b3068ae71c" />
    <UnitTestResult executionId="33e2ade9-948e-40db-b03b-72e843dc6b7f" testId="aaf27df2-4aaa-3cf8-606c-98f7402fd5b0" testName="SGuard.Tests.IsAnyTests.Any_HandlesVaryingCollectionSizes(source: [1, 2])" computerName="pkrvm7jw40e0xgp" duration="00:00:00.0000090" startTime="2025-09-05T15:44:42.7911619+00:00" endTime="2025-09-05T15:44:42.7911620+00:00" testType="13cdc9d9-ddb5-4fa4-a97d-d965ccfc6d4b" outcome="Passed" testListId="8c84fa94-04c1-424b-9868-57a2d4851a1d" relativeResultsDirectory="33e2ade9-948e-40db-b03b-72e843dc6b7f" />
    <UnitTestResult executionId="c2cacad5-2124-4726-8c7d-0b037f0eab1f" testId="adbcfce8-7c10-22d7-797a-e3d5cdad17df" testName="SGuard.Tests.ThrowIfLessThanTests.LessThan_WhenLeftLessThanRight_ThrowsLessThanException_AndReportsFailure(left: 1, right: 2)" computerName="pkrvm7jw40e0xgp" duration="00:00:00.0002862" startTime="2025-09-05T15:44:42.6701631+00:00" endTime="2025-09-05T15:44:42.6701632+00:00" testType="13cdc9d9-ddb5-4fa4-a97d-d965ccfc6d4b" outcome="Passed" testListId="8c84fa94-04c1-424b-9868-57a2d4851a1d" relativeResultsDirectory="c2cacad5-2124-4726-8c7d-0b037f0eab1f" />
    <UnitTestResult executionId="c994bc5e-351d-44a0-ac9b-a92a858754be" testId="7b8cb39a-0008-e43a-49b2-7499ce49c0a4" testName="SGuard.Tests.ThrowIfGreaterThanTests.GreaterThanOrEqual_WhenLeftGreaterOrEqual_ThrowsGreaterThanOrEqualException_AndReportsFailure(left: 5, right: 5)" computerName="pkrvm7jw40e0xgp" duration="00:00:00.0005647" startTime="2025-09-05T15:44:42.5852863+00:00" endTime="2025-09-05T15:44:42.5852864+00:00" testType="13cdc9d9-ddb5-4fa4-a97d-d965ccfc6d4b" outcome="Passed" testListId="8c84fa94-04c1-424b-9868-57a2d4851a1d" relativeResultsDirectory="c994bc5e-351d-44a0-ac9b-a92a858754be" />
    <UnitTestResult executionId="69344048-f6d9-431b-a0c2-feeedd36fa68" testId="beb489c1-c5b1-56ea-b036-3e8aeca322a0" testName="SGuard.Tests.ExceptionActivatorTests.Create_WithNullArgs_UsesParameterlessCtor" computerName="pkrvm7jw40e0xgp" duration="00:00:00.0004941" startTime="2025-09-05T15:44:42.6465729+00:00" endTime="2025-09-05T15:44:42.6465730+00:00" testType="13cdc9d9-ddb5-4fa4-a97d-d965ccfc6d4b" outcome="Passed" testListId="8c84fa94-04c1-424b-9868-57a2d4851a1d" relativeResultsDirectory="69344048-f6d9-431b-a0c2-feeedd36fa68" />
    <UnitTestResult executionId="567aee1d-0200-4a67-8104-f5d2472498bc" testId="1dcb3db2-c02b-121f-0827-68260ba6c2ac" testName="SGuard.Tests.ThrowIfGreaterThanTests.GreaterThan_WhenLeftNotGreaterThanRight_DoesNotThrow_AndReportsSuccess(left: 1, right: 2)" computerName="pkrvm7jw40e0xgp" duration="00:00:00.0002909" startTime="2025-09-05T15:44:42.5861503+00:00" endTime="2025-09-05T15:44:42.5861503+00:00" testType="13cdc9d9-ddb5-4fa4-a97d-d965ccfc6d4b" outcome="Passed" testListId="8c84fa94-04c1-424b-9868-57a2d4851a1d" relativeResultsDirectory="567aee1d-0200-4a67-8104-f5d2472498bc" />
    <UnitTestResult executionId="d2d49938-4a6f-409a-ad71-47bd3655f042" testId="9d6735e1-e7d7-63f9-51c8-5861433745f7" testName="SGuard.Tests.IsGreaterThanTests.GreaterThan_Generic_SupportsCrossTypeComparable" computerName="pkrvm7jw40e0xgp" duration="00:00:00.0047507" startTime="2025-09-05T15:44:42.6820647+00:00" endTime="2025-09-05T15:44:42.6820648+00:00" testType="13cdc9d9-ddb5-4fa4-a97d-d965ccfc6d4b" outcome="Passed" testListId="8c84fa94-04c1-424b-9868-57a2d4851a1d" relativeResultsDirectory="d2d49938-4a6f-409a-ad71-47bd3655f042" />
    <UnitTestResult executionId="4f761574-6073-4260-94f7-f9a283434dca" testId="5cb097d0-b03e-21f9-d941-a0e363b46844" testName="SGuard.Tests.ExceptionActivatorTests.Create_WithDifferentSignature_MatchesOverload" computerName="pkrvm7jw40e0xgp" duration="00:00:00.0086981" startTime="2025-09-05T15:44:42.6602917+00:00" endTime="2025-09-05T15:44:42.6602917+00:00" testType="13cdc9d9-ddb5-4fa4-a97d-d965ccfc6d4b" outcome="Passed" testListId="8c84fa94-04c1-424b-9868-57a2d4851a1d" relativeResultsDirectory="4f761574-6073-4260-94f7-f9a283434dca" />
    <UnitTestResult executionId="791cbebb-6f1b-4fc4-a53e-2142d04ad185" testId="09e087de-0dc0-d2ca-8a60-cc1ee71413be" testName="SGuard.Tests.IsNullOrEmptyTests.NullOrEmpty_WithSelector_InvokesCallback_WithCorrectResult" computerName="pkrvm7jw40e0xgp" duration="00:00:00.0005814" startTime="2025-09-05T15:44:42.7795862+00:00" endTime="2025-09-05T15:44:42.7795862+00:00" testType="13cdc9d9-ddb5-4fa4-a97d-d965ccfc6d4b" outcome="Passed" testListId="8c84fa94-04c1-424b-9868-57a2d4851a1d" relativeResultsDirectory="791cbebb-6f1b-4fc4-a53e-2142d04ad185" />
    <UnitTestResult executionId="86dceab6-fd0c-4223-9df4-5e0931485de6" testId="1726fa0e-be6b-bd98-8559-3b1faebe4f69" testName="SGuard.Tests.ExceptionActivatorTests.Create_WhenCtorThrows_PropagatesTargetInvocationException" computerName="pkrvm7jw40e0xgp" duration="00:00:00.0005195" startTime="2025-09-05T15:44:42.6618364+00:00" endTime="2025-09-05T15:44:42.6618365+00:00" testType="13cdc9d9-ddb5-4fa4-a97d-d965ccfc6d4b" outcome="Passed" testListId="8c84fa94-04c1-424b-9868-57a2d4851a1d" relativeResultsDirectory="86dceab6-fd0c-4223-9df4-5e0931485de6" />
    <UnitTestResult executionId="a0926a66-1d83-4fdb-9aa0-33ca0b5128a0" testId="c9c6b5be-9e2b-0134-34e5-2364e51903d5" testName="SGuard.Tests.ThrowIfNullOrEmptyTests.NullOrEmpty_Value_Valid_DoesNotThrow_AndReportsSuccess(value: &quot;0&quot;)" computerName="pkrvm7jw40e0xgp" duration="00:00:00.0001256" startTime="2025-09-05T15:44:42.7137352+00:00" endTime="2025-09-05T15:44:42.7137353+00:00" testType="13cdc9d9-ddb5-4fa4-a97d-d965ccfc6d4b" outcome="Passed" testListId="8c84fa94-04c1-424b-9868-57a2d4851a1d" relativeResultsDirectory="a0926a66-1d83-4fdb-9aa0-33ca0b5128a0" />
    <UnitTestResult executionId="414c474b-2fc4-4e88-8b66-0a68618d5044" testId="35897fb6-a459-85b0-c55d-f7f56509bf64" testName="SGuard.Tests.ThrowIfBetweenTests.Between_String_GenericNew_WhenOutside_DoesNotThrow_AndReportsSuccess" computerName="pkrvm7jw40e0xgp" duration="00:00:00.0001586" startTime="2025-09-05T15:44:42.5899682+00:00" endTime="2025-09-05T15:44:42.5899683+00:00" testType="13cdc9d9-ddb5-4fa4-a97d-d965ccfc6d4b" outcome="Passed" testListId="8c84fa94-04c1-424b-9868-57a2d4851a1d" relativeResultsDirectory="414c474b-2fc4-4e88-8b66-0a68618d5044" />
    <UnitTestResult executionId="1bac7cb0-838e-459a-8cca-c886ce69af40" testId="7a8462df-a859-fcf2-501c-022c8c0a4b8a" testName="SGuard.Tests.CallbacksTests.NullOrEmpty_Collection_WhenEmpty_ResultTrue_And_OnSuccessRuns" computerName="pkrvm7jw40e0xgp" duration="00:00:00.0001964" startTime="2025-09-05T15:44:42.6114814+00:00" endTime="2025-09-05T15:44:42.6114815+00:00" testType="13cdc9d9-ddb5-4fa4-a97d-d965ccfc6d4b" outcome="Passed" testListId="8c84fa94-04c1-424b-9868-57a2d4851a1d" relativeResultsDirectory="1bac7cb0-838e-459a-8cca-c886ce69af40" />
    <UnitTestResult executionId="479f9fff-f930-4238-9a10-70d837864712" testId="3ad26f03-321a-eca4-9b33-28d818b17a22" testName="SGuard.Tests.IsNullOrEmptyTests.NullOrEmpty_WithFloatingPointValues_HandlesSpecialValues" computerName="pkrvm7jw40e0xgp" duration="00:00:00.0011132" startTime="2025-09-05T15:44:42.7011207+00:00" endTime="2025-09-05T15:44:42.7011208+00:00" testType="13cdc9d9-ddb5-4fa4-a97d-d965ccfc6d4b" outcome="Passed" testListId="8c84fa94-04c1-424b-9868-57a2d4851a1d" relativeResultsDirectory="479f9fff-f930-4238-9a10-70d837864712" />
    <UnitTestResult executionId="0af37782-2a37-4bc9-a668-2115d9a7b0bd" testId="988465f6-9c44-8665-5296-479c3ab35738" testName="SGuard.Tests.IsBetweenTests.Between_WithDoubleOutOfRange_ReturnsFalse(value: -1.5, min: 1, max: 10)" computerName="pkrvm7jw40e0xgp" duration="00:00:00.0003163" startTime="2025-09-05T15:44:42.6810732+00:00" endTime="2025-09-05T15:44:42.6810733+00:00" testType="13cdc9d9-ddb5-4fa4-a97d-d965ccfc6d4b" outcome="Passed" testListId="8c84fa94-04c1-424b-9868-57a2d4851a1d" relativeResultsDirectory="0af37782-2a37-4bc9-a668-2115d9a7b0bd" />
    <UnitTestResult executionId="e74221a6-115d-4a91-b668-88470cb5f6f9" testId="5d7cb495-63d0-8089-b724-8b54036fc375" testName="SGuard.Tests.IsAnyTests.Any_WorksWithAllNullElements" computerName="pkrvm7jw40e0xgp" duration="00:00:00.0001632" startTime="2025-09-05T15:44:42.8038672+00:00" endTime="2025-09-05T15:44:42.8038673+00:00" testType="13cdc9d9-ddb5-4fa4-a97d-d965ccfc6d4b" outcome="Passed" testListId="8c84fa94-04c1-424b-9868-57a2d4851a1d" relativeResultsDirectory="e74221a6-115d-4a91-b668-88470cb5f6f9" />
    <UnitTestResult executionId="609285be-7522-4349-b6ac-c816d768e131" testId="85f290db-6c0c-43ff-9641-bd3a64841c5b" testName="SGuard.Tests.IsBetweenTests.Between_WithDoubleInRange_ReturnsTrue(value: 5.5, min: 1, max: 10)" computerName="pkrvm7jw40e0xgp" duration="00:00:00.0002479" startTime="2025-09-05T15:44:42.6978954+00:00" endTime="2025-09-05T15:44:42.6978955+00:00" testType="13cdc9d9-ddb5-4fa4-a97d-d965ccfc6d4b" outcome="Passed" testListId="8c84fa94-04c1-424b-9868-57a2d4851a1d" relativeResultsDirectory="609285be-7522-4349-b6ac-c816d768e131" />
    <UnitTestResult executionId="78c1eb16-3bae-423c-822b-3e58580bb763" testId="556e3fd1-9bc7-6446-cac1-787a1cd9b088" testName="SGuard.Tests.IsBetweenTests.Between_WithIntegerEqualToBoundaries_ReturnsTrue(value: 1, min: 1, max: 10)" computerName="pkrvm7jw40e0xgp" duration="00:00:00.0000668" startTime="2025-09-05T15:44:42.6353967+00:00" endTime="2025-09-05T15:44:42.6353967+00:00" testType="13cdc9d9-ddb5-4fa4-a97d-d965ccfc6d4b" outcome="Passed" testListId="8c84fa94-04c1-424b-9868-57a2d4851a1d" relativeResultsDirectory="78c1eb16-3bae-423c-822b-3e58580bb763" />
    <UnitTestResult executionId="adac89db-af18-4b16-b83b-c27b0f57f716" testId="dd4ffb46-b6c6-51b3-c2df-aacc87d44bb2" testName="SGuard.Tests.ThrowIfBetweenTests.Between_String_NullArguments_ThrowArgumentNullException_AndDoNotCallCallback" computerName="pkrvm7jw40e0xgp" duration="00:00:00.0003757" startTime="2025-09-05T15:44:42.5914822+00:00" endTime="2025-09-05T15:44:42.5914823+00:00" testType="13cdc9d9-ddb5-4fa4-a97d-d965ccfc6d4b" outcome="Passed" testListId="8c84fa94-04c1-424b-9868-57a2d4851a1d" relativeResultsDirectory="adac89db-af18-4b16-b83b-c27b0f57f716" />
    <UnitTestResult executionId="cdbec727-9c1d-4909-808e-9c9573d1ccc8" testId="78ee6795-320c-c97c-2227-2ea51724b0a8" testName="SGuard.Tests.IsBetweenTests.Between_WithDoubleInRange_ReturnsTrue(value: 2.7000000000000002, min: 1, max: 10)" computerName="pkrvm7jw40e0xgp" duration="00:00:00.0000148" startTime="2025-09-05T15:44:42.6999003+00:00" endTime="2025-09-05T15:44:42.6999003+00:00" testType="13cdc9d9-ddb5-4fa4-a97d-d965ccfc6d4b" outcome="Passed" testListId="8c84fa94-04c1-424b-9868-57a2d4851a1d" relativeResultsDirectory="cdbec727-9c1d-4909-808e-9c9573d1ccc8" />
    <UnitTestResult executionId="08321a17-d894-40c0-aa8f-6cd8646b6c92" testId="16874519-916e-7dc6-157e-768d6c564642" testName="SGuard.Tests.ThrowIfBetweenTests.Between_ValueOutside_DoesNotThrow_AndReportsSuccess(value: 11, min: 1, max: 10)" computerName="pkrvm7jw40e0xgp" duration="00:00:00.0001291" startTime="2025-09-05T15:44:42.5876041+00:00" endTime="2025-09-05T15:44:42.5876042+00:00" testType="13cdc9d9-ddb5-4fa4-a97d-d965ccfc6d4b" outcome="Passed" testListId="8c84fa94-04c1-424b-9868-57a2d4851a1d" relativeResultsDirectory="08321a17-d894-40c0-aa8f-6cd8646b6c92" />
    <UnitTestResult executionId="22d8b7ac-5402-48a2-b68d-23fff2fa98a7" testId="4ea4d85f-854e-075a-3a25-0b35db5ffc03" testName="SGuard.Tests.NullOrEmptyVisitorTests.Enumerables_With_And_Without_Count" computerName="pkrvm7jw40e0xgp" duration="00:00:00.0121379" startTime="2025-09-05T15:44:42.7026174+00:00" endTime="2025-09-05T15:44:42.7026175+00:00" testType="13cdc9d9-ddb5-4fa4-a97d-d965ccfc6d4b" outcome="Passed" testListId="8c84fa94-04c1-424b-9868-57a2d4851a1d" relativeResultsDirectory="22d8b7ac-5402-48a2-b68d-23fff2fa98a7" />
    <UnitTestResult executionId="fd7c9cc3-e50b-4fdc-927e-ea648f9d7ca6" testId="ec723482-179a-f434-c40e-6062e411ae72" testName="SGuard.Tests.CallbacksTests.NullOrEmpty_Collection_WhenNonEmpty_ResultFalse_And_OnFailureRuns" computerName="pkrvm7jw40e0xgp" duration="00:00:00.0002665" startTime="2025-09-05T15:44:42.5804727+00:00" endTime="2025-09-05T15:44:42.5804728+00:00" testType="13cdc9d9-ddb5-4fa4-a97d-d965ccfc6d4b" outcome="Passed" testListId="8c84fa94-04c1-424b-9868-57a2d4851a1d" relativeResultsDirectory="fd7c9cc3-e50b-4fdc-927e-ea648f9d7ca6" />
    <UnitTestResult executionId="77e9a233-6b86-4764-b231-bc3ff073b254" testId="0efe75e2-485b-493d-5ab6-a0521345d39f" testName="SGuard.Tests.IsBetweenTests.Between_WithIntegerEqualToBoundaries_ReturnsTrue(value: 10, min: 1, max: 10)" computerName="pkrvm7jw40e0xgp" duration="00:00:00.0002000" startTime="2025-09-05T15:44:42.6358676+00:00" endTime="2025-09-05T15:44:42.6358676+00:00" testType="13cdc9d9-ddb5-4fa4-a97d-d965ccfc6d4b" outcome="Passed" testListId="8c84fa94-04c1-424b-9868-57a2d4851a1d" relativeResultsDirectory="77e9a233-6b86-4764-b231-bc3ff073b254" />
    <UnitTestResult executionId="a97d5b00-7498-4e78-90f0-e36fbf898828" testId="fd05517d-22a5-92f7-5f40-69da62421ffa" testName="SGuard.Tests.ThrowIfNullOrEmptyTests.NullOrEmpty_Value_Valid_DoesNotThrow_AndReportsSuccess(value: &quot;a&quot;)" computerName="pkrvm7jw40e0xgp" duration="00:00:00.0001317" startTime="2025-09-05T15:44:42.7058489+00:00" endTime="2025-09-05T15:44:42.7058489+00:00" testType="13cdc9d9-ddb5-4fa4-a97d-d965ccfc6d4b" outcome="Passed" testListId="8c84fa94-04c1-424b-9868-57a2d4851a1d" relativeResultsDirectory="a97d5b00-7498-4e78-90f0-e36fbf898828" />
    <UnitTestResult executionId="3d332849-1d53-4de9-acb1-fa1585435a0d" testId="fc3a917b-bf1e-cd59-0b24-7c17b4ea6c48" testName="SGuard.Tests.IsNullOrEmptyTests.NullOrEmpty_WithNullValue_ReturnsTrue" computerName="pkrvm7jw40e0xgp" duration="00:00:00.0002251" startTime="2025-09-05T15:44:42.7205300+00:00" endTime="2025-09-05T15:44:42.7205301+00:00" testType="13cdc9d9-ddb5-4fa4-a97d-d965ccfc6d4b" outcome="Passed" testListId="8c84fa94-04c1-424b-9868-57a2d4851a1d" relativeResultsDirectory="3d332849-1d53-4de9-acb1-fa1585435a0d" />
    <UnitTestResult executionId="59ea6970-5e2a-445e-b24b-2c1b30838b12" testId="879fd417-7a87-88c4-d21d-9738d81d2419" testName="SGuard.Tests.IsBetweenTests.Between_WithStringEqualToBoundaries_ReturnsTrue(value: &quot;alpha&quot;, min: &quot;alpha&quot;, max: &quot;echo&quot;)" computerName="pkrvm7jw40e0xgp" duration="00:00:00.0001641" startTime="2025-09-05T15:44:42.6961554+00:00" endTime="2025-09-05T15:44:42.6961555+00:00" testType="13cdc9d9-ddb5-4fa4-a97d-d965ccfc6d4b" outcome="Passed" testListId="8c84fa94-04c1-424b-9868-57a2d4851a1d" relativeResultsDirectory="59ea6970-5e2a-445e-b24b-2c1b30838b12" />
    <UnitTestResult executionId="211ae825-3245-4670-abe0-fb9cf78b8936" testId="56173c8f-4f29-e385-1e42-d1c585f0e819" testName="SGuard.Tests.ThrowTests.LessThanOrEqualException_ShouldThrow_TypeAndNonEmptyMessage" computerName="pkrvm7jw40e0xgp" duration="00:00:00.0220971" startTime="2025-09-05T15:44:42.7750893+00:00" endTime="2025-09-05T15:44:42.7750893+00:00" testType="13cdc9d9-ddb5-4fa4-a97d-d965ccfc6d4b" outcome="Passed" testListId="8c84fa94-04c1-424b-9868-57a2d4851a1d" relativeResultsDirectory="211ae825-3245-4670-abe0-fb9cf78b8936" />
    <UnitTestResult executionId="d38c3417-9203-46bb-910b-4053bbcb90da" testId="f00914ae-167a-f764-5616-cb9780a8832b" testName="SGuard.Tests.CallbacksTests.CombinedCallbacks_WhenTrue_OnlySuccessRuns" computerName="pkrvm7jw40e0xgp" duration="00:00:00.0002188" startTime="2025-09-05T15:44:42.5995825+00:00" endTime="2025-09-05T15:44:42.5995826+00:00" testType="13cdc9d9-ddb5-4fa4-a97d-d965ccfc6d4b" outcome="Passed" testListId="8c84fa94-04c1-424b-9868-57a2d4851a1d" relativeResultsDirectory="d38c3417-9203-46bb-910b-4053bbcb90da" />
    <UnitTestResult executionId="f78964cd-118c-45c1-9e36-42615811b6b9" testId="31f01ad3-ccf2-60b7-c73b-17be3d7a9164" testName="SGuard.Tests.CallbacksTests.InlineCallback_ObservesFailure_OnGuardThrow" computerName="pkrvm7jw40e0xgp" duration="00:00:00.0003116" startTime="2025-09-05T15:44:42.5985449+00:00" endTime="2025-09-05T15:44:42.5985450+00:00" testType="13cdc9d9-ddb5-4fa4-a97d-d965ccfc6d4b" outcome="Passed" testListId="8c84fa94-04c1-424b-9868-57a2d4851a1d" relativeResultsDirectory="f78964cd-118c-45c1-9e36-42615811b6b9" />
    <UnitTestResult executionId="a64b6b04-43d7-45a5-b5da-3de500124b4f" testId="d8f4bb94-00b9-c77c-9fe8-8eb6347f3f86" testName="SGuard.Tests.ThrowIfBetweenTests.Between_GenericNew_WhenOutside_DoesNotThrow_AndReportsSuccess" computerName="pkrvm7jw40e0xgp" duration="00:00:00.0005142" startTime="2025-09-05T15:44:42.5969097+00:00" endTime="2025-09-05T15:44:42.5969098+00:00" testType="13cdc9d9-ddb5-4fa4-a97d-d965ccfc6d4b" outcome="Passed" testListId="8c84fa94-04c1-424b-9868-57a2d4851a1d" relativeResultsDirectory="a64b6b04-43d7-45a5-b5da-3de500124b4f" />
    <UnitTestResult executionId="1233fdab-d9c8-4bb7-aa9c-6d6aecae7e30" testId="14bf7f25-924f-f582-2a4e-e0ade3fe4378" testName="SGuard.Tests.IsLessThanTests.LessThan_String_WorksWithAllStringComparisonTypes(comparison: CurrentCulture)" computerName="pkrvm7jw40e0xgp" duration="00:00:00.0000025" startTime="2025-09-05T15:44:42.7668010+00:00" endTime="2025-09-05T15:44:42.7668011+00:00" testType="13cdc9d9-ddb5-4fa4-a97d-d965ccfc6d4b" outcome="Passed" testListId="8c84fa94-04c1-424b-9868-57a2d4851a1d" relativeResultsDirectory="1233fdab-d9c8-4bb7-aa9c-6d6aecae7e30" />
    <UnitTestResult executionId="c2bf2fe7-edaa-4271-8550-ac97d1690ea1" testId="0d073dd1-f5e3-fb95-6a08-74d9879c5758" testName="SGuard.Tests.IsNullOrEmptyTests.NullOrEmpty_WithEmptyPrimitiveValues_ReturnsTrue(value: 0)" computerName="pkrvm7jw40e0xgp" duration="00:00:00.0000026" startTime="2025-09-05T15:44:42.7301570+00:00" endTime="2025-09-05T15:44:42.7301571+00:00" testType="13cdc9d9-ddb5-4fa4-a97d-d965ccfc6d4b" outcome="Passed" testListId="8c84fa94-04c1-424b-9868-57a2d4851a1d" relativeResultsDirectory="c2bf2fe7-edaa-4271-8550-ac97d1690ea1" />
    <UnitTestResult executionId="c65a25a6-34a9-47c8-8466-bc458d1061d3" testId="4526ec7d-1013-5e39-089b-6ad964524407" testName="SGuard.Tests.IsAllTests.All_ReturnsTrue_ForEmptySource" computerName="pkrvm7jw40e0xgp" duration="00:00:00.0001105" startTime="2025-09-05T15:44:42.6209407+00:00" endTime="2025-09-05T15:44:42.6209407+00:00" testType="13cdc9d9-ddb5-4fa4-a97d-d965ccfc6d4b" outcome="Passed" testListId="8c84fa94-04c1-424b-9868-57a2d4851a1d" relativeResultsDirectory="c65a25a6-34a9-47c8-8466-bc458d1061d3" />
    <UnitTestResult executionId="967ba4a3-84ae-4d82-91b4-9fa00ecd6bf8" testId="597fc92c-0929-0812-fa24-f9f8caebe879" testName="SGuard.Tests.ThrowIfNullOrEmptyTests.NullOrEmpty_Selector_DefaultException_NullProperty_Throws_AndReportsFailure" computerName="pkrvm7jw40e0xgp" duration="00:00:00.0008662" startTime="2025-09-05T15:44:42.7228911+00:00" endTime="2025-09-05T15:44:42.7228912+00:00" testType="13cdc9d9-ddb5-4fa4-a97d-d965ccfc6d4b" outcome="Passed" testListId="8c84fa94-04c1-424b-9868-57a2d4851a1d" relativeResultsDirectory="967ba4a3-84ae-4d82-91b4-9fa00ecd6bf8" />
    <UnitTestResult executionId="2c0ef7b2-bba9-4c54-b742-6d3dce9ea684" testId="52f90494-2266-7d61-e621-17efb82856b9" testName="SGuard.Tests.ThrowIfGreaterThanTests.GreaterThanOrEqual_WithGenericExceptionNew_ValidComparison_DoesNotThrow_AndReportsSuccess" computerName="pkrvm7jw40e0xgp" duration="00:00:00.0124260" startTime="2025-09-05T15:44:42.5839128+00:00" endTime="2025-09-05T15:44:42.5839129+00:00" testType="13cdc9d9-ddb5-4fa4-a97d-d965ccfc6d4b" outcome="Passed" testListId="8c84fa94-04c1-424b-9868-57a2d4851a1d" relativeResultsDirectory="2c0ef7b2-bba9-4c54-b742-6d3dce9ea684" />
    <UnitTestResult executionId="8f6adc6e-d41e-4f76-a5b8-1dff66f96eec" testId="c07e4c7e-a127-daaa-772b-809dc896fe49" testName="SGuard.Tests.CallbacksTests.LessThanOrEqual_WhenLessOrEqual_ResultTrue_And_OnSuccessRuns(left: 10, right: 10)" computerName="pkrvm7jw40e0xgp" duration="00:00:00.0003052" startTime="2025-09-05T15:44:42.5824584+00:00" endTime="2025-09-05T15:44:42.5824585+00:00" testType="13cdc9d9-ddb5-4fa4-a97d-d965ccfc6d4b" outcome="Passed" testListId="8c84fa94-04c1-424b-9868-57a2d4851a1d" relativeResultsDirectory="8f6adc6e-d41e-4f76-a5b8-1dff66f96eec" />
    <UnitTestResult executionId="333775dc-0f5f-4c3c-94f9-86c0d95976c9" testId="862cadc1-92e5-3d39-b38d-854547e0f43f" testName="SGuard.Tests.IsBetweenTests.Between_WithDecimalOutOfRange_ReturnsFalse(valueStr: &quot;0.9&quot;, minStr: &quot;1.0&quot;, maxStr: &quot;10.0&quot;)" computerName="pkrvm7jw40e0xgp" duration="00:00:00.0149202" startTime="2025-09-05T15:44:42.6669089+00:00" endTime="2025-09-05T15:44:42.6669089+00:00" testType="13cdc9d9-ddb5-4fa4-a97d-d965ccfc6d4b" outcome="Passed" testListId="8c84fa94-04c1-424b-9868-57a2d4851a1d" relativeResultsDirectory="333775dc-0f5f-4c3c-94f9-86c0d95976c9" />
    <UnitTestResult executionId="6be6a576-5d49-4702-b61b-00650e9e4b1c" testId="4d6a1ad5-4055-7008-b575-a82005f30d4d" testName="SGuard.Tests.IsAnyTests.Any_HandlesVaryingCollectionSizes(source: [1])" computerName="pkrvm7jw40e0xgp" duration="00:00:00.0004925" startTime="2025-09-05T15:44:42.7901319+00:00" endTime="2025-09-05T15:44:42.7901320+00:00" testType="13cdc9d9-ddb5-4fa4-a97d-d965ccfc6d4b" outcome="Passed" testListId="8c84fa94-04c1-424b-9868-57a2d4851a1d" relativeResultsDirectory="6be6a576-5d49-4702-b61b-00650e9e4b1c" />
    <UnitTestResult executionId="2430c2c6-f1ae-4e96-9fa5-a7901c1251d9" testId="bf67f8ca-ce70-e4d6-a3e8-465825ebdf62" testName="SGuard.Tests.IsLessThanTests.LessThan_String_ThrowsArgumentNullException_WhenLeftValueIsNull" computerName="pkrvm7jw40e0xgp" duration="00:00:00.0031323" startTime="2025-09-05T15:44:42.7977899+00:00" endTime="2025-09-05T15:44:42.7977900+00:00" testType="13cdc9d9-ddb5-4fa4-a97d-d965ccfc6d4b" outcome="Passed" testListId="8c84fa94-04c1-424b-9868-57a2d4851a1d" relativeResultsDirectory="2430c2c6-f1ae-4e96-9fa5-a7901c1251d9" />
    <UnitTestResult executionId="916e0ea6-edf1-4e2e-9057-8a2621ea779c" testId="e6a37082-7b0a-1b01-07f6-a883be8a78d6" testName="SGuard.Tests.NullOrEmptyVisitorTests.Unary_Conversion_Boxing_Path_Works" computerName="pkrvm7jw40e0xgp" duration="00:00:00.0009575" startTime="2025-09-05T15:44:42.6691293+00:00" endTime="2025-09-05T15:44:42.6691294+00:00" testType="13cdc9d9-ddb5-4fa4-a97d-d965ccfc6d4b" outcome="Passed" testListId="8c84fa94-04c1-424b-9868-57a2d4851a1d" relativeResultsDirectory="916e0ea6-edf1-4e2e-9057-8a2621ea779c" />
    <UnitTestResult executionId="250e82eb-419c-4ebd-aa7b-4d427dbe3741" testId="9527125f-b057-7338-0738-1487431189d3" testName="SGuard.Tests.ThrowIfNullOrEmptyTests.NullOrEmpty_Value_NullOrEmpty_ThrowsNullOrEmptyException_AndReportsFailure(value: &quot;&quot;)" computerName="pkrvm7jw40e0xgp" duration="00:00:00.0001483" startTime="2025-09-05T15:44:42.7189819+00:00" endTime="2025-09-05T15:44:42.7189820+00:00" testType="13cdc9d9-ddb5-4fa4-a97d-d965ccfc6d4b" outcome="Passed" testListId="8c84fa94-04c1-424b-9868-57a2d4851a1d" relativeResultsDirectory="250e82eb-419c-4ebd-aa7b-4d427dbe3741" />
    <UnitTestResult executionId="dd3c7c04-e4dc-4a5e-8855-56b9174a60ba" testId="8117c7b2-e52c-ec1d-46d1-766ffe0331e1" testName="SGuard.Tests.ThrowIfNullOrEmptyTests.NullOrEmpty_Selector_WithExceptionInstance_Valid_DoesNotThrow_AndReportsSuccess" computerName="pkrvm7jw40e0xgp" duration="00:00:00.0017249" startTime="2025-09-05T15:44:42.7021024+00:00" endTime="2025-09-05T15:44:42.7021025+00:00" testType="13cdc9d9-ddb5-4fa4-a97d-d965ccfc6d4b" outcome="Passed" testListId="8c84fa94-04c1-424b-9868-57a2d4851a1d" relativeResultsDirectory="dd3c7c04-e4dc-4a5e-8855-56b9174a60ba" />
    <UnitTestResult executionId="9fc4d797-ed2b-4a2e-ad84-4df35ced4025" testId="9263c1ca-eb80-43ad-5c1d-1232bee2df4b" testName="SGuard.Tests.ThrowIfAnyTests.Any_Generic_WorksWithComplexObjects" computerName="pkrvm7jw40e0xgp" duration="00:00:00.0010160" startTime="2025-09-05T15:44:42.6233587+00:00" endTime="2025-09-05T15:44:42.6233588+00:00" testType="13cdc9d9-ddb5-4fa4-a97d-d965ccfc6d4b" outcome="Passed" testListId="8c84fa94-04c1-424b-9868-57a2d4851a1d" relativeResultsDirectory="9fc4d797-ed2b-4a2e-ad84-4df35ced4025" />
    <UnitTestResult executionId="292b1cbc-b011-4885-a314-c1af216d8244" testId="db19083b-ed9d-5c81-2dc0-a0e1335a2d73" testName="SGuard.Tests.IsNullOrEmptyTests.NullOrEmpty_WithEmptyArrays_ReturnsTrue(array: [])" computerName="pkrvm7jw40e0xgp" duration="00:00:00.0001357" startTime="2025-09-05T15:44:42.7254141+00:00" endTime="2025-09-05T15:44:42.7254143+00:00" testType="13cdc9d9-ddb5-4fa4-a97d-d965ccfc6d4b" outcome="Passed" testListId="8c84fa94-04c1-424b-9868-57a2d4851a1d" relativeResultsDirectory="292b1cbc-b011-4885-a314-c1af216d8244" />
    <UnitTestResult executionId="12ef59c2-241c-46b5-8ea0-471060afb1a8" testId="06a909a1-c310-b7b8-bfab-6f59aca866f2" testName="SGuard.Tests.IsLessThanTests.LessThanOrEqual_String_WorksWithAllStringComparisonTypes(comparison: InvariantCultureIgnoreCase)" computerName="pkrvm7jw40e0xgp" duration="00:00:00.0000076" startTime="2025-09-05T15:44:42.7713206+00:00" endTime="2025-09-05T15:44:42.7713207+00:00" testType="13cdc9d9-ddb5-4fa4-a97d-d965ccfc6d4b" outcome="Passed" testListId="8c84fa94-04c1-424b-9868-57a2d4851a1d" relativeResultsDirectory="12ef59c2-241c-46b5-8ea0-471060afb1a8" />
    <UnitTestResult executionId="aeadfbfb-e233-4703-be29-c67498c90ff6" testId="2aa5cc9e-2360-1d6c-e2ab-7bb62e949ad6" testName="SGuard.Tests.IsBetweenTests.Between_WithDateTimeEqualToMaxBoundary_ReturnsTrue" computerName="pkrvm7jw40e0xgp" duration="00:00:00.0065676" startTime="2025-09-05T15:44:42.6766387+00:00" endTime="2025-09-05T15:44:42.6766388+00:00" testType="13cdc9d9-ddb5-4fa4-a97d-d965ccfc6d4b" outcome="Passed" testListId="8c84fa94-04c1-424b-9868-57a2d4851a1d" relativeResultsDirectory="aeadfbfb-e233-4703-be29-c67498c90ff6" />
    <UnitTestResult executionId="7f0fab7a-06ae-4e98-a0de-bf232f4bd4a2" testId="c673dbb5-8b8d-041d-a6cd-e2198cc6b4c2" testName="SGuard.Tests.IsNullOrEmptyTests.NullOrEmpty_WithDecimalValues_BehavesCorrectly" computerName="pkrvm7jw40e0xgp" duration="00:00:00.0008475" startTime="2025-09-05T15:44:42.7338819+00:00" endTime="2025-09-05T15:44:42.7338820+00:00" testType="13cdc9d9-ddb5-4fa4-a97d-d965ccfc6d4b" outcome="Passed" testListId="8c84fa94-04c1-424b-9868-57a2d4851a1d" relativeResultsDirectory="7f0fab7a-06ae-4e98-a0de-bf232f4bd4a2" />
    <UnitTestResult executionId="10970bbe-0dca-42cc-b2cd-1ca1d05597fc" testId="9041528f-c30f-7b42-b3dd-a5b591962fd7" testName="SGuard.Tests.IsLessThanTests.LessThan_Generic_ReturnsTrue_WhenLeftIsLessThanRight" computerName="pkrvm7jw40e0xgp" duration="00:00:00.0001102" startTime="2025-09-05T15:44:42.7886678+00:00" endTime="2025-09-05T15:44:42.7886678+00:00" testType="13cdc9d9-ddb5-4fa4-a97d-d965ccfc6d4b" outcome="Passed" testListId="8c84fa94-04c1-424b-9868-57a2d4851a1d" relativeResultsDirectory="10970bbe-0dca-42cc-b2cd-1ca1d05597fc" />
    <UnitTestResult executionId="52468b63-cd00-434e-99ab-8bd2253385ad" testId="7bd5b3de-124b-7be2-e219-13220ed44e6b" testName="SGuard.Tests.IsAnyTests.Any_BehavesConsistentlyWithLinqAny_EmptySource" computerName="pkrvm7jw40e0xgp" duration="00:00:00.0091534" startTime="2025-09-05T15:44:42.7840993+00:00" endTime="2025-09-05T15:44:42.7840993+00:00" testType="13cdc9d9-ddb5-4fa4-a97d-d965ccfc6d4b" outcome="Passed" testListId="8c84fa94-04c1-424b-9868-57a2d4851a1d" relativeResultsDirectory="52468b63-cd00-434e-99ab-8bd2253385ad" />
    <UnitTestResult executionId="0f9014e9-a694-4511-8463-40f0e6f11491" testId="bef2ead2-334b-9e63-ef6b-32eddd653595" testName="SGuard.Tests.IsLessThanTests.LessThan_Generic_InvokesCallback_WithCorrectResult" computerName="pkrvm7jw40e0xgp" duration="00:00:00.0073319" startTime="2025-09-05T15:44:42.7960087+00:00" endTime="2025-09-05T15:44:42.7960088+00:00" testType="13cdc9d9-ddb5-4fa4-a97d-d965ccfc6d4b" outcome="Passed" testListId="8c84fa94-04c1-424b-9868-57a2d4851a1d" relativeResultsDirectory="0f9014e9-a694-4511-8463-40f0e6f11491" />
    <UnitTestResult executionId="a2b91ce9-db27-4ac4-bf2a-67ac4a4dd387" testId="86411097-c0c4-6e59-0086-cf8889dfed55" testName="SGuard.Tests.IsNullOrEmptyTests.NullOrEmpty_WithDefaultValues_ReturnsTrue" computerName="pkrvm7jw40e0xgp" duration="00:00:00.0004066" startTime="2025-09-05T15:44:42.7775666+00:00" endTime="2025-09-05T15:44:42.7775667+00:00" testType="13cdc9d9-ddb5-4fa4-a97d-d965ccfc6d4b" outcome="Passed" testListId="8c84fa94-04c1-424b-9868-57a2d4851a1d" relativeResultsDirectory="a2b91ce9-db27-4ac4-bf2a-67ac4a4dd387" />
    <UnitTestResult executionId="0f551ec0-f3d4-4259-a03b-6c6a51fddfeb" testId="34f72b39-e2db-6674-c720-3e1e4c66494f" testName="SGuard.Tests.ThrowIfBetweenTests.Between_String_WhenOutside_DoesNotThrow_AndReportsSuccess(value: &quot;0&quot;, min: &quot;a&quot;, max: &quot;z&quot;, cmp: Ordinal)" computerName="pkrvm7jw40e0xgp" duration="00:00:00.0001987" startTime="2025-09-05T15:44:42.5909648+00:00" endTime="2025-09-05T15:44:42.5909649+00:00" testType="13cdc9d9-ddb5-4fa4-a97d-d965ccfc6d4b" outcome="Passed" testListId="8c84fa94-04c1-424b-9868-57a2d4851a1d" relativeResultsDirectory="0f551ec0-f3d4-4259-a03b-6c6a51fddfeb" />
    <UnitTestResult executionId="2a6ecbcc-980e-4695-b7a0-6c45ed91e4a0" testId="04cb4ff0-9b12-bea5-d01c-d791b2eb839f" testName="SGuard.Tests.IsNullOrEmptyTests.NullOrEmpty_WithAnonymousTypes_BehavesCorrectly" computerName="pkrvm7jw40e0xgp" duration="00:00:00.0006553" startTime="2025-09-05T15:44:42.7218962+00:00" endTime="2025-09-05T15:44:42.7218963+00:00" testType="13cdc9d9-ddb5-4fa4-a97d-d965ccfc6d4b" outcome="Passed" testListId="8c84fa94-04c1-424b-9868-57a2d4851a1d" relativeResultsDirectory="2a6ecbcc-980e-4695-b7a0-6c45ed91e4a0" />
    <UnitTestResult executionId="43e43317-4751-4030-9254-13d626a820a1" testId="f49209dd-4422-38d2-9eca-e1d5b2b7620a" testName="SGuard.Tests.IsAnyTests.Any_WorksWithComplexObjects_ReturnsTrue" computerName="pkrvm7jw40e0xgp" duration="00:00:00.0001871" startTime="2025-09-05T15:44:42.7956404+00:00" endTime="2025-09-05T15:44:42.7956405+00:00" testType="13cdc9d9-ddb5-4fa4-a97d-d965ccfc6d4b" outcome="Passed" testListId="8c84fa94-04c1-424b-9868-57a2d4851a1d" relativeResultsDirectory="43e43317-4751-4030-9254-13d626a820a1" />
    <UnitTestResult executionId="57f613bb-fc59-4347-b937-acebba2476f3" testId="4da4a001-c2cc-4c3e-6b4a-aaf6a0f91400" testName="SGuard.Tests.ThrowIfBetweenTests.Between_String_WithExceptionInstance_NullException_ThrowsArgumentNullException_AndDoesNotCallCallback" computerName="pkrvm7jw40e0xgp" duration="00:00:00.0013336" startTime="2025-09-05T15:44:42.5756347+00:00" endTime="2025-09-05T15:44:42.5756349+00:00" testType="13cdc9d9-ddb5-4fa4-a97d-d965ccfc6d4b" outcome="Passed" testListId="8c84fa94-04c1-424b-9868-57a2d4851a1d" relativeResultsDirectory="57f613bb-fc59-4347-b937-acebba2476f3" />
    <UnitTestResult executionId="9be32ff5-f692-426d-8e48-2598b91cf279" testId="6ccaefda-9a98-04e2-5e68-25f6e5404c2b" testName="SGuard.Tests.IsGreaterThanTests.GreaterThanOrEqual_String_Behavior" computerName="pkrvm7jw40e0xgp" duration="00:00:00.0001648" startTime="2025-09-05T15:44:42.6747389+00:00" endTime="2025-09-05T15:44:42.6747390+00:00" testType="13cdc9d9-ddb5-4fa4-a97d-d965ccfc6d4b" outcome="Passed" testListId="8c84fa94-04c1-424b-9868-57a2d4851a1d" relativeResultsDirectory="9be32ff5-f692-426d-8e48-2598b91cf279" />
    <UnitTestResult executionId="7201d27a-a6d4-4d65-ab7e-af48a008a0a6" testId="c342431f-6331-9252-6d77-e9cdef259163" testName="SGuard.Tests.CallbacksTests.NullOrEmpty_String_WhenNonEmpty_DoesNotThrow_And_OnSuccessRuns" computerName="pkrvm7jw40e0xgp" duration="00:00:00.0001566" startTime="2025-09-05T15:44:42.6079617+00:00" endTime="2025-09-05T15:44:42.6079618+00:00" testType="13cdc9d9-ddb5-4fa4-a97d-d965ccfc6d4b" outcome="Passed" testListId="8c84fa94-04c1-424b-9868-57a2d4851a1d" relativeResultsDirectory="7201d27a-a6d4-4d65-ab7e-af48a008a0a6" />
    <UnitTestResult executionId="64955a8c-09b4-47ae-9050-01e55b68c4c5" testId="c5813fa1-54de-b24b-285e-e36290974c13" testName="SGuard.Tests.IsGreaterThanTests.GreaterThan_String_Throws_OnNulls" computerName="pkrvm7jw40e0xgp" duration="00:00:00.0003822" startTime="2025-09-05T15:44:42.6757182+00:00" endTime="2025-09-05T15:44:42.6757182+00:00" testType="13cdc9d9-ddb5-4fa4-a97d-d965ccfc6d4b" outcome="Passed" testListId="8c84fa94-04c1-424b-9868-57a2d4851a1d" relativeResultsDirectory="64955a8c-09b4-47ae-9050-01e55b68c4c5" />
    <UnitTestResult executionId="2ed73333-661f-407a-87ca-3e667c6ba3f0" testId="a7c5d3da-881e-9ae7-f9b1-ac7235d8a059" testName="SGuard.Tests.IsBetweenTests.Between_WithDecimalOutOfRange_ReturnsFalse(valueStr: &quot;10.1&quot;, minStr: &quot;1.0&quot;, maxStr: &quot;10.0&quot;)" computerName="pkrvm7jw40e0xgp" duration="00:00:00.0001593" startTime="2025-09-05T15:44:42.6686399+00:00" endTime="2025-09-05T15:44:42.6686400+00:00" testType="13cdc9d9-ddb5-4fa4-a97d-d965ccfc6d4b" outcome="Passed" testListId="8c84fa94-04c1-424b-9868-57a2d4851a1d" relativeResultsDirectory="2ed73333-661f-407a-87ca-3e667c6ba3f0" />
    <UnitTestResult executionId="9292508a-dc08-41a9-8a50-27fea7c53e50" testId="697ce825-a90f-ddea-687a-d1f9b39ab1c6" testName="SGuard.Tests.IsNullOrEmptyTests.NullOrEmpty_WithEmptyPrimitiveValues_ReturnsTrue(value: 0)" computerName="pkrvm7jw40e0xgp" duration="00:00:00.0000663" startTime="2025-09-05T15:44:42.7259229+00:00" endTime="2025-09-05T15:44:42.7259229+00:00" testType="13cdc9d9-ddb5-4fa4-a97d-d965ccfc6d4b" outcome="Passed" testListId="8c84fa94-04c1-424b-9868-57a2d4851a1d" relativeResultsDirectory="9292508a-dc08-41a9-8a50-27fea7c53e50" />
    <UnitTestResult executionId="e168e73a-fe62-4541-82e0-a0bc02155998" testId="419308b0-757b-4ab3-1455-d68b255b25c7" testName="SGuard.Tests.IsNullOrEmptyTests.NullOrEmpty_WithEmptyPrimitiveValues_ReturnsTrue(value: 0)" computerName="pkrvm7jw40e0xgp" duration="00:00:00.0000036" startTime="2025-09-05T15:44:42.7296696+00:00" endTime="2025-09-05T15:44:42.7296697+00:00" testType="13cdc9d9-ddb5-4fa4-a97d-d965ccfc6d4b" outcome="Passed" testListId="8c84fa94-04c1-424b-9868-57a2d4851a1d" relativeResultsDirectory="e168e73a-fe62-4541-82e0-a0bc02155998" />
    <UnitTestResult executionId="9bd4576a-f087-46e0-b698-27522c2c8be3" testId="4e4bd7f8-3558-16dc-bb2d-78788ff2bfff" testName="SGuard.Tests.ThrowIfNullOrEmptyTests.NullOrEmpty_Selector_DefaultException_SelectorNull_ThrowsArgumentNullException_AndDoesNotCallCallback" computerName="pkrvm7jw40e0xgp" duration="00:00:00.0002329" startTime="2025-09-05T15:44:42.7370291+00:00" endTime="2025-09-05T15:44:42.7370291+00:00" testType="13cdc9d9-ddb5-4fa4-a97d-d965ccfc6d4b" outcome="Passed" testListId="8c84fa94-04c1-424b-9868-57a2d4851a1d" relativeResultsDirectory="9bd4576a-f087-46e0-b698-27522c2c8be3" />
    <UnitTestResult executionId="521fe356-efbc-4b2e-9f4b-42d41dda89ed" testId="d9ada42b-a75b-422e-84b9-ba70d2f97eae" testName="SGuard.Tests.CallbacksTests.NullOrEmpty_String_WhenNullOrEmpty_Throws_And_OnFailureRuns(value: &quot;&quot;)" computerName="pkrvm7jw40e0xgp" duration="00:00:00.0001943" startTime="2025-09-05T15:44:42.5819254+00:00" endTime="2025-09-05T15:44:42.5819255+00:00" testType="13cdc9d9-ddb5-4fa4-a97d-d965ccfc6d4b" outcome="Passed" testListId="8c84fa94-04c1-424b-9868-57a2d4851a1d" relativeResultsDirectory="521fe356-efbc-4b2e-9f4b-42d41dda89ed" />
    <UnitTestResult executionId="a6181186-83c5-4063-8b54-38de6f6cc46d" testId="f6c213a0-d286-2a17-8841-f31f0a58a567" testName="SGuard.Tests.IsNullOrEmptyTests.NullOrEmpty_WithEmptyPrimitiveValues_ReturnsTrue(value: 0)" computerName="pkrvm7jw40e0xgp" duration="00:00:00.0000026" startTime="2025-09-05T15:44:42.7306263+00:00" endTime="2025-09-05T15:44:42.7306263+00:00" testType="13cdc9d9-ddb5-4fa4-a97d-d965ccfc6d4b" outcome="Passed" testListId="8c84fa94-04c1-424b-9868-57a2d4851a1d" relativeResultsDirectory="a6181186-83c5-4063-8b54-38de6f6cc46d" />
    <UnitTestResult executionId="6ca154be-1da0-41df-a29b-4cd5163f058d" testId="21f4fb85-490c-f412-f853-5d0e63c9a5a9" testName="SGuard.Tests.IsGreaterThanTests.GreaterThanOrEqual_Generic_ReturnsTrue_WhenLeftIsGreaterOrEqual" computerName="pkrvm7jw40e0xgp" duration="00:00:00.0000692" startTime="2025-09-05T15:44:42.6894491+00:00" endTime="2025-09-05T15:44:42.6894491+00:00" testType="13cdc9d9-ddb5-4fa4-a97d-d965ccfc6d4b" outcome="Passed" testListId="8c84fa94-04c1-424b-9868-57a2d4851a1d" relativeResultsDirectory="6ca154be-1da0-41df-a29b-4cd5163f058d" />
    <UnitTestResult executionId="b619d6d3-0088-4d9a-8e1d-55cbfc32408f" testId="86647cbe-b0d5-cf88-ad0e-cadc66cc02b9" testName="SGuard.Tests.ExceptionActivatorTests.NullOrEmpty_WithNewableException_Throws_ForNullProperty" computerName="pkrvm7jw40e0xgp" duration="00:00:00.0029438" startTime="2025-09-05T15:44:42.6438027+00:00" endTime="2025-09-05T15:44:42.6438028+00:00" testType="13cdc9d9-ddb5-4fa4-a97d-d965ccfc6d4b" outcome="Passed" testListId="8c84fa94-04c1-424b-9868-57a2d4851a1d" relativeResultsDirectory="b619d6d3-0088-4d9a-8e1d-55cbfc32408f" />
    <UnitTestResult executionId="44a79053-d707-4cc2-b416-771d2ad55f5d" testId="0db32f4c-437f-e678-add1-e395878063e1" testName="SGuard.Tests.ThrowIfAnyTests.Any_WorksWithSingleElementCollection_NoMatch" computerName="pkrvm7jw40e0xgp" duration="00:00:00.0001923" startTime="2025-09-05T15:44:42.6597673+00:00" endTime="2025-09-05T15:44:42.6597674+00:00" testType="13cdc9d9-ddb5-4fa4-a97d-d965ccfc6d4b" outcome="Passed" testListId="8c84fa94-04c1-424b-9868-57a2d4851a1d" relativeResultsDirectory="44a79053-d707-4cc2-b416-771d2ad55f5d" />
    <UnitTestResult executionId="5b02d11a-9047-46e1-a3f0-104ff35485bf" testId="f2f9fcca-76b9-38d8-b20c-79e8c5c1bd80" testName="SGuard.Tests.ExceptionActivatorTests.NullOrEmpty_WithMismatchedCtorArgs_ThrowsInvalidOperationException" computerName="pkrvm7jw40e0xgp" duration="00:00:00.0006485" startTime="2025-09-05T15:44:42.6834601+00:00" endTime="2025-09-05T15:44:42.6834602+00:00" testType="13cdc9d9-ddb5-4fa4-a97d-d965ccfc6d4b" outcome="Passed" testListId="8c84fa94-04c1-424b-9868-57a2d4851a1d" relativeResultsDirectory="5b02d11a-9047-46e1-a3f0-104ff35485bf" />
    <UnitTestResult executionId="033dea14-d107-4eee-b31f-09a9cee2313e" testId="2f1cfd3e-0bd4-56b0-654c-81d9aea51b42" testName="SGuard.Tests.ThrowIfNullOrEmptyTests.NullOrEmpty_WithConstructorArgs_Valid_DoesNotThrow_AndReportsSuccess" computerName="pkrvm7jw40e0xgp" duration="00:00:00.0001352" startTime="2025-09-05T15:44:42.7483404+00:00" endTime="2025-09-05T15:44:42.7483405+00:00" testType="13cdc9d9-ddb5-4fa4-a97d-d965ccfc6d4b" outcome="Passed" testListId="8c84fa94-04c1-424b-9868-57a2d4851a1d" relativeResultsDirectory="033dea14-d107-4eee-b31f-09a9cee2313e" />
    <UnitTestResult executionId="38831020-c3c3-42ed-b259-34f6e5990aa6" testId="bf0d6919-564b-2592-95b7-3cc9a0f58e68" testName="SGuard.Tests.ThrowIfAnyTests.Any_DoesNotThrow_WhenSourceIsEmpty" computerName="pkrvm7jw40e0xgp" duration="00:00:00.0000985" startTime="2025-09-05T15:44:42.6504228+00:00" endTime="2025-09-05T15:44:42.6504229+00:00" testType="13cdc9d9-ddb5-4fa4-a97d-d965ccfc6d4b" outcome="Passed" testListId="8c84fa94-04c1-424b-9868-57a2d4851a1d" relativeResultsDirectory="38831020-c3c3-42ed-b259-34f6e5990aa6" />
    <UnitTestResult executionId="72b45810-4fb0-4f8e-ad25-082f4812a456" testId="5692c30a-d87f-64dd-5a70-df1255f89026" testName="SGuard.Tests.ThrowTests.That_ShouldThrow_TheSameInstance" computerName="pkrvm7jw40e0xgp" duration="00:00:00.0002473" startTime="2025-09-05T15:44:42.7804437+00:00" endTime="2025-09-05T15:44:42.7804437+00:00" testType="13cdc9d9-ddb5-4fa4-a97d-d965ccfc6d4b" outcome="Passed" testListId="8c84fa94-04c1-424b-9868-57a2d4851a1d" relativeResultsDirectory="72b45810-4fb0-4f8e-ad25-082f4812a456" />
    <UnitTestResult executionId="a396bec5-32f0-4931-9ac3-2b84d10c9b8e" testId="af409782-86f8-d689-7490-69694fc14f30" testName="SGuard.Tests.CallbacksTests.InlineCallback_ObservesSuccess_OnGuardPass" computerName="pkrvm7jw40e0xgp" duration="00:00:00.0001867" startTime="2025-09-05T15:44:42.6010676+00:00" endTime="2025-09-05T15:44:42.6010678+00:00" testType="13cdc9d9-ddb5-4fa4-a97d-d965ccfc6d4b" outcome="Passed" testListId="8c84fa94-04c1-424b-9868-57a2d4851a1d" relativeResultsDirectory="a396bec5-32f0-4931-9ac3-2b84d10c9b8e" />
    <UnitTestResult executionId="0ccc1da1-b0ac-4f7c-ac4b-897eff300176" testId="079880e5-c8fa-9d31-ca00-81ca5d5a0c7f" testName="SGuard.Tests.ThrowIfGreaterThanTests.GreaterThan_WithCrossComparable_ThrowsWhenGreater_AndReportsFailure" computerName="pkrvm7jw40e0xgp" duration="00:00:00.0006019" startTime="2025-09-05T15:44:42.6040818+00:00" endTime="2025-09-05T15:44:42.6040819+00:00" testType="13cdc9d9-ddb5-4fa4-a97d-d965ccfc6d4b" outcome="Passed" testListId="8c84fa94-04c1-424b-9868-57a2d4851a1d" relativeResultsDirectory="0ccc1da1-b0ac-4f7c-ac4b-897eff300176" />
    <UnitTestResult executionId="f53c2e00-cfe9-45a1-9b79-0e228aa56dbe" testId="1e14bc31-0aab-def9-77da-ba9da60349b3" testName="SGuard.Tests.ThrowIfBetweenTests.Between_String_WithConstructorArgs_WhenOutside_DoesNotThrow_AndReportsSuccess" computerName="pkrvm7jw40e0xgp" duration="00:00:00.0179283" startTime="2025-09-05T15:44:42.5594587+00:00" endTime="2025-09-05T15:44:42.5594587+00:00" testType="13cdc9d9-ddb5-4fa4-a97d-d965ccfc6d4b" outcome="Passed" testListId="8c84fa94-04c1-424b-9868-57a2d4851a1d" relativeResultsDirectory="f53c2e00-cfe9-45a1-9b79-0e228aa56dbe" />
    <UnitTestResult executionId="38b76ade-218b-47c8-940c-ca7989cff0ec" testId="37c5002b-19f4-dbbe-3db9-cf556ac3e79a" testName="SGuard.Tests.IsAnyTests.Any_WorksWithSingleElementCollection_Match" computerName="pkrvm7jw40e0xgp" duration="00:00:00.0001827" startTime="2025-09-05T15:44:42.7951155+00:00" endTime="2025-09-05T15:44:42.7951156+00:00" testType="13cdc9d9-ddb5-4fa4-a97d-d965ccfc6d4b" outcome="Passed" testListId="8c84fa94-04c1-424b-9868-57a2d4851a1d" relativeResultsDirectory="38b76ade-218b-47c8-940c-ca7989cff0ec" />
    <UnitTestResult executionId="154db1b7-1dac-4aa7-9fd8-860eb7862ed3" testId="3d571019-e839-5163-061a-f84667c54544" testName="SGuard.Tests.IsAnyTests.Any_WorksWithEnumerableRange" computerName="pkrvm7jw40e0xgp" duration="00:00:00.0002468" startTime="2025-09-05T15:44:42.7937021+00:00" endTime="2025-09-05T15:44:42.7937022+00:00" testType="13cdc9d9-ddb5-4fa4-a97d-d965ccfc6d4b" outcome="Passed" testListId="8c84fa94-04c1-424b-9868-57a2d4851a1d" relativeResultsDirectory="154db1b7-1dac-4aa7-9fd8-860eb7862ed3" />
    <UnitTestResult executionId="56c95a0a-a466-4d74-9d6c-abfd2949de47" testId="8c1a71af-90ac-bb57-e4b0-5350530cdbf5" testName="SGuard.Tests.IsAnyTests.Any_ThrowsArgumentNullException_WhenPredicateIsNull" computerName="pkrvm7jw40e0xgp" duration="00:00:00.0032740" startTime="2025-09-05T15:44:42.7928442+00:00" endTime="2025-09-05T15:44:42.7928442+00:00" testType="13cdc9d9-ddb5-4fa4-a97d-d965ccfc6d4b" outcome="Passed" testListId="8c84fa94-04c1-424b-9868-57a2d4851a1d" relativeResultsDirectory="56c95a0a-a466-4d74-9d6c-abfd2949de47" />
    <UnitTestResult executionId="bb5227d9-6447-4e15-891e-4fc2b054139e" testId="09e12398-79c4-974a-30c5-84624a773220" testName="SGuard.Tests.IsAnyTests.Any_CallbackInvokedOnlyOnce_EvenWithMultipleMatches" computerName="pkrvm7jw40e0xgp" duration="00:00:00.0003104" startTime="2025-09-05T15:44:42.7996119+00:00" endTime="2025-09-05T15:44:42.7996119+00:00" testType="13cdc9d9-ddb5-4fa4-a97d-d965ccfc6d4b" outcome="Passed" testListId="8c84fa94-04c1-424b-9868-57a2d4851a1d" relativeResultsDirectory="bb5227d9-6447-4e15-891e-4fc2b054139e" />
    <UnitTestResult executionId="09b1cfd4-0630-4eea-979f-6988495ac906" testId="f767c0f5-fd6f-6e55-3179-e2ef2a687ff7" testName="SGuard.Tests.ExceptionActivatorTests.Create_WithEmptyArgs_UsesParameterlessCtor" computerName="pkrvm7jw40e0xgp" duration="00:00:00.0001031" startTime="2025-09-05T15:44:42.6976456+00:00" endTime="2025-09-05T15:44:42.6976457+00:00" testType="13cdc9d9-ddb5-4fa4-a97d-d965ccfc6d4b" outcome="Passed" testListId="8c84fa94-04c1-424b-9868-57a2d4851a1d" relativeResultsDirectory="09b1cfd4-0630-4eea-979f-6988495ac906" />
    <UnitTestResult executionId="2b8d8e47-c612-41c5-b5eb-3e156d530aa4" testId="8870087a-d268-01ae-47e4-23bcbeef07a4" testName="SGuard.Tests.ThrowIfAnyTests.Any_ShortCircuits_WhenFirstElementMatches" computerName="pkrvm7jw40e0xgp" duration="00:00:00.0002886" startTime="2025-09-05T15:44:42.6499485+00:00" endTime="2025-09-05T15:44:42.6499486+00:00" testType="13cdc9d9-ddb5-4fa4-a97d-d965ccfc6d4b" outcome="Passed" testListId="8c84fa94-04c1-424b-9868-57a2d4851a1d" relativeResultsDirectory="2b8d8e47-c612-41c5-b5eb-3e156d530aa4" />
    <UnitTestResult executionId="9eabeb52-831b-4d7b-91f2-2662adb640fa" testId="65cefe8b-4fe2-3cfa-72ff-f2748e613e1c" testName="SGuard.Tests.IsAnyTests.Any_EvaluatesUntilMatch_WhenMatchInMiddle" computerName="pkrvm7jw40e0xgp" duration="00:00:00.0002045" startTime="2025-09-05T15:44:42.7993359+00:00" endTime="2025-09-05T15:44:42.7993359+00:00" testType="13cdc9d9-ddb5-4fa4-a97d-d965ccfc6d4b" outcome="Passed" testListId="8c84fa94-04c1-424b-9868-57a2d4851a1d" relativeResultsDirectory="9eabeb52-831b-4d7b-91f2-2662adb640fa" />
    <UnitTestResult executionId="01a38e7c-3590-4221-b2a6-53f8723b3b0f" testId="e4940242-9276-1c1e-8ba4-7890170cf104" testName="SGuard.Tests.IsNullOrEmptyTests.NullOrEmpty_WithDateTime_BehavesCorrectly" computerName="pkrvm7jw40e0xgp" duration="00:00:00.0008727" startTime="2025-09-05T15:44:42.7039284+00:00" endTime="2025-09-05T15:44:42.7039285+00:00" testType="13cdc9d9-ddb5-4fa4-a97d-d965ccfc6d4b" outcome="Passed" testListId="8c84fa94-04c1-424b-9868-57a2d4851a1d" relativeResultsDirectory="01a38e7c-3590-4221-b2a6-53f8723b3b0f" />
    <UnitTestResult executionId="cc8a5cab-12a8-4640-8614-1b6f539125c5" testId="b731cb19-3283-83f9-77ce-e4d204af8d75" testName="SGuard.Tests.IsNullOrEmptyTests.NullOrEmpty_WithGuid_BehavesCorrectly" computerName="pkrvm7jw40e0xgp" duration="00:00:00.0051112" startTime="2025-09-05T15:44:42.7195014+00:00" endTime="2025-09-05T15:44:42.7195015+00:00" testType="13cdc9d9-ddb5-4fa4-a97d-d965ccfc6d4b" outcome="Passed" testListId="8c84fa94-04c1-424b-9868-57a2d4851a1d" relativeResultsDirectory="cc8a5cab-12a8-4640-8614-1b6f539125c5" />
    <UnitTestResult executionId="671f862e-e7d4-4e28-8142-53e971e8ab7d" testId="720430b4-7b01-0b56-8f42-e48cfa4e6e2b" testName="SGuard.Tests.IsLessThanTests.LessThan_String_DoesNotThrow_WhenCallbackThrowsException" computerName="pkrvm7jw40e0xgp" duration="00:00:00.0002315" startTime="2025-09-05T15:44:42.7875351+00:00" endTime="2025-09-05T15:44:42.7875351+00:00" testType="13cdc9d9-ddb5-4fa4-a97d-d965ccfc6d4b" outcome="Passed" testListId="8c84fa94-04c1-424b-9868-57a2d4851a1d" relativeResultsDirectory="671f862e-e7d4-4e28-8142-53e971e8ab7d" />
    <UnitTestResult executionId="c630dad1-c055-4692-844e-7affd6c34d16" testId="4d08fa73-8cbd-33f1-65f8-4255ae853fa5" testName="SGuard.Tests.IsNullOrEmptyTests.NullOrEmpty_WithSelector_ReturnsFalse_WhenSelectedPropertyIsNotNull" computerName="pkrvm7jw40e0xgp" duration="00:00:00.0031514" startTime="2025-09-05T15:44:42.7744401+00:00" endTime="2025-09-05T15:44:42.7744402+00:00" testType="13cdc9d9-ddb5-4fa4-a97d-d965ccfc6d4b" outcome="Passed" testListId="8c84fa94-04c1-424b-9868-57a2d4851a1d" relativeResultsDirectory="c630dad1-c055-4692-844e-7affd6c34d16" />
    <UnitTestResult executionId="ff32bbca-f7be-468b-88dd-e173c54c2339" testId="e3ea673e-cac7-8b09-1fdd-8b12b656ec2f" testName="SGuard.Tests.IsAnyTests.Any_BehavesConsistentlyWithLinqAny_WhenMatch" computerName="pkrvm7jw40e0xgp" duration="00:00:00.0001979" startTime="2025-09-05T15:44:42.7946184+00:00" endTime="2025-09-05T15:44:42.7946184+00:00" testType="13cdc9d9-ddb5-4fa4-a97d-d965ccfc6d4b" outcome="Passed" testListId="8c84fa94-04c1-424b-9868-57a2d4851a1d" relativeResultsDirectory="ff32bbca-f7be-468b-88dd-e173c54c2339" />
    <UnitTestResult executionId="4d72f88c-3659-4fad-844d-e6bd99e3c91b" testId="92093101-8203-82ea-4df9-0cd98e575ef5" testName="SGuard.Tests.CallbacksTests.LessThan_WhenLeftNotLess_DoesNotThrow_And_OnSuccessRuns" computerName="pkrvm7jw40e0xgp" duration="00:00:00.0001651" startTime="2025-09-05T15:44:42.6094444+00:00" endTime="2025-09-05T15:44:42.6094445+00:00" testType="13cdc9d9-ddb5-4fa4-a97d-d965ccfc6d4b" outcome="Passed" testListId="8c84fa94-04c1-424b-9868-57a2d4851a1d" relativeResultsDirectory="4d72f88c-3659-4fad-844d-e6bd99e3c91b" />
    <UnitTestResult executionId="27f9e405-b198-4e94-b825-1a9c3b7ff138" testId="773608cd-1d6a-4f04-fa17-05f17b9a5e76" testName="SGuard.Tests.IsGreaterThanTests.GreaterThanOrEqual_Generic_InvokesCallback_AndIsSafe" computerName="pkrvm7jw40e0xgp" duration="00:00:00.0002821" startTime="2025-09-05T15:44:42.6829523+00:00" endTime="2025-09-05T15:44:42.6829524+00:00" testType="13cdc9d9-ddb5-4fa4-a97d-d965ccfc6d4b" outcome="Passed" testListId="8c84fa94-04c1-424b-9868-57a2d4851a1d" relativeResultsDirectory="27f9e405-b198-4e94-b825-1a9c3b7ff138" />
    <UnitTestResult executionId="74504e1e-506b-424f-961d-631ac122f49f" testId="08f088d2-b54c-fcd8-0514-ac1230c9075f" testName="SGuard.Tests.ExceptionActivatorTests.NullOrEmpty_WithNewableException_ThrowsArgumentNullException_ForNullSelector" computerName="pkrvm7jw40e0xgp" duration="00:00:00.0002005" startTime="2025-09-05T15:44:42.6453445+00:00" endTime="2025-09-05T15:44:42.6453446+00:00" testType="13cdc9d9-ddb5-4fa4-a97d-d965ccfc6d4b" outcome="Passed" testListId="8c84fa94-04c1-424b-9868-57a2d4851a1d" relativeResultsDirectory="74504e1e-506b-424f-961d-631ac122f49f" />
    <UnitTestResult executionId="1edcd8a9-dd7c-4ca0-9015-60641518fab4" testId="c5cc1719-c554-759f-64dc-414e6fc4d7b0" testName="SGuard.Tests.ThrowIfAnyTests.Any_InvokesCallback_WhenNoElementSatisfiesPredicate" computerName="pkrvm7jw40e0xgp" duration="00:00:00.0002487" startTime="2025-09-05T15:44:42.6494685+00:00" endTime="2025-09-05T15:44:42.6494685+00:00" testType="13cdc9d9-ddb5-4fa4-a97d-d965ccfc6d4b" outcome="Passed" testListId="8c84fa94-04c1-424b-9868-57a2d4851a1d" relativeResultsDirectory="1edcd8a9-dd7c-4ca0-9015-60641518fab4" />
    <UnitTestResult executionId="bc719b42-b2f9-458d-aa8d-1bc98afaf060" testId="46482351-e180-0c5f-dc0a-5a839f689bac" testName="SGuard.Tests.IsNullOrEmptyTests.NullOrEmpty_WithEmptyPrimitiveValues_ReturnsTrue(value: 0)" computerName="pkrvm7jw40e0xgp" duration="00:00:00.0000331" startTime="2025-09-05T15:44:42.7282521+00:00" endTime="2025-09-05T15:44:42.7282522+00:00" testType="13cdc9d9-ddb5-4fa4-a97d-d965ccfc6d4b" outcome="Passed" testListId="8c84fa94-04c1-424b-9868-57a2d4851a1d" relativeResultsDirectory="bc719b42-b2f9-458d-aa8d-1bc98afaf060" />
    <UnitTestResult executionId="5e5f92ff-652a-41f0-8036-f633dd031d4d" testId="4e06c0d7-9302-3b29-cb96-810b11b88418" testName="SGuard.Tests.ThrowIfGreaterThanTests.GreaterThan_WithGenericExceptionNew_ThrowsCustomException_AndReportsFailure" computerName="pkrvm7jw40e0xgp" duration="00:00:00.0003917" startTime="2025-09-05T15:44:42.5943725+00:00" endTime="2025-09-05T15:44:42.5943726+00:00" testType="13cdc9d9-ddb5-4fa4-a97d-d965ccfc6d4b" outcome="Passed" testListId="8c84fa94-04c1-424b-9868-57a2d4851a1d" relativeResultsDirectory="5e5f92ff-652a-41f0-8036-f633dd031d4d" />
    <UnitTestResult executionId="408d5c48-222a-4c88-8e30-f34dff2866db" testId="b0c7cfb8-c1e3-15fc-3492-3d7878f1be77" testName="SGuard.Tests.ThrowIfAnyTests.Any_Generic_ThrowsArgumentNullException_WhenExceptionIsNull" computerName="pkrvm7jw40e0xgp" duration="00:00:00.0003000" startTime="2025-09-05T15:44:42.6508663+00:00" endTime="2025-09-05T15:44:42.6508664+00:00" testType="13cdc9d9-ddb5-4fa4-a97d-d965ccfc6d4b" outcome="Passed" testListId="8c84fa94-04c1-424b-9868-57a2d4851a1d" relativeResultsDirectory="408d5c48-222a-4c88-8e30-f34dff2866db" />
    <UnitTestResult executionId="9e459767-5197-4b52-9f6a-8cfbff76e705" testId="a772a13f-73f2-b4bc-4825-5fb8677a1210" testName="SGuard.Tests.ThrowIfAnyTests.Any_Generic_ThrowsCustomException_WhenAnyElementSatisfiesPredicate" computerName="pkrvm7jw40e0xgp" duration="00:00:00.0047280" startTime="2025-09-05T15:44:42.6553167+00:00" endTime="2025-09-05T15:44:42.6553168+00:00" testType="13cdc9d9-ddb5-4fa4-a97d-d965ccfc6d4b" outcome="Passed" testListId="8c84fa94-04c1-424b-9868-57a2d4851a1d" relativeResultsDirectory="9e459767-5197-4b52-9f6a-8cfbff76e705" />
    <UnitTestResult executionId="df93e4f8-ac74-4524-b684-a04dc27fb8df" testId="1b357fc3-4ed4-c16c-7e68-9a58e6087658" testName="SGuard.Tests.ThrowIfLessThanTests.LessThanOrEqual_WithCustomExceptionInstance_ValidComparison_DoesNotThrow_AndReportsSuccess" computerName="pkrvm7jw40e0xgp" duration="00:00:00.0003790" startTime="2025-09-05T15:44:42.6573409+00:00" endTime="2025-09-05T15:44:42.6573410+00:00" testType="13cdc9d9-ddb5-4fa4-a97d-d965ccfc6d4b" outcome="Passed" testListId="8c84fa94-04c1-424b-9868-57a2d4851a1d" relativeResultsDirectory="df93e4f8-ac74-4524-b684-a04dc27fb8df" />
    <UnitTestResult executionId="a706c5a4-ce73-44ff-b732-b706868ec903" testId="d0e99266-6cb0-86c4-b776-f01412c4d069" testName="SGuard.Tests.ThrowIfNullOrEmptyTests.NullOrEmpty_WithConstructorArgs_Null_ThrowsCustomExceptionWithMessage_AndReportsFailure" computerName="pkrvm7jw40e0xgp" duration="00:00:00.0045305" startTime="2025-09-05T15:44:42.7053792+00:00" endTime="2025-09-05T15:44:42.7053792+00:00" testType="13cdc9d9-ddb5-4fa4-a97d-d965ccfc6d4b" outcome="Passed" testListId="8c84fa94-04c1-424b-9868-57a2d4851a1d" relativeResultsDirectory="a706c5a4-ce73-44ff-b732-b706868ec903" />
    <UnitTestResult executionId="a9fb2f27-0209-4d95-868a-4a5ab36d06d4" testId="3c4425bd-6136-1221-8dbe-16affb6603f3" testName="SGuard.Tests.IsGreaterThanTests.GreaterThan_Generic_DoesNotThrow_WhenCallbackThrows" computerName="pkrvm7jw40e0xgp" duration="00:00:00.0001789" startTime="2025-09-05T15:44:42.6875442+00:00" endTime="2025-09-05T15:44:42.6875443+00:00" testType="13cdc9d9-ddb5-4fa4-a97d-d965ccfc6d4b" outcome="Passed" testListId="8c84fa94-04c1-424b-9868-57a2d4851a1d" relativeResultsDirectory="a9fb2f27-0209-4d95-868a-4a5ab36d06d4" />
    <UnitTestResult executionId="02fed2c3-1458-4d1c-bc27-8dbef0bbab33" testId="1973e2d8-7db7-605d-9286-1dc2194488dd" testName="SGuard.Tests.ExceptionActivatorTests.NullOrEmpty_WithNewableException_Throws_ForNullRootValue" computerName="pkrvm7jw40e0xgp" duration="00:00:00.0003567" startTime="2025-09-05T15:44:42.6448161+00:00" endTime="2025-09-05T15:44:42.6448162+00:00" testType="13cdc9d9-ddb5-4fa4-a97d-d965ccfc6d4b" outcome="Passed" testListId="8c84fa94-04c1-424b-9868-57a2d4851a1d" relativeResultsDirectory="02fed2c3-1458-4d1c-bc27-8dbef0bbab33" />
    <UnitTestResult executionId="3aed1082-53e0-4030-bcb7-7886d2fec72f" testId="d2712d04-3e85-84f2-9bbf-5a3c19db7c00" testName="SGuard.Tests.IsAllTests.All_ThrowsArgumentNullException_WhenPredicateIsNull" computerName="pkrvm7jw40e0xgp" duration="00:00:00.0002211" startTime="2025-09-05T15:44:42.6204781+00:00" endTime="2025-09-05T15:44:42.6204782+00:00" testType="13cdc9d9-ddb5-4fa4-a97d-d965ccfc6d4b" outcome="Passed" testListId="8c84fa94-04c1-424b-9868-57a2d4851a1d" relativeResultsDirectory="3aed1082-53e0-4030-bcb7-7886d2fec72f" />
    <UnitTestResult executionId="9fe291dc-0bca-4e00-80d5-21362dc078e6" testId="dbc667cb-292c-cfb3-ef95-9e920e1fbeb3" testName="SGuard.Tests.ThrowIfGreaterThanTests.GreaterThan_WithGenericExceptionNew_ValidComparison_DoesNotThrow_AndReportsSuccess" computerName="pkrvm7jw40e0xgp" duration="00:00:00.0004456" startTime="2025-09-05T15:44:42.5847857+00:00" endTime="2025-09-05T15:44:42.5847858+00:00" testType="13cdc9d9-ddb5-4fa4-a97d-d965ccfc6d4b" outcome="Passed" testListId="8c84fa94-04c1-424b-9868-57a2d4851a1d" relativeResultsDirectory="9fe291dc-0bca-4e00-80d5-21362dc078e6" />
    <UnitTestResult executionId="4b87dcd4-191f-4d4f-a228-48a616f5ce55" testId="764e4242-2201-3698-99dd-ef4db4b640f6" testName="SGuard.Tests.ThrowIfLessThanTests.LessThanOrEqual_WithConstructorArgs_ThrowsCustomExceptionWithMessage_AndReportsFailure" computerName="pkrvm7jw40e0xgp" duration="00:00:00.0033888" startTime="2025-09-05T15:44:42.6548342+00:00" endTime="2025-09-05T15:44:42.6548343+00:00" testType="13cdc9d9-ddb5-4fa4-a97d-d965ccfc6d4b" outcome="Passed" testListId="8c84fa94-04c1-424b-9868-57a2d4851a1d" relativeResultsDirectory="4b87dcd4-191f-4d4f-a228-48a616f5ce55" />
    <UnitTestResult executionId="e41b3cd3-e4b3-44e9-971b-2c4519ba5ea1" testId="564ab518-fa82-2858-ba09-c4b0cce0c5fb" testName="SGuard.Tests.IsAnyTests.Any_HandlesVaryingCollectionSizes(source: [1, 2, 3, 4, 5])" computerName="pkrvm7jw40e0xgp" duration="00:00:00.0002041" startTime="2025-09-05T15:44:42.7904307+00:00" endTime="2025-09-05T15:44:42.7904308+00:00" testType="13cdc9d9-ddb5-4fa4-a97d-d965ccfc6d4b" outcome="Passed" testListId="8c84fa94-04c1-424b-9868-57a2d4851a1d" relativeResultsDirectory="e41b3cd3-e4b3-44e9-971b-2c4519ba5ea1" />
    <UnitTestResult executionId="76fc2d34-61db-4c73-8116-258ab242d721" testId="7cccb6f8-dfd7-0bad-08af-fad4589201fc" testName="SGuard.Tests.IsAnyTests.Any_ThrowsArgumentNullException_WhenSourceIsNull" computerName="pkrvm7jw40e0xgp" duration="00:00:00.0002541" startTime="2025-09-05T15:44:42.7925435+00:00" endTime="2025-09-05T15:44:42.7925436+00:00" testType="13cdc9d9-ddb5-4fa4-a97d-d965ccfc6d4b" outcome="Passed" testListId="8c84fa94-04c1-424b-9868-57a2d4851a1d" relativeResultsDirectory="76fc2d34-61db-4c73-8116-258ab242d721" />
    <UnitTestResult executionId="126d0edb-ce64-4539-9df0-ca9062deca4d" testId="4ba747f6-89e6-6e97-1be6-95e5f5041e11" testName="SGuard.Tests.IsNullOrEmptyTests.NullOrEmpty_WithTimeOnly_BehavesCorrectly" computerName="pkrvm7jw40e0xgp" duration="00:00:00.0010824" startTime="2025-09-05T15:44:42.7425538+00:00" endTime="2025-09-05T15:44:42.7425539+00:00" testType="13cdc9d9-ddb5-4fa4-a97d-d965ccfc6d4b" outcome="Passed" testListId="8c84fa94-04c1-424b-9868-57a2d4851a1d" relativeResultsDirectory="126d0edb-ce64-4539-9df0-ca9062deca4d" />
    <UnitTestResult executionId="ac7d8f27-161c-4b3d-9c0c-b813b702f0c9" testId="ba885a65-ed66-c1ae-4294-fbc055428141" testName="SGuard.Tests.ExceptionActivatorTests.NullOrEmpty_WithNewableException_DoesNotThrow_ForValidProperty" computerName="pkrvm7jw40e0xgp" duration="00:00:00.0139351" startTime="2025-09-05T15:44:42.6300667+00:00" endTime="2025-09-05T15:44:42.6300668+00:00" testType="13cdc9d9-ddb5-4fa4-a97d-d965ccfc6d4b" outcome="Passed" testListId="8c84fa94-04c1-424b-9868-57a2d4851a1d" relativeResultsDirectory="ac7d8f27-161c-4b3d-9c0c-b813b702f0c9" />
    <UnitTestResult executionId="596748c3-f264-410d-a688-189586dd5188" testId="3dc744b4-0f02-dfd0-4f92-80f70a2384a4" testName="SGuard.Tests.ThrowIfGreaterThanTests.GreaterThanOrEqual_WithCustomExceptionInstance_ThrowsGivenException_AndReportsFailure" computerName="pkrvm7jw40e0xgp" duration="00:00:00.0002827" startTime="2025-09-05T15:44:42.6061399+00:00" endTime="2025-09-05T15:44:42.6061399+00:00" testType="13cdc9d9-ddb5-4fa4-a97d-d965ccfc6d4b" outcome="Passed" testListId="8c84fa94-04c1-424b-9868-57a2d4851a1d" relativeResultsDirectory="596748c3-f264-410d-a688-189586dd5188" />
    <UnitTestResult executionId="6561aad5-7e6e-4a7f-b409-f81b24c1dc05" testId="55c9b8b0-d38c-1f79-6a84-a85e24a051bc" testName="SGuard.Tests.ThrowTests.LessThanException_ShouldThrow_TypeAndNonEmptyMessage" computerName="pkrvm7jw40e0xgp" duration="00:00:00.0002247" startTime="2025-09-05T15:44:42.7790641+00:00" endTime="2025-09-05T15:44:42.7790642+00:00" testType="13cdc9d9-ddb5-4fa4-a97d-d965ccfc6d4b" outcome="Passed" testListId="8c84fa94-04c1-424b-9868-57a2d4851a1d" relativeResultsDirectory="6561aad5-7e6e-4a7f-b409-f81b24c1dc05" />
[...]
    <TestEntry testId="e19ca166-41e3-64a7-8340-e8345e961ecb" executionId="f3d1193d-b2e8-4710-a7a8-849a34db1efc" testListId="8c84fa94-04c1-424b-9868-57a2d4851a1d" />
    <TestEntry testId="0baef117-6ccd-1a90-e98d-e63b079c8913" executionId="eb57b2ca-dbf7-4b92-8ca8-c7936294a4b4" testListId="8c84fa94-04c1-424b-9868-57a2d4851a1d" />
    <TestEntry testId="41d41601-d1e9-1d8e-a897-cc87211fe7e0" executionId="a2612423-a2c5-4273-bbae-2f11af66b01d" testListId="8c84fa94-04c1-424b-9868-57a2d4851a1d" />
    <TestEntry testId="440fd5d2-6919-2031-bd8b-d931af755ff3" executionId="81b523c5-88ee-4e88-9937-1903661263c9" testListId="8c84fa94-04c1-424b-9868-57a2d4851a1d" />
    <TestEntry testId="2addfd9f-e5dc-afc4-e93b-f4300f0071e1" executionId="0661c877-8f89-4559-b943-15778b9492ec" testListId="8c84fa94-04c1-424b-9868-57a2d4851a1d" />
    <TestEntry testId="defd3b89-52a6-5a92-e859-fd769e0bf9bb" executionId="c3077ed0-c9f0-44ae-9ced-0d2d645ee08e" testListId="8c84fa94-04c1-424b-9868-57a2d4851a1d" />
    <TestEntry testId="dc7c0084-e799-2d7d-0fa0-5239221eb597" executionId="d4e8ddb5-5658-4738-b2c6-1c05a935dcb0" testListId="8c84fa94-04c1-424b-9868-57a2d4851a1d" />
    <TestEntry testId="3628367c-8ddd-33ed-0f8c-62c3a4a9d2d0" executionId="907e573c-a75c-486b-9185-9526e3f8ad92" testListId="8c84fa94-04c1-424b-9868-57a2d4851a1d" />
    <TestEntry testId="ef22f964-aae4-d8b0-0c64-95e6cff47005" executionId="da228ff8-e5e9-419b-af04-80c1b6379438" testListId="8c84fa94-04c1-424b-9868-57a2d4851a1d" />
    <TestEntry testId="56229633-eaa4-8b57-1bf3-5f95bb3d59cc" executionId="11f01017-975e-4ea5-ab04-0e396cac28ae" testListId="8c84fa94-04c1-424b-9868-57a2d4851a1d" />
    <TestEntry testId="61d4a353-df39-c6cd-d2b2-5f3507b54fde" executionId="b4e0ce56-7aaa-4cab-9147-0e02c2dbd40d" testListId="8c84fa94-04c1-424b-9868-57a2d4851a1d" />
    <TestEntry testId="5997048a-acdb-c5cd-52e7-495811be8252" executionId="51469bab-590f-44be-9ad9-ad53b79dc452" testListId="8c84fa94-04c1-424b-9868-57a2d4851a1d" />
    <TestEntry testId="5563d158-75a6-ee6c-1d2c-746597a2e48d" executionId="12f67677-c3e5-4cd4-966f-c45e06e5b1f9" testListId="8c84fa94-04c1-424b-9868-57a2d4851a1d" />
    <TestEntry testId="c6f0093c-0f62-b75a-a690-1608ce8e4372" executionId="8dc1b03f-3e10-4ba5-b37d-790923dcd555" testListId="8c84fa94-04c1-424b-9868-57a2d4851a1d" />
    <TestEntry testId="1374d772-8f20-7d89-1ddd-ca0d54260620" executionId="76bd981e-181e-4028-b727-c37eaf7f0111" testListId="8c84fa94-04c1-424b-9868-57a2d4851a1d" />
    <TestEntry testId="741251e3-2a59-f71a-3d94-1bd15757b3cc" executionId="6022b18d-0260-479e-8b19-d79a09f89499" testListId="8c84fa94-04c1-424b-9868-57a2d4851a1d" />
    <TestEntry testId="e73c0c6e-cc56-a7b6-8a00-349d47c2de41" executionId="5fd70f7c-73e3-41fb-9957-34186a10e70f" testListId="8c84fa94-04c1-424b-9868-57a2d4851a1d" />
    <TestEntry testId="73fd163e-03ce-9885-73bd-ccea82bef36b" executionId="a51636ee-34d4-410a-9bcb-b2c0db5249b0" testListId="8c84fa94-04c1-424b-9868-57a2d4851a1d" />
    <TestEntry testId="97b64aff-0e68-2cc2-ec09-7ae30fa3e6b5" executionId="8886975b-1220-4e36-ba4b-5b674a970307" testListId="8c84fa94-04c1-424b-9868-57a2d4851a1d" />
    <TestEntry testId="d03bb33e-921b-b106-8300-02a526c92e5c" executionId="9efd2fc5-6c50-4f4b-9f62-1111ea574237" testListId="8c84fa94-04c1-424b-9868-57a2d4851a1d" />
    <TestEntry testId="565ebfe9-76fa-5c16-d7eb-fd83892fd67e" executionId="c8c6b5f9-4573-43b3-958f-7d4d7a03161e" testListId="8c84fa94-04c1-424b-9868-57a2d4851a1d" />
    <TestEntry testId="b87ff800-ad09-f15e-8333-b0ebf578408e" executionId="49263239-6bbf-40c8-a138-b59467b6491e" testListId="8c84fa94-04c1-424b-9868-57a2d4851a1d" />
    <TestEntry testId="c93d839f-712e-2619-a0be-a33bd3e5bca2" executionId="3f6135bc-42a1-4689-aea6-e513a4cc6dac" testListId="8c84fa94-04c1-424b-9868-57a2d4851a1d" />
    <TestEntry testId="062555d0-7ced-c0f6-64e8-b4583c6ced47" executionId="e38a69fc-4af5-4b32-9412-4a96e528e5ce" testListId="8c84fa94-04c1-424b-9868-57a2d4851a1d" />
    <TestEntry testId="ca03bac3-51a1-f2bd-c6cf-70aa12610754" executionId="8db3a76a-978f-4309-b060-0a09f4fbc68c" testListId="8c84fa94-04c1-424b-9868-57a2d4851a1d" />
    <TestEntry testId="b380542d-bd97-de05-81b8-f313f16b5ca0" executionId="699427ba-0b4a-4e64-b413-e474a2b2a24c" testListId="8c84fa94-04c1-424b-9868-57a2d4851a1d" />
    <TestEntry testId="40b66eee-2956-4409-01b9-fc2425e8ebd5" executionId="064be265-77df-4c3c-ace5-92f76770650e" testListId="8c84fa94-04c1-424b-9868-57a2d4851a1d" />
    <TestEntry testId="7aaf70ba-0461-04f0-45ad-e931704d574e" executionId="171ebb1d-6e84-4611-ba72-95ca074008ca" testListId="8c84fa94-04c1-424b-9868-57a2d4851a1d" />
    <TestEntry testId="3070c229-f70e-5d33-45cd-1d0893ebe57a" executionId="1cafc393-3660-4657-b8da-f7ed349e7a60" testListId="8c84fa94-04c1-424b-9868-57a2d4851a1d" />
    <TestEntry testId="d9b7bdd6-9647-5c48-f63d-89947ef99bbe" executionId="fa87983a-72e3-4762-8b41-566cd6d8cb46" testListId="8c84fa94-04c1-424b-9868-57a2d4851a1d" />
    <TestEntry testId="cf5e7c1c-a1c8-9a39-5f07-b8324ed6b08d" executionId="941d3869-9abd-4855-b9b6-16adb60a1971" testListId="8c84fa94-04c1-424b-9868-57a2d4851a1d" />
    <TestEntry testId="d7f95cea-f1e3-f847-cf33-742cb3851a8f" executionId="37a2a63d-3354-4e35-9f35-3e7ddb85b1c5" testListId="8c84fa94-04c1-424b-9868-57a2d4851a1d" />
    <TestEntry testId="4e39020e-7feb-7aec-e23f-230dd68dfeac" executionId="5bcaea0c-7e8d-44ff-8391-60ae6a4a6b7c" testListId="8c84fa94-04c1-424b-9868-57a2d4851a1d" />
    <TestEntry testId="b55db27e-5201-09b0-9318-bbde23d5e4d2" executionId="54245568-c183-4eca-b187-74af36eecbc0" testListId="8c84fa94-04c1-424b-9868-57a2d4851a1d" />
    <TestEntry testId="d62dce76-d7c9-2bc4-9943-f24e12d5ce16" executionId="e9b30277-3dce-4340-8415-e309e7ae1c1c" testListId="8c84fa94-04c1-424b-9868-57a2d4851a1d" />
    <TestEntry testId="c348cb73-e414-9eec-907f-df0914cb6573" executionId="7e3d070b-9c74-4229-aa52-d595797ddfe2" testListId="8c84fa94-04c1-424b-9868-57a2d4851a1d" />
    <TestEntry testId="d09d7b73-d178-c57d-2a8f-753260273435" executionId="f42b3cb0-6f68-4be0-b828-9e8026ceff50" testListId="8c84fa94-04c1-424b-9868-57a2d4851a1d" />
    <TestEntry testId="998fdac6-3d99-07e5-9f06-a810de0572bc" executionId="481cfc0f-0d0f-4870-bfe2-d90a3949c5be" testListId="8c84fa94-04c1-424b-9868-57a2d4851a1d" />
    <TestEntry testId="6a9836a2-a8ae-0b87-bd8e-8c1b6ea7641f" executionId="4a0e06c9-c18d-4b40-9e52-6b51e6f8b701" testListId="8c84fa94-04c1-424b-9868-57a2d4851a1d" />
    <TestEntry testId="4f57a849-5da8-43e9-f5da-2fe84dd88dd8" executionId="f85ede1a-c1ef-4a7f-93b9-1ca009f5091f" testListId="8c84fa94-04c1-424b-9868-57a2d4851a1d" />
    <TestEntry testId="ddfc90c2-f211-28ed-74e1-ec6c1fe1a19d" executionId="97d5427b-9ed9-40d6-bc08-3ea1809ba892" testListId="8c84fa94-04c1-424b-9868-57a2d4851a1d" />
    <TestEntry testId="4f918dae-6468-d47e-b149-bce60032a0c7" executionId="cca25f62-efae-4c92-8791-95268be28dd1" testListId="8c84fa94-04c1-424b-9868-57a2d4851a1d" />
    <TestEntry testId="3eb0089d-1cb1-552f-ddd8-45d4e5c87947" executionId="8acb0c9c-0cf9-4895-a439-f15d050a5f3b" testListId="8c84fa94-04c1-424b-9868-57a2d4851a1d" />
    <TestEntry testId="479e6d39-69e7-1d9b-ab0f-05c799adf36e" executionId="42119194-882c-4656-9bda-c82d869b1e4a" testListId="8c84fa94-04c1-424b-9868-57a2d4851a1d" />
    <TestEntry testId="fbbef4ab-fb6a-38aa-f474-b8e0d8306165" executionId="9feefafc-ab12-4cbe-90d2-acb27d706336" testListId="8c84fa94-04c1-424b-9868-57a2d4851a1d" />
    <TestEntry testId="a9f834b7-1acf-aaa7-dabd-9f158fb2d470" executionId="891baffc-bb51-4c90-9fa8-b24a6c88fa82" testListId="8c84fa94-04c1-424b-9868-57a2d4851a1d" />
    <TestEntry testId="27874e08-0f78-0d17-fc9a-5f2316eedd07" executionId="3aec151f-50bb-4656-8cb4-4f3a2d130936" testListId="8c84fa94-04c1-424b-9868-57a2d4851a1d" />
    <TestEntry testId="9f582088-ecf6-f75c-a02f-4e66c1db9283" executionId="14eaf996-bff4-416f-bc0e-2180ed51a5df" testListId="8c84fa94-04c1-424b-9868-57a2d4851a1d" />
    <TestEntry testId="d0056a45-73bb-3261-965f-c5088ecb5d23" executionId="87b4ab8a-9481-4db2-8864-88084cd097d0" testListId="8c84fa94-04c1-424b-9868-57a2d4851a1d" />
    <TestEntry testId="71788b71-987c-0135-c142-2952a2192b3f" executionId="2f0d4d59-6e65-4027-b5c5-08f53e203481" testListId="8c84fa94-04c1-424b-9868-57a2d4851a1d" />
    <TestEntry testId="ee0f0ac0-5781-6954-5abc-d1df6ad0827b" executionId="a6705163-a17a-43ac-86d9-a0d3894c28a7" testListId="8c84fa94-04c1-424b-9868-57a2d4851a1d" />
    <TestEntry testId="43b61aa1-541b-4df9-cc85-91d6d6aeceb4" executionId="2f06af59-ce30-43aa-8bee-9968d3cf22b5" testListId="8c84fa94-04c1-424b-9868-57a2d4851a1d" />
    <TestEntry testId="55e0b209-28a4-19a2-cca9-6be791ed48b1" executionId="74d9d2ed-f8a6-4200-ad3e-454ff518c01c" testListId="8c84fa94-04c1-424b-9868-57a2d4851a1d" />
    <TestEntry testId="2f099bd0-ed19-4f74-f2c3-e5e004b9be5f" executionId="4d567c8f-4b31-400f-93a1-432e37f43414" testListId="8c84fa94-04c1-424b-9868-57a2d4851a1d" />
    <TestEntry testId="0cb9e528-2404-77e1-0bc9-84af204ae230" executionId="4a922255-a870-47eb-a4f8-f8d8110eef84" testListId="8c84fa94-04c1-424b-9868-57a2d4851a1d" />
    <TestEntry testId="4e34b661-f28f-aa24-e3d8-57f9c20fee11" executionId="2752e01d-dd62-449c-acf4-7c73e510a55a" testListId="8c84fa94-04c1-424b-9868-57a2d4851a1d" />
    <TestEntry testId="38a5bf06-715c-6b1b-556c-b9af300d099b" executionId="e7710544-8a7f-45e1-95d1-88fcb80b371a" testListId="8c84fa94-04c1-424b-9868-57a2d4851a1d" />
    <TestEntry testId="2a4bb9cd-984d-6935-3483-50a33aea74b7" executionId="141edb37-fa61-4d7b-b4ca-6dd9c7e09625" testListId="8c84fa94-04c1-424b-9868-57a2d4851a1d" />
    <TestEntry testId="ef5b815d-11c0-146c-d4b8-595bf02c3262" executionId="f7da6eef-03c3-4808-a568-f5f132a409bf" testListId="8c84fa94-04c1-424b-9868-57a2d4851a1d" />
    <TestEntry testId="029deeb9-8342-10bb-f796-44e03552dc53" executionId="1d4806bf-7908-4f0a-bdc9-da101076d2c0" testListId="8c84fa94-04c1-424b-9868-57a2d4851a1d" />
    <TestEntry testId="a92ced1a-b035-bf7f-3b53-1c11cdcd29c0" executionId="8fa74fb4-bb02-4fb8-92d9-a9cafd318a18" testListId="8c84fa94-04c1-424b-9868-57a2d4851a1d" />
    <TestEntry testId="f7a56a5f-9eaf-266a-ed36-112ce6c8253b" executionId="6ec8d625-cfb3-44e2-8820-6247d3a3048b" testListId="8c84fa94-04c1-424b-9868-57a2d4851a1d" />
    <TestEntry testId="2e19e59f-f5ad-74ba-590a-3bfca62a650e" executionId="6a8a4d8c-ac3a-4ae3-b13f-0d03f5085898" testListId="8c84fa94-04c1-424b-9868-57a2d4851a1d" />
    <TestEntry testId="9ee299bf-5607-c532-9af4-6d5aeb5fc87e" executionId="48826358-0523-4733-a9e1-fdba5358f241" testListId="8c84fa94-04c1-424b-9868-57a2d4851a1d" />
    <TestEntry testId="904a7c8c-7b5a-4514-9b5d-f25b4f48a2a1" executionId="61c6d639-d0da-4a9c-9169-5498d312e0ba" testListId="8c84fa94-04c1-424b-9868-57a2d4851a1d" />
    <TestEntry testId="97122ee6-6223-f89c-7dc9-bcfe2aa39e46" executionId="81c5fa5f-2a06-40f3-af50-22a1f16a991a" testListId="8c84fa94-04c1-424b-9868-57a2d4851a1d" />
    <TestEntry testId="3abf9f8b-ada3-f4fc-858a-827c0323b193" executionId="93a0772b-e111-4020-b635-9a8307b34ce8" testListId="8c84fa94-04c1-424b-9868-57a2d4851a1d" />
    <TestEntry testId="f42eaaf9-3d4b-d8de-0fd7-a8e26ca55077" executionId="4ca4a6fb-3123-45bb-9c87-572a62bd75ad" testListId="8c84fa94-04c1-424b-9868-57a2d4851a1d" />
    <TestEntry testId="9c93f418-3c3a-f642-ce9c-df92705905f1" executionId="e8ee701c-c185-4dc1-9755-6b848eeda63b" testListId="8c84fa94-04c1-424b-9868-57a2d4851a1d" />
    <TestEntry testId="731f9c2e-66de-c038-f967-477feea8d5f3" executionId="86540174-1735-48b1-88db-8cf90419032a" testListId="8c84fa94-04c1-424b-9868-57a2d4851a1d" />
    <TestEntry testId="fe385de0-07df-3876-d422-b14e7a5b0612" executionId="f9dd89a6-db16-4971-abfe-0687653d451b" testListId="8c84fa94-04c1-424b-9868-57a2d4851a1d" />
    <TestEntry testId="ac12b91a-527b-bb80-69c7-66a573ec39bc" executionId="a0a8ab0b-2f84-4c3c-9c65-9bac8e36b78c" testListId="8c84fa94-04c1-424b-9868-57a2d4851a1d" />
    <TestEntry testId="4d8f11a2-e004-866f-6932-ba7df570fed8" executionId="b9910c6b-c6f2-4c98-af9c-4ce0db1d5af0" testListId="8c84fa94-04c1-424b-9868-57a2d4851a1d" />
    <TestEntry testId="356f8982-6811-089b-31d8-253c2aed6021" executionId="2cec8217-2741-4d97-bf3b-1361940e1bd8" testListId="8c84fa94-04c1-424b-9868-57a2d4851a1d" />
    <TestEntry testId="397749dd-34cf-ab82-b0a5-d1da66986768" executionId="202aabf6-f84a-4587-a84e-c417ec83af23" testListId="8c84fa94-04c1-424b-9868-57a2d4851a1d" />
    <TestEntry testId="d7b48ef2-61c1-5017-f319-e6549ecb1218" executionId="a2992e2f-e200-4975-b19e-b4618a85098c" testListId="8c84fa94-04c1-424b-9868-57a2d4851a1d" />
    <TestEntry testId="73c6c696-4319-7b8b-d7a4-f8953c691d56" executionId="d469a360-d318-495f-9a3e-6e90cedf863a" testListId="8c84fa94-04c1-424b-9868-57a2d4851a1d" />
    <TestEntry testId="d72c88d9-3df3-1572-5bd6-95f9cbdf73c0" executionId="2b2fa9a8-0782-4b0d-82f8-9b0bba0396e4" testListId="8c84fa94-04c1-424b-9868-57a2d4851a1d" />
    <TestEntry testId="6902f996-6544-88f4-7dec-22420cfe3c13" executionId="5fd84ab3-baf2-4b0e-997c-5245eceee1c8" testListId="8c84fa94-04c1-424b-9868-57a2d4851a1d" />
    <TestEntry testId="70f175c2-220a-c78b-79b4-b398973ac52f" executionId="0ea83666-4e72-4599-a876-c495b043b7a8" testListId="8c84fa94-04c1-424b-9868-57a2d4851a1d" />
    <TestEntry testId="ce9dc90f-67d6-a1e6-850b-4dda695455a8" executionId="66d2482c-934a-42d4-a13f-6b34d8e2011a" testListId="8c84fa94-04c1-424b-9868-57a2d4851a1d" />
    <TestEntry testId="01c71567-141c-0f8b-1546-b0a7b26e154f" executionId="82e3b338-a65e-43ba-92ad-7229e82afec4" testListId="8c84fa94-04c1-424b-9868-57a2d4851a1d" />
    <TestEntry testId="2431d2cd-c5c7-7862-bdcc-ba24c3e55f9e" executionId="1d90fb05-bbdb-4dd9-bdb8-d8e83b5eb46a" testListId="8c84fa94-04c1-424b-9868-57a2d4851a1d" />
    <TestEntry testId="0b41c63d-401d-2ab1-2d44-8175fff2f386" executionId="b098b04b-32ba-4074-ad2c-ebcae1437865" testListId="8c84fa94-04c1-424b-9868-57a2d4851a1d" />
    <TestEntry testId="a32c5e66-4985-4001-0659-b41c7214e202" executionId="0af657cf-a9e5-42b4-a807-001477a5f53e" testListId="8c84fa94-04c1-424b-9868-57a2d4851a1d" />
    <TestEntry testId="fc5543e1-9eff-430a-a41a-7cbc09b8d331" executionId="cc6c6e22-19fd-4853-9f01-dd19796734c7" testListId="8c84fa94-04c1-424b-9868-57a2d4851a1d" />
    <TestEntry testId="5dc01a43-0b74-3a22-6a3e-6cae980209c1" executionId="28fe8ace-8e19-4396-92fe-06fca8ce6705" testListId="8c84fa94-04c1-424b-9868-57a2d4851a1d" />
    <TestEntry testId="5d01b613-7cce-78be-304f-7549abdce696" executionId="98f5d6e8-9ad2-4d4f-80f4-c345e9e1624a" testListId="8c84fa94-04c1-424b-9868-57a2d4851a1d" />
    <TestEntry testId="d70dbf64-8b38-d683-d298-7bfc6378ccc8" executionId="2eaca00d-0238-4054-8acc-f9fbe1f104d8" testListId="8c84fa94-04c1-424b-9868-57a2d4851a1d" />
    <TestEntry testId="d6c37348-26db-99c0-043d-8e75aa667dca" executionId="1ea33bac-8570-43a2-9cd8-debd6927883a" testListId="8c84fa94-04c1-424b-9868-57a2d4851a1d" />
    <TestEntry testId="be7e8d84-cf6f-319c-3146-bc5b6a736bbb" executionId="7b20037e-583d-44d5-8533-cfdf67cc869f" testListId="8c84fa94-04c1-424b-9868-57a2d4851a1d" />
    <TestEntry testId="99beb280-dd4e-ffc7-1f72-fc65ba0a400f" executionId="afe16c12-fc7f-4a46-94d3-b7010ea7ca5a" testListId="8c84fa94-04c1-424b-9868-57a2d4851a1d" />
    <TestEntry testId="bfba354a-d332-43d6-bb7c-5cbd6a586708" executionId="513debf6-f9eb-4c9a-93a6-3ef16f83b7ff" testListId="8c84fa94-04c1-424b-9868-57a2d4851a1d" />
    <TestEntry testId="d51e01aa-ecc3-e63e-077f-cf1e8da44c94" executionId="7fe9c9ca-65b2-496f-bf09-03d0cb8a28cc" testListId="8c84fa94-04c1-424b-9868-57a2d4851a1d" />
    <TestEntry testId="307d1d9a-0b30-45d2-44b6-47365e0c123e" executionId="aeee5d52-3ff2-4f3b-9318-16a7be844071" testListId="8c84fa94-04c1-424b-9868-57a2d4851a1d" />
    <TestEntry testId="cf9c597b-9385-40d0-4830-a0f5664a7a5f" executionId="78b74012-0b75-465c-8655-3a8a0acf034f" testListId="8c84fa94-04c1-424b-9868-57a2d4851a1d" />
    <TestEntry testId="4033c77f-698a-194b-b663-7b2d2b2e4164" executionId="af409043-a084-4f5c-8486-ae607a3c564e" testListId="8c84fa94-04c1-424b-9868-57a2d4851a1d" />
    <TestEntry testId="506bc6aa-d8e6-c083-cfc9-b22459bd8830" executionId="7a2e4b3f-1378-442a-8198-b9d2dea49b19" testListId="8c84fa94-04c1-424b-9868-57a2d4851a1d" />
    <TestEntry testId="f9585e45-a286-ec05-d4f1-146858fb1f36" executionId="fbea2b08-b343-4245-ab77-f7505c81d17a" testListId="8c84fa94-04c1-424b-9868-57a2d4851a1d" />
    <TestEntry testId="ab30e3fb-dba6-5a7d-a7ca-4bcec96fc9b9" executionId="df4a348c-0bc9-4208-8981-479389d20519" testListId="8c84fa94-04c1-424b-9868-57a2d4851a1d" />
    <TestEntry testId="9a53cf75-ad96-4044-06c0-c548cb5169ef" executionId="d4234a6c-95fc-40c5-98eb-8e4a6acc8db0" testListId="8c84fa94-04c1-424b-9868-57a2d4851a1d" />
    <TestEntry testId="b456ac19-6ef9-6bd5-7a9a-b55b3a8cef1f" executionId="e8336a4c-3e63-4aa4-9b85-aec0066384f4" testListId="8c84fa94-04c1-424b-9868-57a2d4851a1d" />
    <TestEntry testId="048acfce-5ea4-197d-e881-cb2f14d2ce66" executionId="fc5288a5-1f59-4405-9377-5c6b2179bc44" testListId="8c84fa94-04c1-424b-9868-57a2d4851a1d" />
    <TestEntry testId="1ec20bc0-751e-147b-c8fa-797f74a6d342" executionId="7c654e55-df28-4e83-9fc7-312cfcabcfde" testListId="8c84fa94-04c1-424b-9868-57a2d4851a1d" />
    <TestEntry testId="be705267-28ce-b6d9-4a32-1b1e43ccab59" executionId="b8f11496-4bc6-46be-9c2f-13ea49718236" testListId="8c84fa94-04c1-424b-9868-57a2d4851a1d" />
    <TestEntry testId="f9ddd0eb-920c-0d96-6265-cf23b042a9d5" executionId="11603149-8f8c-4b8c-8487-9b6d77252a0f" testListId="8c84fa94-04c1-424b-9868-57a2d4851a1d" />
    <TestEntry testId="1281c5b2-7f1e-5db2-6b73-eb4edd60e7b3" executionId="0cbb6530-0dde-49e5-9edc-29ca8372885b" testListId="8c84fa94-04c1-424b-9868-57a2d4851a1d" />
    <TestEntry testId="0feb524e-dfa6-e403-36df-e3027a1108a0" executionId="3fe0a4c2-7e38-4a5b-b656-07e928a09ab7" testListId="8c84fa94-04c1-424b-9868-57a2d4851a1d" />
    <TestEntry testId="b0695f88-8177-b572-c6ff-c4fb49cf8772" executionId="d368ae7b-bd96-4c8f-b106-533e4ecd5c6d" testListId="8c84fa94-04c1-424b-9868-57a2d4851a1d" />
    <TestEntry testId="9d2b7e8d-fffd-8c13-36e3-d1662cd4ad53" executionId="3a9bf77e-8274-44fd-b5db-2ecaa501b64f" testListId="8c84fa94-04c1-424b-9868-57a2d4851a1d" />
    <TestEntry testId="5dccaaa6-874f-1cbd-e0f3-be71aae24b46" executionId="231a067a-ffd8-4a99-809f-65e6eebae0db" testListId="8c84fa94-04c1-424b-9868-57a2d4851a1d" />
    <TestEntry testId="51ac9ed0-a005-3680-f64c-2680dae1e873" executionId="b6c47dc7-f515-4084-ac9f-10741f3c9746" testListId="8c84fa94-04c1-424b-9868-57a2d4851a1d" />
  </TestEntries>
  <TestLists>
    <TestList name="Results Not in a List" id="8c84fa94-04c1-424b-9868-57a2d4851a1d" />
    <TestList name="All Loaded Results" id="19431567-8539-422a-85d7-44ee4e166bda" />
  </TestLists>
  <ResultSummary outcome="Completed">
    <Counters total="367" executed="367" passed="367" failed="0" error="0" timeout="0" aborted="0" inconclusive="0" passedButRunAborted="0" notRunnable="0" notExecuted="0" disconnected="0" warning="0" completed="0" inProgress="0" pending="0" />
    <Output>
      <StdOut>[xUnit.net 00:00:00.00] xUnit.net VSTest Adapter v2.8.2+699d445a1a (64-bit .NET 9.0.8)
[xUnit.net 00:00:00.13]   Discovering: SGuard.Tests
[xUnit.net 00:00:00.28]   Discovered:  SGuard.Tests
[xUnit.net 00:00:00.28]   Starting:    SGuard.Tests
[xUnit.net 00:00:00.80]   Finished:    SGuard.Tests
</StdOut>
    </Output>
    <CollectorDataEntries>
      <Collector agentName="pkrvm7jw40e0xgp" uri="datacollector://microsoft/CoverletCodeCoverage/1.0" collectorDisplayName="XPlat code coverage">
        <UriAttachments>
          <UriAttachment>
            <A href="pkrvm7jw40e0xgp/coverage.cobertura[1].xml"></A>
          </UriAttachment>
          <UriAttachment>
            <A href="pkrvm7jw40e0xgp/coverage[1].info"></A>
          </UriAttachment>
          <UriAttachment>
            <A href="pkrvm7jw40e0xgp/coverage.opencover[1].xml"></A>
          </UriAttachment>
        </UriAttachments>
      </Collector>
    </CollectorDataEntries>
  </ResultSummary>
</TestRun>